2022/8/10 上午 12:10:28 : SELECT     a.MemberSN,     a.UserId,     a.CName FROM     Member a with (nolock) WHERE     1=1 ORDER BY 1 OFFSET 0 ROWS FETCH FIRST 5 ROWS ONLY : 無效的物件名稱 'Member'。
2022/8/10 上午 12:10:29 : SELECT COUNT(*) FROM (SELECT * FROM (SELECT     a.MemberSN,     a.UserId,     a.CName FROM     Member a with (nolock) WHERE     1=1) allView) tmpVw : 無效的物件名稱 'Member'。
2022/8/10 上午 12:14:14 : SELECT     a.MemberSN,     a.UserId,     a.CName FROM     Member a with (nolock) WHERE     1=1 ORDER BY 1 OFFSET 0 ROWS FETCH FIRST 5 ROWS ONLY : 無效的物件名稱 'Member'。
2022/8/10 上午 12:14:15 : SELECT COUNT(*) FROM (SELECT * FROM (SELECT     a.MemberSN,     a.UserId,     a.CName FROM     Member a with (nolock) WHERE     1=1) allView) tmpVw : 無效的物件名稱 'Member'。
2022/8/10 上午 12:15:28 : SELECT     a.MemberSN,     a.UserId,     a.CName FROM     Member a with (nolock) WHERE     1=1 ORDER BY 1 OFFSET 0 ROWS FETCH FIRST 5 ROWS ONLY : 無效的物件名稱 'Member'。
2022/8/10 上午 12:15:28 : SELECT COUNT(*) FROM (SELECT * FROM (SELECT     a.MemberSN,     a.UserId,     a.CName FROM     Member a with (nolock) WHERE     1=1) allView) tmpVw : 無效的物件名稱 'Member'。
2022/8/10 上午 12:16:30 : SELECT     a.MemberSN,     a.UserId,     a.CName FROM     Member a with (nolock) WHERE     1=1 ORDER BY 1 OFFSET 0 ROWS FETCH FIRST 5 ROWS ONLY : 無效的物件名稱 'Member'。
2022/8/10 上午 12:16:31 : SELECT COUNT(*) FROM (SELECT * FROM (SELECT     a.MemberSN,     a.UserId,     a.CName FROM     Member a with (nolock) WHERE     1=1) allView) tmpVw : 無效的物件名稱 'Member'。
2022/8/10 上午 12:18:38 : SELECT     a.MemberSN,     a.UserId,     a.CName FROM     Member a with (nolock) WHERE     1=1 ORDER BY 1 OFFSET 0 ROWS FETCH FIRST 5 ROWS ONLY : 無效的物件名稱 'Member'。
2022/8/10 上午 12:18:39 : SELECT COUNT(*) FROM (SELECT * FROM (SELECT     a.MemberSN,     a.UserId,     a.CName FROM     Member a with (nolock) WHERE     1=1) allView) tmpVw : 無效的物件名稱 'Member'。
2022/8/10 上午 12:21:00 : SELECT     a.MemberSN,     a.UserId,     a.CName FROM     Member a with (nolock) WHERE     1=1 ORDER BY 1 OFFSET 0 ROWS FETCH FIRST 5 ROWS ONLY : 無效的物件名稱 'Member'。
2022/8/10 上午 12:21:00 : SELECT COUNT(*) FROM (SELECT * FROM (SELECT     a.MemberSN,     a.UserId,     a.CName FROM     Member a with (nolock) WHERE     1=1) allView) tmpVw : 無效的物件名稱 'Member'。
2022/8/10 上午 12:36:01 : SELECT     a.MemberSN,     a.UserId,     a.CName FROM     Member a with (nolock) WHERE     1=1 ORDER BY 1 OFFSET 0 ROWS FETCH FIRST 5 ROWS ONLY : 無效的物件名稱 'Member'。
2022/8/10 上午 12:36:01 : SELECT COUNT(*) FROM (SELECT * FROM (SELECT     a.MemberSN,     a.UserId,     a.CName FROM     Member a with (nolock) WHERE     1=1) allView) tmpVw : 無效的物件名稱 'Member'。
2022/8/10 上午 12:36:02 : SELECT * FROM [Member] with (nolock) WHERE [MemberSN]=0 : 無效的物件名稱 'Member'。
2022/8/10 上午 12:37:11 : SELECT     a.MemberSN,     a.UserId,     a.CName FROM     Member a with (nolock) WHERE     1=1 ORDER BY 1 OFFSET 0 ROWS FETCH FIRST 5 ROWS ONLY : 無效的物件名稱 'Member'。
2022/8/10 上午 12:37:11 : SELECT COUNT(*) FROM (SELECT * FROM (SELECT     a.MemberSN,     a.UserId,     a.CName FROM     Member a with (nolock) WHERE     1=1) allView) tmpVw : 無效的物件名稱 'Member'。
2022/8/10 上午 10:08:28 : SELECT     a.MemberSN,     a.UserId,     a.CName FROM     Member a with (nolock) WHERE     1=1 ORDER BY 1 OFFSET 0 ROWS FETCH FIRST 5 ROWS ONLY : 無效的物件名稱 'Member'。
2022/8/10 上午 10:08:28 : SELECT COUNT(*) FROM (SELECT * FROM (SELECT     a.MemberSN,     a.UserId,     a.CName FROM     Member a with (nolock) WHERE     1=1) allView) tmpVw : 無效的物件名稱 'Member'。
2022/8/10 上午 10:20:11 : SELECT     a.MemberSN,     a.UserId,     a.CName FROM     Member a with (nolock) WHERE     1=1 ORDER BY 1 OFFSET 0 ROWS FETCH FIRST 5 ROWS ONLY : 無效的物件名稱 'Member'。
2022/8/10 上午 10:20:12 : SELECT COUNT(*) FROM (SELECT * FROM (SELECT     a.MemberSN,     a.UserId,     a.CName FROM     Member a with (nolock) WHERE     1=1) allView) tmpVw : 無效的物件名稱 'Member'。
2022/8/10 上午 10:20:13 : SELECT * FROM [Member] with (nolock) WHERE [MemberSN]=0 : 無效的物件名稱 'Member'。
2022/8/10 上午 10:20:19 : DELETE FROM [Member] WHERE [MemberSN]=0 : 無效的物件名稱 'Member'。
2022/8/10 上午 10:20:22 : SELECT * FROM [Member] with (nolock) WHERE [MemberSN]=0 : 無效的物件名稱 'Member'。
2022/8/10 上午 10:21:25 : SELECT     a.MemberSN,     a.UserId,     a.CName FROM     Member a with (nolock) WHERE     1=1 ORDER BY 1 OFFSET 0 ROWS FETCH FIRST 5 ROWS ONLY : 無效的物件名稱 'Member'。
2022/8/10 上午 10:21:25 : SELECT COUNT(*) FROM (SELECT * FROM (SELECT     a.MemberSN,     a.UserId,     a.CName FROM     Member a with (nolock) WHERE     1=1) allView) tmpVw : 無效的物件名稱 'Member'。
2022/8/10 上午 10:22:01 : SELECT * FROM [Member] with (nolock) WHERE [MemberSN]=0 : 無效的物件名稱 'Member'。
2022/8/10 上午 10:22:36 : SELECT * FROM [Member] with (nolock) WHERE [MemberSN]=0 : 無效的物件名稱 'Member'。
2022/8/10 上午 10:23:04 : SELECT * FROM [Member] with (nolock) WHERE [MemberSN]=-2147483648 : 無效的物件名稱 'Member'。
2022/8/10 上午 10:28:05 : SELECT     a.MemberSN,     a.UserId,     a.CName FROM     Member a with (nolock) WHERE     1=1 ORDER BY 1 OFFSET 0 ROWS FETCH FIRST 5 ROWS ONLY : 無效的物件名稱 'Member'。
2022/8/10 上午 10:28:05 : SELECT COUNT(*) FROM (SELECT * FROM (SELECT     a.MemberSN,     a.UserId,     a.CName FROM     Member a with (nolock) WHERE     1=1) allView) tmpVw : 無效的物件名稱 'Member'。
2022/8/10 上午 10:28:15 : SELECT * FROM [EqRepair] with (nolock) WHERE [Id]=N'56456213186' : 無效的物件名稱 'EqRepair'。
2022/8/10 上午 10:28:21 : SELECT * FROM [EqRepair] with (nolock) WHERE [Id]=N'56456213186' : 無效的物件名稱 'EqRepair'。
2022/8/10 上午 10:29:06 : SELECT     a.MemberSN,     a.UserId,     a.CName FROM     Member a with (nolock) WHERE     1=1 ORDER BY 1 OFFSET 0 ROWS FETCH FIRST 5 ROWS ONLY : 無效的物件名稱 'Member'。
2022/8/10 上午 10:29:06 : SELECT COUNT(*) FROM (SELECT * FROM (SELECT     a.MemberSN,     a.UserId,     a.CName FROM     Member a with (nolock) WHERE     1=1) allView) tmpVw : 無效的物件名稱 'Member'。
2022/8/10 上午 10:36:12 : SELECT     a.MemberSN,     a.UserId,     a.CName FROM     Member a with (nolock) WHERE     1=1 ORDER BY 1 OFFSET 0 ROWS FETCH FIRST 5 ROWS ONLY : 無效的物件名稱 'Member'。
2022/8/10 上午 10:36:12 : SELECT COUNT(*) FROM (SELECT * FROM (SELECT     a.MemberSN,     a.UserId,     a.CName FROM     Member a with (nolock) WHERE     1=1) allView) tmpVw : 無效的物件名稱 'Member'。
2022/8/10 上午 10:36:56 : SELECT * FROM [Member] with (nolock) WHERE [MemberSN]=0 : 無效的物件名稱 'Member'。
2022/8/10 上午 10:37:38 : SELECT     a.MemberSN,     a.UserId,     a.CName FROM     Member a with (nolock) WHERE     1=1 ORDER BY 1 OFFSET 0 ROWS FETCH FIRST 5 ROWS ONLY : 無效的物件名稱 'Member'。
2022/8/10 上午 10:37:38 : SELECT COUNT(*) FROM (SELECT * FROM (SELECT     a.MemberSN,     a.UserId,     a.CName FROM     Member a with (nolock) WHERE     1=1) allView) tmpVw : 無效的物件名稱 'Member'。
2022/8/10 上午 10:39:46 : SELECT     a.MemberSN,     a.UserId,     a.CName FROM     Member a with (nolock) WHERE     1=1 ORDER BY 1 OFFSET 0 ROWS FETCH FIRST 5 ROWS ONLY : 無效的物件名稱 'Member'。
2022/8/10 上午 10:39:46 : SELECT COUNT(*) FROM (SELECT * FROM (SELECT     a.MemberSN,     a.UserId,     a.CName FROM     Member a with (nolock) WHERE     1=1) allView) tmpVw : 無效的物件名稱 'Member'。
2022/8/10 上午 10:40:34 : SELECT     a.MemberSN,     a.UserId,     a.CName FROM     Member a with (nolock) WHERE     1=1 ORDER BY 1 OFFSET 0 ROWS FETCH FIRST 5 ROWS ONLY : 無效的物件名稱 'Member'。
2022/8/10 上午 10:40:34 : SELECT COUNT(*) FROM (SELECT * FROM (SELECT     a.MemberSN,     a.UserId,     a.CName FROM     Member a with (nolock) WHERE     1=1) allView) tmpVw : 無效的物件名稱 'Member'。
2022/8/10 上午 10:41:19 : SELECT     a.MemberSN,     a.UserId,     a.CName FROM     Member a with (nolock) WHERE     1=1 ORDER BY 1 OFFSET 0 ROWS FETCH FIRST 5 ROWS ONLY : 無效的物件名稱 'Member'。
2022/8/10 上午 10:41:20 : SELECT COUNT(*) FROM (SELECT * FROM (SELECT     a.MemberSN,     a.UserId,     a.CName FROM     Member a with (nolock) WHERE     1=1) allView) tmpVw : 無效的物件名稱 'Member'。
2022/8/10 上午 10:44:28 : SELECT     a.MemberSN,     a.UserId,     a.CName FROM     Member a with (nolock) WHERE     1=1 ORDER BY 1 OFFSET 0 ROWS FETCH FIRST 5 ROWS ONLY : 無效的物件名稱 'Member'。
2022/8/10 上午 10:44:28 : SELECT COUNT(*) FROM (SELECT * FROM (SELECT     a.MemberSN,     a.UserId,     a.CName FROM     Member a with (nolock) WHERE     1=1) allView) tmpVw : 無效的物件名稱 'Member'。
2022/8/10 上午 10:46:07 : SELECT     a.MemberSN,     a.UserId,     a.CName FROM     Member a with (nolock) WHERE     1=1 ORDER BY 1 OFFSET 0 ROWS FETCH FIRST 5 ROWS ONLY : 無效的物件名稱 'Member'。
2022/8/10 上午 10:46:07 : SELECT COUNT(*) FROM (SELECT * FROM (SELECT     a.MemberSN,     a.UserId,     a.CName FROM     Member a with (nolock) WHERE     1=1) allView) tmpVw : 無效的物件名稱 'Member'。
2022/8/10 上午 10:46:48 : SELECT     a.MemberSN,     a.UserId,     a.CName FROM     Member a with (nolock) WHERE     1=1 ORDER BY 1 OFFSET 0 ROWS FETCH FIRST 5 ROWS ONLY : 無效的物件名稱 'Member'。
2022/8/10 上午 10:46:49 : SELECT COUNT(*) FROM (SELECT * FROM (SELECT     a.MemberSN,     a.UserId,     a.CName FROM     Member a with (nolock) WHERE     1=1) allView) tmpVw : 無效的物件名稱 'Member'。
2022/8/10 上午 10:47:35 : SELECT     a.MemberSN,     a.UserId,     a.CName FROM     Member a with (nolock) WHERE     1=1 ORDER BY 1 OFFSET 0 ROWS FETCH FIRST 5 ROWS ONLY : 無效的物件名稱 'Member'。
2022/8/10 上午 10:47:35 : SELECT COUNT(*) FROM (SELECT * FROM (SELECT     a.MemberSN,     a.UserId,     a.CName FROM     Member a with (nolock) WHERE     1=1) allView) tmpVw : 無效的物件名稱 'Member'。
2022/8/10 上午 10:48:16 : SELECT     a.MemberSN,     a.UserId,     a.CName FROM     Member a with (nolock) WHERE     1=1 ORDER BY 1 OFFSET 0 ROWS FETCH FIRST 5 ROWS ONLY : 無效的物件名稱 'Member'。
2022/8/10 上午 10:48:17 : SELECT COUNT(*) FROM (SELECT * FROM (SELECT     a.MemberSN,     a.UserId,     a.CName FROM     Member a with (nolock) WHERE     1=1) allView) tmpVw : 無效的物件名稱 'Member'。
2022/8/10 上午 10:48:43 : SELECT     a.MemberSN,     a.UserId,     a.CName FROM     Member a with (nolock) WHERE     1=1 ORDER BY 1 OFFSET 0 ROWS FETCH FIRST 5 ROWS ONLY : 無效的物件名稱 'Member'。
2022/8/10 上午 10:48:44 : SELECT COUNT(*) FROM (SELECT * FROM (SELECT     a.MemberSN,     a.UserId,     a.CName FROM     Member a with (nolock) WHERE     1=1) allView) tmpVw : 無效的物件名稱 'Member'。
2022/8/10 上午 10:49:22 : SELECT     a.MemberSN,     a.UserId,     a.CName FROM     Member a with (nolock) WHERE     1=1 ORDER BY 1 OFFSET 0 ROWS FETCH FIRST 5 ROWS ONLY : 無效的物件名稱 'Member'。
2022/8/10 上午 10:49:22 : SELECT COUNT(*) FROM (SELECT * FROM (SELECT     a.MemberSN,     a.UserId,     a.CName FROM     Member a with (nolock) WHERE     1=1) allView) tmpVw : 無效的物件名稱 'Member'。
2022/8/10 上午 10:49:49 : SELECT     a.MemberSN,     a.UserId,     a.CName FROM     Member a with (nolock) WHERE     1=1 ORDER BY 1 OFFSET 0 ROWS FETCH FIRST 5 ROWS ONLY : 無效的物件名稱 'Member'。
2022/8/10 上午 10:49:49 : SELECT COUNT(*) FROM (SELECT * FROM (SELECT     a.MemberSN,     a.UserId,     a.CName FROM     Member a with (nolock) WHERE     1=1) allView) tmpVw : 無效的物件名稱 'Member'。
2022/8/10 上午 10:55:03 : SELECT     a.MemberSN,     a.UserId,     a.CName FROM     Member a with (nolock) WHERE     1=1 ORDER BY 1 OFFSET 0 ROWS FETCH FIRST 5 ROWS ONLY : 無效的物件名稱 'Member'。
2022/8/10 上午 10:55:03 : SELECT COUNT(*) FROM (SELECT * FROM (SELECT     a.MemberSN,     a.UserId,     a.CName FROM     Member a with (nolock) WHERE     1=1) allView) tmpVw : 無效的物件名稱 'Member'。
2022/8/10 上午 10:59:52 : SELECT     a.MemberSN,     a.UserId,     a.CName FROM     Member a with (nolock) WHERE     1=1 ORDER BY 1 OFFSET 0 ROWS FETCH FIRST 5 ROWS ONLY : 無效的物件名稱 'Member'。
2022/8/10 上午 10:59:52 : SELECT COUNT(*) FROM (SELECT * FROM (SELECT     a.MemberSN,     a.UserId,     a.CName FROM     Member a with (nolock) WHERE     1=1) allView) tmpVw : 無效的物件名稱 'Member'。
2022/8/10 上午 11:02:54 : SELECT     a.MemberSN,     a.UserId,     a.CName FROM     Member a with (nolock) WHERE     1=1 ORDER BY 1 OFFSET 0 ROWS FETCH FIRST 5 ROWS ONLY : 無效的物件名稱 'Member'。
2022/8/10 上午 11:02:55 : SELECT COUNT(*) FROM (SELECT * FROM (SELECT     a.MemberSN,     a.UserId,     a.CName FROM     Member a with (nolock) WHERE     1=1) allView) tmpVw : 無效的物件名稱 'Member'。
2022/8/10 上午 11:04:49 : SELECT     a.MemberSN,     a.UserId,     a.CName FROM     Member a with (nolock) WHERE     1=1 ORDER BY 1 OFFSET 0 ROWS FETCH FIRST 5 ROWS ONLY : 無效的物件名稱 'Member'。
2022/8/10 上午 11:04:50 : SELECT COUNT(*) FROM (SELECT * FROM (SELECT     a.MemberSN,     a.UserId,     a.CName FROM     Member a with (nolock) WHERE     1=1) allView) tmpVw : 無效的物件名稱 'Member'。
2022/8/10 上午 11:24:42 : SELECT     a.MemberSN,     a.UserId,     a.CName FROM     Member a with (nolock) WHERE     1=1 ORDER BY 1 OFFSET 0 ROWS FETCH FIRST 5 ROWS ONLY : 無效的物件名稱 'Member'。
2022/8/10 上午 11:24:42 : SELECT COUNT(*) FROM (SELECT * FROM (SELECT     a.MemberSN,     a.UserId,     a.CName FROM     Member a with (nolock) WHERE     1=1) allView) tmpVw : 無效的物件名稱 'Member'。
2022/8/10 上午 11:25:30 : SELECT     a.MemberSN,     a.UserId,     a.CName FROM     Member a with (nolock) WHERE     1=1 ORDER BY 1 OFFSET 0 ROWS FETCH FIRST 5 ROWS ONLY : 無效的物件名稱 'Member'。
2022/8/10 上午 11:25:30 : SELECT COUNT(*) FROM (SELECT * FROM (SELECT     a.MemberSN,     a.UserId,     a.CName FROM     Member a with (nolock) WHERE     1=1) allView) tmpVw : 無效的物件名稱 'Member'。
2022/8/10 上午 11:25:37 : One or more errors occurred. (Column 'b.EqName' does not belong to table Chaochi_BuildingEq.) : Column 'b.EqName' does not belong to table Chaochi_BuildingEq.
2022/8/10 上午 11:27:43 : SELECT     a.MemberSN,     a.UserId,     a.CName FROM     Member a with (nolock) WHERE     1=1 ORDER BY 1 OFFSET 0 ROWS FETCH FIRST 5 ROWS ONLY : 無效的物件名稱 'Member'。
2022/8/10 上午 11:27:43 : SELECT COUNT(*) FROM (SELECT * FROM (SELECT     a.MemberSN,     a.UserId,     a.CName FROM     Member a with (nolock) WHERE     1=1) allView) tmpVw : 無效的物件名稱 'Member'。
2022/8/10 上午 11:28:57 : SELECT     a.MemberSN,     a.UserId,     a.CName FROM     Member a with (nolock) WHERE     1=1 ORDER BY 1 OFFSET 0 ROWS FETCH FIRST 5 ROWS ONLY : 無效的物件名稱 'Member'。
2022/8/10 上午 11:28:57 : SELECT COUNT(*) FROM (SELECT * FROM (SELECT     a.MemberSN,     a.UserId,     a.CName FROM     Member a with (nolock) WHERE     1=1) allView) tmpVw : 無效的物件名稱 'Member'。
2022/8/10 上午 11:31:04 : SELECT     a.MemberSN,     a.UserId,     a.CName FROM     Member a with (nolock) WHERE     1=1 ORDER BY 1 OFFSET 0 ROWS FETCH FIRST 5 ROWS ONLY : 無效的物件名稱 'Member'。
2022/8/10 上午 11:31:04 : SELECT COUNT(*) FROM (SELECT * FROM (SELECT     a.MemberSN,     a.UserId,     a.CName FROM     Member a with (nolock) WHERE     1=1) allView) tmpVw : 無效的物件名稱 'Member'。
2022/8/10 上午 11:32:29 : SELECT     a.MemberSN,     a.UserId,     a.CName FROM     Member a with (nolock) WHERE     1=1 ORDER BY 1 OFFSET 0 ROWS FETCH FIRST 5 ROWS ONLY : 無效的物件名稱 'Member'。
2022/8/10 上午 11:32:29 : SELECT COUNT(*) FROM (SELECT * FROM (SELECT     a.MemberSN,     a.UserId,     a.CName FROM     Member a with (nolock) WHERE     1=1) allView) tmpVw : 無效的物件名稱 'Member'。
2022/8/10 上午 11:34:59 : SELECT     a.MemberSN,     a.UserId,     a.CName FROM     Member a with (nolock) WHERE     1=1 ORDER BY 1 OFFSET 0 ROWS FETCH FIRST 5 ROWS ONLY : 無效的物件名稱 'Member'。
2022/8/10 上午 11:34:59 : SELECT COUNT(*) FROM (SELECT * FROM (SELECT     a.MemberSN,     a.UserId,     a.CName FROM     Member a with (nolock) WHERE     1=1) allView) tmpVw : 無效的物件名稱 'Member'。
2022/8/10 上午 11:38:48 : SELECT     a.MemberSN,     a.UserId,     a.CName FROM     Member a with (nolock) WHERE     1=1 ORDER BY 1 OFFSET 0 ROWS FETCH FIRST 5 ROWS ONLY : 無效的物件名稱 'Member'。
2022/8/10 上午 11:38:48 : SELECT COUNT(*) FROM (SELECT * FROM (SELECT     a.MemberSN,     a.UserId,     a.CName FROM     Member a with (nolock) WHERE     1=1) allView) tmpVw : 無效的物件名稱 'Member'。
2022/8/10 上午 11:43:51 : SELECT     a.MemberSN,     a.UserId,     a.CName FROM     Member a with (nolock) WHERE     1=1 ORDER BY 1 OFFSET 0 ROWS FETCH FIRST 5 ROWS ONLY : 無效的物件名稱 'Member'。
2022/8/10 上午 11:43:51 : SELECT COUNT(*) FROM (SELECT * FROM (SELECT     a.MemberSN,     a.UserId,     a.CName FROM     Member a with (nolock) WHERE     1=1) allView) tmpVw : 無效的物件名稱 'Member'。
2022/8/10 上午 11:48:18 : SELECT     a.MemberSN,     a.UserId,     a.CName FROM     Member a with (nolock) WHERE     1=1 ORDER BY 1 OFFSET 0 ROWS FETCH FIRST 5 ROWS ONLY : 無效的物件名稱 'Member'。
2022/8/10 上午 11:48:18 : SELECT COUNT(*) FROM (SELECT * FROM (SELECT     a.MemberSN,     a.UserId,     a.CName FROM     Member a with (nolock) WHERE     1=1) allView) tmpVw : 無效的物件名稱 'Member'。
2022/8/10 上午 11:49:36 : SELECT     a.MemberSN,     a.UserId,     a.CName FROM     Member a with (nolock) WHERE     1=1 ORDER BY 1 OFFSET 0 ROWS FETCH FIRST 5 ROWS ONLY : 無效的物件名稱 'Member'。
2022/8/10 上午 11:49:36 : SELECT COUNT(*) FROM (SELECT * FROM (SELECT     a.MemberSN,     a.UserId,     a.CName FROM     Member a with (nolock) WHERE     1=1) allView) tmpVw : 無效的物件名稱 'Member'。
2022/8/10 上午 11:49:40 : SELECT     a.MemberSN,     a.UserId,     a.CName FROM     Member a with (nolock) WHERE     1=1 ORDER BY 1 OFFSET 0 ROWS FETCH FIRST 5 ROWS ONLY : 無效的物件名稱 'Member'。
2022/8/10 上午 11:49:41 : SELECT COUNT(*) FROM (SELECT * FROM (SELECT     a.MemberSN,     a.UserId,     a.CName FROM     Member a with (nolock) WHERE     1=1) allView) tmpVw : 無效的物件名稱 'Member'。
2022/8/10 上午 11:50:42 : SELECT     a.MemberSN,     a.UserId,     a.CName FROM     Member a with (nolock) WHERE     1=1 ORDER BY 1 OFFSET 0 ROWS FETCH FIRST 5 ROWS ONLY : 無效的物件名稱 'Member'。
2022/8/10 上午 11:50:42 : SELECT COUNT(*) FROM (SELECT * FROM (SELECT     a.MemberSN,     a.UserId,     a.CName FROM     Member a with (nolock) WHERE     1=1) allView) tmpVw : 無效的物件名稱 'Member'。
2022/8/10 上午 11:54:52 : SELECT     a.MemberSN,     a.UserId,     a.CName FROM     Member a with (nolock) WHERE     1=1 ORDER BY 1 OFFSET 0 ROWS FETCH FIRST 5 ROWS ONLY : 無效的物件名稱 'Member'。
2022/8/10 上午 11:54:53 : SELECT COUNT(*) FROM (SELECT * FROM (SELECT     a.MemberSN,     a.UserId,     a.CName FROM     Member a with (nolock) WHERE     1=1) allView) tmpVw : 無效的物件名稱 'Member'。
2022/8/10 上午 11:57:33 : SELECT     a.MemberSN,     a.UserId,     a.CName FROM     Member a with (nolock) WHERE     1=1 ORDER BY 1 OFFSET 0 ROWS FETCH FIRST 5 ROWS ONLY : 無效的物件名稱 'Member'。
2022/8/10 上午 11:57:33 : SELECT COUNT(*) FROM (SELECT * FROM (SELECT     a.MemberSN,     a.UserId,     a.CName FROM     Member a with (nolock) WHERE     1=1) allView) tmpVw : 無效的物件名稱 'Member'。
2022/8/10 上午 11:58:22 : SELECT     a.MemberSN,     a.UserId,     a.CName FROM     Member a with (nolock) WHERE     1=1 ORDER BY 1 OFFSET 0 ROWS FETCH FIRST 5 ROWS ONLY : 無效的物件名稱 'Member'。
2022/8/10 上午 11:58:23 : SELECT COUNT(*) FROM (SELECT * FROM (SELECT     a.MemberSN,     a.UserId,     a.CName FROM     Member a with (nolock) WHERE     1=1) allView) tmpVw : 無效的物件名稱 'Member'。
2022/8/10 下午 12:00:03 : SELECT     a.MemberSN,     a.UserId,     a.CName FROM     Member a with (nolock) WHERE     1=1 ORDER BY 1 OFFSET 0 ROWS FETCH FIRST 5 ROWS ONLY : 無效的物件名稱 'Member'。
2022/8/10 下午 12:00:03 : SELECT COUNT(*) FROM (SELECT * FROM (SELECT     a.MemberSN,     a.UserId,     a.CName FROM     Member a with (nolock) WHERE     1=1) allView) tmpVw : 無效的物件名稱 'Member'。
2022/8/10 下午 12:05:58 : SELECT     a.MemberSN,     a.UserId,     a.CName FROM     Member a with (nolock) WHERE     1=1 ORDER BY 1 OFFSET 0 ROWS FETCH FIRST 5 ROWS ONLY : 無效的物件名稱 'Member'。
2022/8/10 下午 12:05:58 : SELECT COUNT(*) FROM (SELECT * FROM (SELECT     a.MemberSN,     a.UserId,     a.CName FROM     Member a with (nolock) WHERE     1=1) allView) tmpVw : 無效的物件名稱 'Member'。
2022/8/10 下午 12:13:31 : SELECT     a.MemberSN,     a.UserId,     a.CName FROM     Member a with (nolock) WHERE     1=1 ORDER BY 1 OFFSET 0 ROWS FETCH FIRST 5 ROWS ONLY : 無效的物件名稱 'Member'。
2022/8/10 下午 12:13:31 : SELECT COUNT(*) FROM (SELECT * FROM (SELECT     a.MemberSN,     a.UserId,     a.CName FROM     Member a with (nolock) WHERE     1=1) allView) tmpVw : 無效的物件名稱 'Member'。
2022/8/10 下午 12:15:25 : SELECT     a.MemberSN,     a.UserId,     a.CName FROM     Member a with (nolock) WHERE     1=1 ORDER BY 1 OFFSET 0 ROWS FETCH FIRST 5 ROWS ONLY : 無效的物件名稱 'Member'。
2022/8/10 下午 12:15:25 : SELECT COUNT(*) FROM (SELECT * FROM (SELECT     a.MemberSN,     a.UserId,     a.CName FROM     Member a with (nolock) WHERE     1=1) allView) tmpVw : 無效的物件名稱 'Member'。
2022/8/10 下午 12:15:33 : SELECT     a.MemberSN,     a.UserId,     a.CName FROM     Member a with (nolock) WHERE     1=1 ORDER BY 1 OFFSET 0 ROWS FETCH FIRST 5 ROWS ONLY : 無效的物件名稱 'Member'。
2022/8/10 下午 12:15:34 : SELECT COUNT(*) FROM (SELECT * FROM (SELECT     a.MemberSN,     a.UserId,     a.CName FROM     Member a with (nolock) WHERE     1=1) allView) tmpVw : 無效的物件名稱 'Member'。
2022/8/10 下午 12:21:13 : SELECT     a.MemberSN,     a.UserId,     a.CName FROM     Member a with (nolock) WHERE     1=1 ORDER BY 1 OFFSET 0 ROWS FETCH FIRST 5 ROWS ONLY : 無效的物件名稱 'Member'。
2022/8/10 下午 12:21:13 : SELECT COUNT(*) FROM (SELECT * FROM (SELECT     a.MemberSN,     a.UserId,     a.CName FROM     Member a with (nolock) WHERE     1=1) allView) tmpVw : 無效的物件名稱 'Member'。
2022/8/10 下午 12:22:29 : SELECT     a.MemberSN,     a.UserId,     a.CName FROM     Member a with (nolock) WHERE     1=1 ORDER BY 1 OFFSET 0 ROWS FETCH FIRST 5 ROWS ONLY : 無效的物件名稱 'Member'。
2022/8/10 下午 12:22:29 : SELECT COUNT(*) FROM (SELECT * FROM (SELECT     a.MemberSN,     a.UserId,     a.CName FROM     Member a with (nolock) WHERE     1=1) allView) tmpVw : 無效的物件名稱 'Member'。
2022/8/10 下午 12:48:22 : SELECT     a.MemberSN,     a.UserId,     a.CName FROM     Member a with (nolock) WHERE     1=1 ORDER BY 1 OFFSET 0 ROWS FETCH FIRST 5 ROWS ONLY : 無效的物件名稱 'Member'。
2022/8/10 下午 12:48:22 : SELECT COUNT(*) FROM (SELECT * FROM (SELECT     a.MemberSN,     a.UserId,     a.CName FROM     Member a with (nolock) WHERE     1=1) allView) tmpVw : 無效的物件名稱 'Member'。
2022/8/10 下午 12:52:06 : SELECT     a.MemberSN,     a.UserId,     a.CName FROM     Member a with (nolock) WHERE     1=1 ORDER BY 1 OFFSET 0 ROWS FETCH FIRST 5 ROWS ONLY : 無效的物件名稱 'Member'。
2022/8/10 下午 12:52:07 : SELECT COUNT(*) FROM (SELECT * FROM (SELECT     a.MemberSN,     a.UserId,     a.CName FROM     Member a with (nolock) WHERE     1=1) allView) tmpVw : 無效的物件名稱 'Member'。
2022/8/10 下午 12:55:19 : SELECT     a.MemberSN,     a.UserId,     a.CName FROM     Member a with (nolock) WHERE     1=1 ORDER BY 1 OFFSET 0 ROWS FETCH FIRST 5 ROWS ONLY : 無效的物件名稱 'Member'。
2022/8/10 下午 12:55:20 : SELECT COUNT(*) FROM (SELECT * FROM (SELECT     a.MemberSN,     a.UserId,     a.CName FROM     Member a with (nolock) WHERE     1=1) allView) tmpVw : 無效的物件名稱 'Member'。
2022/8/10 下午 01:02:23 : SELECT     a.MemberSN,     a.UserId,     a.CName FROM     Member a with (nolock) WHERE     1=1 ORDER BY 1 OFFSET 0 ROWS FETCH FIRST 5 ROWS ONLY : 無效的物件名稱 'Member'。
2022/8/10 下午 01:02:23 : SELECT COUNT(*) FROM (SELECT * FROM (SELECT     a.MemberSN,     a.UserId,     a.CName FROM     Member a with (nolock) WHERE     1=1) allView) tmpVw : 無效的物件名稱 'Member'。
2022/8/10 下午 01:08:34 : SELECT     a.MemberSN,     a.UserId,     a.CName FROM     Member a with (nolock) WHERE     1=1 ORDER BY 1 OFFSET 0 ROWS FETCH FIRST 5 ROWS ONLY : 無效的物件名稱 'Member'。
2022/8/10 下午 01:08:34 : SELECT COUNT(*) FROM (SELECT * FROM (SELECT     a.MemberSN,     a.UserId,     a.CName FROM     Member a with (nolock) WHERE     1=1) allView) tmpVw : 無效的物件名稱 'Member'。
2022/8/10 下午 01:15:17 : SELECT     a.MemberSN,     a.UserId,     a.CName FROM     Member a with (nolock) WHERE     1=1 ORDER BY 1 OFFSET 0 ROWS FETCH FIRST 5 ROWS ONLY : 無效的物件名稱 'Member'。
2022/8/10 下午 01:15:17 : SELECT COUNT(*) FROM (SELECT * FROM (SELECT     a.MemberSN,     a.UserId,     a.CName FROM     Member a with (nolock) WHERE     1=1) allView) tmpVw : 無效的物件名稱 'Member'。
2022/8/10 下午 01:16:09 : SELECT     a.MemberSN,     a.UserId,     a.CName FROM     Member a with (nolock) WHERE     1=1 ORDER BY 1 OFFSET 0 ROWS FETCH FIRST 5 ROWS ONLY : 無效的物件名稱 'Member'。
2022/8/10 下午 01:16:09 : SELECT COUNT(*) FROM (SELECT * FROM (SELECT     a.MemberSN,     a.UserId,     a.CName FROM     Member a with (nolock) WHERE     1=1) allView) tmpVw : 無效的物件名稱 'Member'。
2022/8/10 下午 01:22:18 : SELECT     a.MemberSN,     a.UserId,     a.CName FROM     Member a with (nolock) WHERE     1=1 ORDER BY 1 OFFSET 0 ROWS FETCH FIRST 5 ROWS ONLY : 無效的物件名稱 'Member'。
2022/8/10 下午 01:22:18 : SELECT COUNT(*) FROM (SELECT * FROM (SELECT     a.MemberSN,     a.UserId,     a.CName FROM     Member a with (nolock) WHERE     1=1) allView) tmpVw : 無效的物件名稱 'Member'。
2022/8/10 下午 01:38:26 : SELECT     a.MemberSN,     a.UserId,     a.CName FROM     Member a with (nolock) WHERE     1=1 ORDER BY 1 OFFSET 0 ROWS FETCH FIRST 5 ROWS ONLY : 無效的物件名稱 'Member'。
2022/8/10 下午 01:38:26 : SELECT COUNT(*) FROM (SELECT * FROM (SELECT     a.MemberSN,     a.UserId,     a.CName FROM     Member a with (nolock) WHERE     1=1) allView) tmpVw : 無效的物件名稱 'Member'。
2022/8/10 下午 01:42:13 : SELECT     a.MemberSN,     a.UserId,     a.CName FROM     Member a with (nolock) WHERE     1=1 ORDER BY 1 OFFSET 0 ROWS FETCH FIRST 5 ROWS ONLY : 無效的物件名稱 'Member'。
2022/8/10 下午 01:42:13 : SELECT COUNT(*) FROM (SELECT * FROM (SELECT     a.MemberSN,     a.UserId,     a.CName FROM     Member a with (nolock) WHERE     1=1) allView) tmpVw : 無效的物件名稱 'Member'。
2022/8/10 下午 01:42:58 : SELECT     a.MemberSN,     a.UserId,     a.CName FROM     Member a with (nolock) WHERE     1=1 ORDER BY 1 OFFSET 0 ROWS FETCH FIRST 5 ROWS ONLY : 無效的物件名稱 'Member'。
2022/8/10 下午 01:42:59 : SELECT COUNT(*) FROM (SELECT * FROM (SELECT     a.MemberSN,     a.UserId,     a.CName FROM     Member a with (nolock) WHERE     1=1) allView) tmpVw : 無效的物件名稱 'Member'。
2022/8/10 下午 01:43:53 : SELECT     a.MemberSN,     a.UserId,     a.CName FROM     Member a with (nolock) WHERE     1=1 ORDER BY 1 OFFSET 0 ROWS FETCH FIRST 5 ROWS ONLY : 無效的物件名稱 'Member'。
2022/8/10 下午 01:43:53 : SELECT COUNT(*) FROM (SELECT * FROM (SELECT     a.MemberSN,     a.UserId,     a.CName FROM     Member a with (nolock) WHERE     1=1) allView) tmpVw : 無效的物件名稱 'Member'。
2022/8/10 下午 01:45:54 : SELECT     a.MemberSN,     a.UserId,     a.CName FROM     Member a with (nolock) WHERE     1=1 ORDER BY 1 OFFSET 0 ROWS FETCH FIRST 5 ROWS ONLY : 無效的物件名稱 'Member'。
2022/8/10 下午 01:45:54 : SELECT COUNT(*) FROM (SELECT * FROM (SELECT     a.MemberSN,     a.UserId,     a.CName FROM     Member a with (nolock) WHERE     1=1) allView) tmpVw : 無效的物件名稱 'Member'。
2022/8/10 下午 01:46:39 : SELECT     a.MemberSN,     a.UserId,     a.CName FROM     Member a with (nolock) WHERE     1=1 ORDER BY 1 OFFSET 0 ROWS FETCH FIRST 5 ROWS ONLY : 無效的物件名稱 'Member'。
2022/8/10 下午 01:46:39 : SELECT COUNT(*) FROM (SELECT * FROM (SELECT     a.MemberSN,     a.UserId,     a.CName FROM     Member a with (nolock) WHERE     1=1) allView) tmpVw : 無效的物件名稱 'Member'。
2022/8/10 下午 02:17:38 : SELECT     a.MemberSN,     a.UserId,     a.CName FROM     Member a with (nolock) WHERE     1=1 ORDER BY 1 OFFSET 0 ROWS FETCH FIRST 5 ROWS ONLY : 無效的物件名稱 'Member'。
2022/8/10 下午 02:17:39 : SELECT COUNT(*) FROM (SELECT * FROM (SELECT     a.MemberSN,     a.UserId,     a.CName FROM     Member a with (nolock) WHERE     1=1) allView) tmpVw : 無效的物件名稱 'Member'。
2022/8/10 下午 02:18:20 : SELECT     a.MemberSN,     a.UserId,     a.CName FROM     Member a with (nolock) WHERE     1=1 ORDER BY 1 OFFSET 0 ROWS FETCH FIRST 5 ROWS ONLY : 無效的物件名稱 'Member'。
2022/8/10 下午 02:18:20 : SELECT COUNT(*) FROM (SELECT * FROM (SELECT     a.MemberSN,     a.UserId,     a.CName FROM     Member a with (nolock) WHERE     1=1) allView) tmpVw : 無效的物件名稱 'Member'。
2022/8/10 下午 02:19:57 : SELECT     a.MemberSN,     a.UserId,     a.CName FROM     Member a with (nolock) WHERE     1=1 ORDER BY 1 OFFSET 0 ROWS FETCH FIRST 5 ROWS ONLY : 無效的物件名稱 'Member'。
2022/8/10 下午 02:19:57 : SELECT COUNT(*) FROM (SELECT * FROM (SELECT     a.MemberSN,     a.UserId,     a.CName FROM     Member a with (nolock) WHERE     1=1) allView) tmpVw : 無效的物件名稱 'Member'。
2022/8/10 下午 02:21:20 : SELECT     a.MemberSN,     a.UserId,     a.CName FROM     Member a with (nolock) WHERE     1=1 ORDER BY 1 OFFSET 0 ROWS FETCH FIRST 5 ROWS ONLY : 無效的物件名稱 'Member'。
2022/8/10 下午 02:21:20 : SELECT COUNT(*) FROM (SELECT * FROM (SELECT     a.MemberSN,     a.UserId,     a.CName FROM     Member a with (nolock) WHERE     1=1) allView) tmpVw : 無效的物件名稱 'Member'。
2022/8/10 下午 02:24:48 : SELECT     a.MemberSN,     a.UserId,     a.CName FROM     Member a with (nolock) WHERE     1=1 ORDER BY 1 OFFSET 0 ROWS FETCH FIRST 5 ROWS ONLY : 無效的物件名稱 'Member'。
2022/8/10 下午 02:24:48 : SELECT COUNT(*) FROM (SELECT * FROM (SELECT     a.MemberSN,     a.UserId,     a.CName FROM     Member a with (nolock) WHERE     1=1) allView) tmpVw : 無效的物件名稱 'Member'。
2022/8/10 下午 02:26:56 : SELECT     a.MemberSN,     a.UserId,     a.CName FROM     Member a with (nolock) WHERE     1=1 ORDER BY 1 OFFSET 0 ROWS FETCH FIRST 5 ROWS ONLY : 無效的物件名稱 'Member'。
2022/8/10 下午 02:26:56 : SELECT COUNT(*) FROM (SELECT * FROM (SELECT     a.MemberSN,     a.UserId,     a.CName FROM     Member a with (nolock) WHERE     1=1) allView) tmpVw : 無效的物件名稱 'Member'。
2022/8/10 下午 02:27:39 : SELECT     a.MemberSN,     a.UserId,     a.CName FROM     Member a with (nolock) WHERE     1=1 ORDER BY 1 OFFSET 0 ROWS FETCH FIRST 5 ROWS ONLY : 無效的物件名稱 'Member'。
2022/8/10 下午 02:27:39 : SELECT COUNT(*) FROM (SELECT * FROM (SELECT     a.MemberSN,     a.UserId,     a.CName FROM     Member a with (nolock) WHERE     1=1) allView) tmpVw : 無效的物件名稱 'Member'。
2022/8/10 下午 02:28:37 : SELECT     a.MemberSN,     a.UserId,     a.CName FROM     Member a with (nolock) WHERE     1=1 ORDER BY 1 OFFSET 0 ROWS FETCH FIRST 5 ROWS ONLY : 無效的物件名稱 'Member'。
2022/8/10 下午 02:28:38 : SELECT COUNT(*) FROM (SELECT * FROM (SELECT     a.MemberSN,     a.UserId,     a.CName FROM     Member a with (nolock) WHERE     1=1) allView) tmpVw : 無效的物件名稱 'Member'。
2022/8/10 下午 02:39:56 : SELECT     a.MemberSN,     a.UserId,     a.CName FROM     Member a with (nolock) WHERE     1=1 ORDER BY 1 OFFSET 0 ROWS FETCH FIRST 5 ROWS ONLY : 無效的物件名稱 'Member'。
2022/8/10 下午 02:39:57 : SELECT COUNT(*) FROM (SELECT * FROM (SELECT     a.MemberSN,     a.UserId,     a.CName FROM     Member a with (nolock) WHERE     1=1) allView) tmpVw : 無效的物件名稱 'Member'。
2022/8/10 下午 02:40:49 : SELECT     a.MemberSN,     a.UserId,     a.CName FROM     Member a with (nolock) WHERE     1=1 ORDER BY 1 OFFSET 0 ROWS FETCH FIRST 5 ROWS ONLY : 無效的物件名稱 'Member'。
2022/8/10 下午 02:40:50 : SELECT COUNT(*) FROM (SELECT * FROM (SELECT     a.MemberSN,     a.UserId,     a.CName FROM     Member a with (nolock) WHERE     1=1) allView) tmpVw : 無效的物件名稱 'Member'。
2022/8/10 下午 02:44:29 : SELECT     a.MemberSN,     a.UserId,     a.CName FROM     Member a with (nolock) WHERE     1=1 ORDER BY 1 OFFSET 0 ROWS FETCH FIRST 5 ROWS ONLY : 無效的物件名稱 'Member'。
2022/8/10 下午 02:44:29 : SELECT COUNT(*) FROM (SELECT * FROM (SELECT     a.MemberSN,     a.UserId,     a.CName FROM     Member a with (nolock) WHERE     1=1) allView) tmpVw : 無效的物件名稱 'Member'。
2022/8/10 下午 02:50:38 : SELECT     a.MemberSN,     a.UserId,     a.CName FROM     Member a with (nolock) WHERE     1=1 ORDER BY 1 OFFSET 0 ROWS FETCH FIRST 5 ROWS ONLY : 無效的物件名稱 'Member'。
2022/8/10 下午 02:50:39 : SELECT COUNT(*) FROM (SELECT * FROM (SELECT     a.MemberSN,     a.UserId,     a.CName FROM     Member a with (nolock) WHERE     1=1) allView) tmpVw : 無效的物件名稱 'Member'。
2022/8/10 下午 02:55:48 : SELECT     a.MemberSN,     a.UserId,     a.CName FROM     Member a with (nolock) WHERE     1=1 ORDER BY 1 OFFSET 0 ROWS FETCH FIRST 5 ROWS ONLY : 無效的物件名稱 'Member'。
2022/8/10 下午 02:55:48 : SELECT COUNT(*) FROM (SELECT * FROM (SELECT     a.MemberSN,     a.UserId,     a.CName FROM     Member a with (nolock) WHERE     1=1) allView) tmpVw : 無效的物件名稱 'Member'。
2022/8/10 下午 02:56:42 : SELECT     a.MemberSN,     a.UserId,     a.CName FROM     Member a with (nolock) WHERE     1=1 ORDER BY 1 OFFSET 0 ROWS FETCH FIRST 5 ROWS ONLY : 無效的物件名稱 'Member'。
2022/8/10 下午 02:56:42 : SELECT COUNT(*) FROM (SELECT * FROM (SELECT     a.MemberSN,     a.UserId,     a.CName FROM     Member a with (nolock) WHERE     1=1) allView) tmpVw : 無效的物件名稱 'Member'。
2022/8/10 下午 02:57:21 : SELECT     a.MemberSN,     a.UserId,     a.CName FROM     Member a with (nolock) WHERE     1=1 ORDER BY 1 OFFSET 0 ROWS FETCH FIRST 5 ROWS ONLY : 無效的物件名稱 'Member'。
2022/8/10 下午 02:57:22 : SELECT COUNT(*) FROM (SELECT * FROM (SELECT     a.MemberSN,     a.UserId,     a.CName FROM     Member a with (nolock) WHERE     1=1) allView) tmpVw : 無效的物件名稱 'Member'。
2022/8/10 下午 02:58:04 : SELECT     a.MemberSN,     a.UserId,     a.CName FROM     Member a with (nolock) WHERE     1=1 ORDER BY 1 OFFSET 0 ROWS FETCH FIRST 5 ROWS ONLY : 無效的物件名稱 'Member'。
2022/8/10 下午 02:58:05 : SELECT COUNT(*) FROM (SELECT * FROM (SELECT     a.MemberSN,     a.UserId,     a.CName FROM     Member a with (nolock) WHERE     1=1) allView) tmpVw : 無效的物件名稱 'Member'。
2022/8/10 下午 02:59:52 : SELECT     a.MemberSN,     a.UserId,     a.CName FROM     Member a with (nolock) WHERE     1=1 ORDER BY 1 OFFSET 0 ROWS FETCH FIRST 5 ROWS ONLY : 無效的物件名稱 'Member'。
2022/8/10 下午 02:59:52 : SELECT COUNT(*) FROM (SELECT * FROM (SELECT     a.MemberSN,     a.UserId,     a.CName FROM     Member a with (nolock) WHERE     1=1) allView) tmpVw : 無效的物件名稱 'Member'。
2022/8/10 下午 03:00:26 : SELECT     a.MemberSN,     a.UserId,     a.CName FROM     Member a with (nolock) WHERE     1=1 ORDER BY 1 OFFSET 0 ROWS FETCH FIRST 5 ROWS ONLY : 無效的物件名稱 'Member'。
2022/8/10 下午 03:00:26 : SELECT COUNT(*) FROM (SELECT * FROM (SELECT     a.MemberSN,     a.UserId,     a.CName FROM     Member a with (nolock) WHERE     1=1) allView) tmpVw : 無效的物件名稱 'Member'。
2022/8/10 下午 03:01:51 : SELECT     a.MemberSN,     a.UserId,     a.CName FROM     Member a with (nolock) WHERE     1=1 ORDER BY 1 OFFSET 0 ROWS FETCH FIRST 5 ROWS ONLY : 無效的物件名稱 'Member'。
2022/8/10 下午 03:01:51 : SELECT COUNT(*) FROM (SELECT * FROM (SELECT     a.MemberSN,     a.UserId,     a.CName FROM     Member a with (nolock) WHERE     1=1) allView) tmpVw : 無效的物件名稱 'Member'。
2022/8/10 下午 03:06:04 : SELECT     a.MemberSN,     a.UserId,     a.CName FROM     Member a with (nolock) WHERE     1=1 ORDER BY 1 OFFSET 0 ROWS FETCH FIRST 5 ROWS ONLY : 無效的物件名稱 'Member'。
2022/8/10 下午 03:06:04 : SELECT COUNT(*) FROM (SELECT * FROM (SELECT     a.MemberSN,     a.UserId,     a.CName FROM     Member a with (nolock) WHERE     1=1) allView) tmpVw : 無效的物件名稱 'Member'。
2022/8/10 下午 03:08:22 : SELECT     a.MemberSN,     a.UserId,     a.CName FROM     Member a with (nolock) WHERE     1=1 ORDER BY 1 OFFSET 0 ROWS FETCH FIRST 5 ROWS ONLY : 無效的物件名稱 'Member'。
2022/8/10 下午 03:08:22 : SELECT COUNT(*) FROM (SELECT * FROM (SELECT     a.MemberSN,     a.UserId,     a.CName FROM     Member a with (nolock) WHERE     1=1) allView) tmpVw : 無效的物件名稱 'Member'。
2022/8/10 下午 03:11:15 : SELECT     a.MemberSN,     a.UserId,     a.CName FROM     Member a with (nolock) WHERE     1=1 ORDER BY 1 OFFSET 0 ROWS FETCH FIRST 5 ROWS ONLY : 無效的物件名稱 'Member'。
2022/8/10 下午 03:11:15 : SELECT COUNT(*) FROM (SELECT * FROM (SELECT     a.MemberSN,     a.UserId,     a.CName FROM     Member a with (nolock) WHERE     1=1) allView) tmpVw : 無效的物件名稱 'Member'。
2022/8/10 下午 03:14:37 : SELECT     a.MemberSN,     a.UserId,     a.CName FROM     Member a with (nolock) WHERE     1=1 ORDER BY 1 OFFSET 0 ROWS FETCH FIRST 5 ROWS ONLY : 無效的物件名稱 'Member'。
2022/8/10 下午 03:14:37 : SELECT COUNT(*) FROM (SELECT * FROM (SELECT     a.MemberSN,     a.UserId,     a.CName FROM     Member a with (nolock) WHERE     1=1) allView) tmpVw : 無效的物件名稱 'Member'。
2022/8/10 下午 03:25:33 : SELECT     a.MemberSN,     a.UserId,     a.CName FROM     Member a with (nolock) WHERE     1=1 ORDER BY 1 OFFSET 0 ROWS FETCH FIRST 5 ROWS ONLY : 無效的物件名稱 'Member'。
2022/8/10 下午 03:25:34 : SELECT COUNT(*) FROM (SELECT * FROM (SELECT     a.MemberSN,     a.UserId,     a.CName FROM     Member a with (nolock) WHERE     1=1) allView) tmpVw : 無效的物件名稱 'Member'。
2022/8/10 下午 03:25:41 : One or more errors occurred. (Column '' does not belong to table Chaochi_BuildingEq.) : Column '' does not belong to table Chaochi_BuildingEq.
2022/8/10 下午 03:26:29 : One or more errors occurred. (Column '' does not belong to table Chaochi_BuildingEq.) : Column '' does not belong to table Chaochi_BuildingEq.
2022/8/10 下午 03:26:54 : SELECT     a.MemberSN,     a.UserId,     a.CName FROM     Member a with (nolock) WHERE     1=1 ORDER BY 1 OFFSET 0 ROWS FETCH FIRST 5 ROWS ONLY : 無效的物件名稱 'Member'。
2022/8/10 下午 03:26:55 : SELECT COUNT(*) FROM (SELECT * FROM (SELECT     a.MemberSN,     a.UserId,     a.CName FROM     Member a with (nolock) WHERE     1=1) allView) tmpVw : 無效的物件名稱 'Member'。
2022/8/10 下午 03:27:51 : SELECT * FROM [Member] with (nolock) WHERE [MemberSN]=-2147483648 : 無效的物件名稱 'Member'。
2022/8/10 下午 03:28:06 : SELECT     a.MemberSN,     a.UserId,     a.CName FROM     Member a with (nolock) WHERE     1=1 ORDER BY 1 OFFSET 0 ROWS FETCH FIRST 5 ROWS ONLY : 無效的物件名稱 'Member'。
2022/8/10 下午 03:28:06 : SELECT COUNT(*) FROM (SELECT * FROM (SELECT     a.MemberSN,     a.UserId,     a.CName FROM     Member a with (nolock) WHERE     1=1) allView) tmpVw : 無效的物件名稱 'Member'。
2022/8/10 下午 03:32:37 : SELECT     a.MemberSN,     a.UserId,     a.CName FROM     Member a with (nolock) WHERE     1=1 ORDER BY 1 OFFSET 0 ROWS FETCH FIRST 5 ROWS ONLY : 無效的物件名稱 'Member'。
2022/8/10 下午 03:32:37 : SELECT COUNT(*) FROM (SELECT * FROM (SELECT     a.MemberSN,     a.UserId,     a.CName FROM     Member a with (nolock) WHERE     1=1) allView) tmpVw : 無效的物件名稱 'Member'。
2022/8/10 下午 03:36:59 : SELECT * FROM [Member] with (nolock) WHERE [MemberSN]=-2147483648 : 無效的物件名稱 'Member'。
2022/8/10 下午 03:37:13 : SELECT     a.MemberSN,     a.UserId,     a.CName FROM     Member a with (nolock) WHERE     1=1 ORDER BY 1 OFFSET 0 ROWS FETCH FIRST 5 ROWS ONLY : 無效的物件名稱 'Member'。
2022/8/10 下午 03:37:14 : SELECT COUNT(*) FROM (SELECT * FROM (SELECT     a.MemberSN,     a.UserId,     a.CName FROM     Member a with (nolock) WHERE     1=1) allView) tmpVw : 無效的物件名稱 'Member'。
2022/8/10 下午 03:52:54 : SELECT     a.MemberSN,     a.UserId,     a.CName FROM     Member a with (nolock) WHERE     1=1 ORDER BY 1 OFFSET 0 ROWS FETCH FIRST 5 ROWS ONLY : 無效的物件名稱 'Member'。
2022/8/10 下午 03:52:54 : SELECT COUNT(*) FROM (SELECT * FROM (SELECT     a.MemberSN,     a.UserId,     a.CName FROM     Member a with (nolock) WHERE     1=1) allView) tmpVw : 無效的物件名稱 'Member'。
2022/8/10 下午 04:03:06 : SELECT     a.MemberSN,     a.UserId,     a.CName FROM     Member a with (nolock) WHERE     1=1 ORDER BY 1 OFFSET 0 ROWS FETCH FIRST 5 ROWS ONLY : 無效的物件名稱 'Member'。
2022/8/10 下午 04:03:07 : SELECT COUNT(*) FROM (SELECT * FROM (SELECT     a.MemberSN,     a.UserId,     a.CName FROM     Member a with (nolock) WHERE     1=1) allView) tmpVw : 無效的物件名稱 'Member'。
2022/8/10 下午 04:08:13 : SELECT     a.MemberSN,     a.UserId,     a.CName FROM     Member a with (nolock) WHERE     1=1 ORDER BY 1 OFFSET 0 ROWS FETCH FIRST 5 ROWS ONLY : 無效的物件名稱 'Member'。
2022/8/10 下午 04:08:13 : SELECT COUNT(*) FROM (SELECT * FROM (SELECT     a.MemberSN,     a.UserId,     a.CName FROM     Member a with (nolock) WHERE     1=1) allView) tmpVw : 無效的物件名稱 'Member'。
2022/8/10 下午 04:09:06 : SELECT     a.MemberSN,     a.UserId,     a.CName FROM     Member a with (nolock) WHERE     1=1 ORDER BY 1 OFFSET 0 ROWS FETCH FIRST 5 ROWS ONLY : 無效的物件名稱 'Member'。
2022/8/10 下午 04:09:06 : SELECT COUNT(*) FROM (SELECT * FROM (SELECT     a.MemberSN,     a.UserId,     a.CName FROM     Member a with (nolock) WHERE     1=1) allView) tmpVw : 無效的物件名稱 'Member'。
2022/8/10 下午 04:10:48 : SELECT     a.MemberSN,     a.UserId,     a.CName FROM     Member a with (nolock) WHERE     1=1 ORDER BY 1 OFFSET 0 ROWS FETCH FIRST 5 ROWS ONLY : 無效的物件名稱 'Member'。
2022/8/10 下午 04:10:48 : SELECT COUNT(*) FROM (SELECT * FROM (SELECT     a.MemberSN,     a.UserId,     a.CName FROM     Member a with (nolock) WHERE     1=1) allView) tmpVw : 無效的物件名稱 'Member'。
2022/8/10 下午 04:11:20 : Object reference not set to an instance of an object.
2022/8/10 下午 04:13:05 : SELECT     a.MemberSN,     a.UserId,     a.CName FROM     Member a with (nolock) WHERE     1=1 ORDER BY 1 OFFSET 0 ROWS FETCH FIRST 5 ROWS ONLY : 無效的物件名稱 'Member'。
2022/8/10 下午 04:13:06 : SELECT COUNT(*) FROM (SELECT * FROM (SELECT     a.MemberSN,     a.UserId,     a.CName FROM     Member a with (nolock) WHERE     1=1) allView) tmpVw : 無效的物件名稱 'Member'。
2022/8/10 下午 04:17:16 : SELECT     a.MemberSN,     a.UserId,     a.CName FROM     Member a with (nolock) WHERE     1=1 ORDER BY 1 OFFSET 0 ROWS FETCH FIRST 5 ROWS ONLY : 無效的物件名稱 'Member'。
2022/8/10 下午 04:17:17 : SELECT COUNT(*) FROM (SELECT * FROM (SELECT     a.MemberSN,     a.UserId,     a.CName FROM     Member a with (nolock) WHERE     1=1) allView) tmpVw : 無效的物件名稱 'Member'。
2022/8/10 下午 04:18:31 : SELECT     a.MemberSN,     a.UserId,     a.CName FROM     Member a with (nolock) WHERE     1=1 ORDER BY 1 OFFSET 0 ROWS FETCH FIRST 5 ROWS ONLY : 無效的物件名稱 'Member'。
2022/8/10 下午 04:18:31 : SELECT COUNT(*) FROM (SELECT * FROM (SELECT     a.MemberSN,     a.UserId,     a.CName FROM     Member a with (nolock) WHERE     1=1) allView) tmpVw : 無效的物件名稱 'Member'。
2022/8/10 下午 04:23:50 : SELECT     a.MemberSN,     a.UserId,     a.CName FROM     Member a with (nolock) WHERE     1=1 ORDER BY 1 OFFSET 0 ROWS FETCH FIRST 5 ROWS ONLY : 無效的物件名稱 'Member'。
2022/8/10 下午 04:23:50 : SELECT COUNT(*) FROM (SELECT * FROM (SELECT     a.MemberSN,     a.UserId,     a.CName FROM     Member a with (nolock) WHERE     1=1) allView) tmpVw : 無效的物件名稱 'Member'。
2022/8/10 下午 04:32:30 : SELECT     a.MemberSN,     a.UserId,     a.CName FROM     Member a with (nolock) WHERE     1=1 ORDER BY 1 OFFSET 0 ROWS FETCH FIRST 5 ROWS ONLY : 無效的物件名稱 'Member'。
2022/8/10 下午 04:32:30 : SELECT COUNT(*) FROM (SELECT * FROM (SELECT     a.MemberSN,     a.UserId,     a.CName FROM     Member a with (nolock) WHERE     1=1) allView) tmpVw : 無效的物件名稱 'Member'。
2022/8/10 下午 04:38:59 : SELECT     a.MemberSN,     a.UserId,     a.CName FROM     Member a with (nolock) WHERE     1=1 ORDER BY 1 OFFSET 0 ROWS FETCH FIRST 5 ROWS ONLY : 無效的物件名稱 'Member'。
2022/8/10 下午 04:38:59 : SELECT COUNT(*) FROM (SELECT * FROM (SELECT     a.MemberSN,     a.UserId,     a.CName FROM     Member a with (nolock) WHERE     1=1) allView) tmpVw : 無效的物件名稱 'Member'。
2022/8/10 下午 04:43:52 : SELECT     a.MemberSN,     a.UserId,     a.CName FROM     Member a with (nolock) WHERE     1=1 ORDER BY 1 OFFSET 0 ROWS FETCH FIRST 5 ROWS ONLY : 無效的物件名稱 'Member'。
2022/8/10 下午 04:43:52 : SELECT COUNT(*) FROM (SELECT * FROM (SELECT     a.MemberSN,     a.UserId,     a.CName FROM     Member a with (nolock) WHERE     1=1) allView) tmpVw : 無效的物件名稱 'Member'。
2022/8/10 下午 04:44:55 : SELECT     a.MemberSN,     a.UserId,     a.CName FROM     Member a with (nolock) WHERE     1=1 ORDER BY 1 OFFSET 0 ROWS FETCH FIRST 5 ROWS ONLY : 無效的物件名稱 'Member'。
2022/8/10 下午 04:44:55 : SELECT COUNT(*) FROM (SELECT * FROM (SELECT     a.MemberSN,     a.UserId,     a.CName FROM     Member a with (nolock) WHERE     1=1) allView) tmpVw : 無效的物件名稱 'Member'。
2022/8/10 下午 04:47:11 : SELECT     a.MemberSN,     a.UserId,     a.CName FROM     Member a with (nolock) WHERE     1=1 ORDER BY 1 OFFSET 0 ROWS FETCH FIRST 5 ROWS ONLY : 無效的物件名稱 'Member'。
2022/8/10 下午 04:47:11 : SELECT COUNT(*) FROM (SELECT * FROM (SELECT     a.MemberSN,     a.UserId,     a.CName FROM     Member a with (nolock) WHERE     1=1) allView) tmpVw : 無效的物件名稱 'Member'。
2022/8/10 下午 04:52:35 : SELECT     a.MemberSN,     a.UserId,     a.CName FROM     Member a with (nolock) WHERE     1=1 ORDER BY 1 OFFSET 0 ROWS FETCH FIRST 5 ROWS ONLY : 無效的物件名稱 'Member'。
2022/8/10 下午 04:52:35 : SELECT COUNT(*) FROM (SELECT * FROM (SELECT     a.MemberSN,     a.UserId,     a.CName FROM     Member a with (nolock) WHERE     1=1) allView) tmpVw : 無效的物件名稱 'Member'。
2022/8/10 下午 04:55:40 : SELECT     a.MemberSN,     a.UserId,     a.CName FROM     Member a with (nolock) WHERE     1=1 ORDER BY 1 OFFSET 0 ROWS FETCH FIRST 5 ROWS ONLY : 無效的物件名稱 'Member'。
2022/8/10 下午 04:55:41 : SELECT COUNT(*) FROM (SELECT * FROM (SELECT     a.MemberSN,     a.UserId,     a.CName FROM     Member a with (nolock) WHERE     1=1) allView) tmpVw : 無效的物件名稱 'Member'。
2022/8/10 下午 05:00:12 : SELECT     a.MemberSN,     a.UserId,     a.CName FROM     Member a with (nolock) WHERE     1=1 ORDER BY 1 OFFSET 0 ROWS FETCH FIRST 5 ROWS ONLY : 無效的物件名稱 'Member'。
2022/8/10 下午 05:00:12 : SELECT COUNT(*) FROM (SELECT * FROM (SELECT     a.MemberSN,     a.UserId,     a.CName FROM     Member a with (nolock) WHERE     1=1) allView) tmpVw : 無效的物件名稱 'Member'。
2022/8/10 下午 05:03:41 : SELECT     a.MemberSN,     a.UserId,     a.CName FROM     Member a with (nolock) WHERE     1=1 ORDER BY 1 OFFSET 0 ROWS FETCH FIRST 5 ROWS ONLY : 無效的物件名稱 'Member'。
2022/8/10 下午 05:03:41 : SELECT COUNT(*) FROM (SELECT * FROM (SELECT     a.MemberSN,     a.UserId,     a.CName FROM     Member a with (nolock) WHERE     1=1) allView) tmpVw : 無效的物件名稱 'Member'。
2022/8/10 下午 05:08:06 : SELECT     a.MemberSN,     a.UserId,     a.CName FROM     Member a with (nolock) WHERE     1=1 ORDER BY 1 OFFSET 0 ROWS FETCH FIRST 5 ROWS ONLY : 無效的物件名稱 'Member'。
2022/8/10 下午 05:08:06 : SELECT COUNT(*) FROM (SELECT * FROM (SELECT     a.MemberSN,     a.UserId,     a.CName FROM     Member a with (nolock) WHERE     1=1) allView) tmpVw : 無效的物件名稱 'Member'。
2022/8/10 下午 05:10:07 : SELECT     a.MemberSN,     a.UserId,     a.CName FROM     Member a with (nolock) WHERE     1=1 ORDER BY 1 OFFSET 0 ROWS FETCH FIRST 5 ROWS ONLY : 無效的物件名稱 'Member'。
2022/8/10 下午 05:10:07 : SELECT COUNT(*) FROM (SELECT * FROM (SELECT     a.MemberSN,     a.UserId,     a.CName FROM     Member a with (nolock) WHERE     1=1) allView) tmpVw : 無效的物件名稱 'Member'。
2022/8/10 下午 05:16:53 : SELECT     a.MemberSN,     a.UserId,     a.CName FROM     Member a with (nolock) WHERE     1=1 ORDER BY 1 OFFSET 0 ROWS FETCH FIRST 5 ROWS ONLY : 無效的物件名稱 'Member'。
2022/8/10 下午 05:16:53 : SELECT COUNT(*) FROM (SELECT * FROM (SELECT     a.MemberSN,     a.UserId,     a.CName FROM     Member a with (nolock) WHERE     1=1) allView) tmpVw : 無效的物件名稱 'Member'。
2022/8/10 下午 05:36:56 : SELECT     a.MemberSN,     a.UserId,     a.CName FROM     Member a with (nolock) WHERE     1=1 ORDER BY 1 OFFSET 0 ROWS FETCH FIRST 5 ROWS ONLY : 無效的物件名稱 'Member'。
2022/8/10 下午 05:36:57 : SELECT COUNT(*) FROM (SELECT * FROM (SELECT     a.MemberSN,     a.UserId,     a.CName FROM     Member a with (nolock) WHERE     1=1) allView) tmpVw : 無效的物件名稱 'Member'。
2022/8/10 下午 05:40:38 : SELECT     a.MemberSN,     a.UserId,     a.CName FROM     Member a with (nolock) WHERE     1=1 ORDER BY 1 OFFSET 0 ROWS FETCH FIRST 5 ROWS ONLY : 無效的物件名稱 'Member'。
2022/8/10 下午 05:40:39 : SELECT COUNT(*) FROM (SELECT * FROM (SELECT     a.MemberSN,     a.UserId,     a.CName FROM     Member a with (nolock) WHERE     1=1) allView) tmpVw : 無效的物件名稱 'Member'。
2022/8/10 下午 05:50:43 : SELECT     a.MemberSN,     a.UserId,     a.CName FROM     Member a with (nolock) WHERE     1=1 ORDER BY 1 OFFSET 0 ROWS FETCH FIRST 5 ROWS ONLY : 無效的物件名稱 'Member'。
2022/8/10 下午 05:50:43 : SELECT COUNT(*) FROM (SELECT * FROM (SELECT     a.MemberSN,     a.UserId,     a.CName FROM     Member a with (nolock) WHERE     1=1) allView) tmpVw : 無效的物件名稱 'Member'。
2022/8/10 下午 05:51:38 : SELECT     a.MemberSN,     a.UserId,     a.CName FROM     Member a with (nolock) WHERE     1=1 ORDER BY 1 OFFSET 0 ROWS FETCH FIRST 5 ROWS ONLY : 無效的物件名稱 'Member'。
2022/8/10 下午 05:51:38 : SELECT COUNT(*) FROM (SELECT * FROM (SELECT     a.MemberSN,     a.UserId,     a.CName FROM     Member a with (nolock) WHERE     1=1) allView) tmpVw : 無效的物件名稱 'Member'。
2022/8/10 下午 05:56:12 : SELECT     a.MemberSN,     a.UserId,     a.CName FROM     Member a with (nolock) WHERE     1=1 ORDER BY 1 OFFSET 0 ROWS FETCH FIRST 5 ROWS ONLY : 無效的物件名稱 'Member'。
2022/8/10 下午 05:56:12 : SELECT COUNT(*) FROM (SELECT * FROM (SELECT     a.MemberSN,     a.UserId,     a.CName FROM     Member a with (nolock) WHERE     1=1) allView) tmpVw : 無效的物件名稱 'Member'。
2022/8/10 下午 06:00:23 : SELECT     a.MemberSN,     a.UserId,     a.CName FROM     Member a with (nolock) WHERE     1=1 ORDER BY 1 OFFSET 0 ROWS FETCH FIRST 5 ROWS ONLY : 無效的物件名稱 'Member'。
2022/8/10 下午 06:00:24 : SELECT COUNT(*) FROM (SELECT * FROM (SELECT     a.MemberSN,     a.UserId,     a.CName FROM     Member a with (nolock) WHERE     1=1) allView) tmpVw : 無效的物件名稱 'Member'。
2022/8/10 下午 06:01:45 : SELECT     a.MemberSN,     a.UserId,     a.CName FROM     Member a with (nolock) WHERE     1=1 ORDER BY 1 OFFSET 0 ROWS FETCH FIRST 5 ROWS ONLY : 無效的物件名稱 'Member'。
2022/8/10 下午 06:01:45 : SELECT COUNT(*) FROM (SELECT * FROM (SELECT     a.MemberSN,     a.UserId,     a.CName FROM     Member a with (nolock) WHERE     1=1) allView) tmpVw : 無效的物件名稱 'Member'。
2022/8/10 下午 06:03:51 : SELECT     a.MemberSN,     a.UserId,     a.CName FROM     Member a with (nolock) WHERE     1=1 ORDER BY 1 OFFSET 0 ROWS FETCH FIRST 5 ROWS ONLY : 無效的物件名稱 'Member'。
2022/8/10 下午 06:03:52 : SELECT COUNT(*) FROM (SELECT * FROM (SELECT     a.MemberSN,     a.UserId,     a.CName FROM     Member a with (nolock) WHERE     1=1) allView) tmpVw : 無效的物件名稱 'Member'。
2022/8/10 下午 06:04:48 : SELECT     a.MemberSN,     a.UserId,     a.CName FROM     Member a with (nolock) WHERE     1=1 ORDER BY 1 OFFSET 0 ROWS FETCH FIRST 5 ROWS ONLY : 無效的物件名稱 'Member'。
2022/8/10 下午 06:04:49 : SELECT COUNT(*) FROM (SELECT * FROM (SELECT     a.MemberSN,     a.UserId,     a.CName FROM     Member a with (nolock) WHERE     1=1) allView) tmpVw : 無效的物件名稱 'Member'。
2022/8/10 下午 06:08:09 : SELECT     a.MemberSN,     a.UserId,     a.CName FROM     Member a with (nolock) WHERE     1=1 ORDER BY 1 OFFSET 0 ROWS FETCH FIRST 5 ROWS ONLY : 無效的物件名稱 'Member'。
2022/8/10 下午 06:08:10 : SELECT COUNT(*) FROM (SELECT * FROM (SELECT     a.MemberSN,     a.UserId,     a.CName FROM     Member a with (nolock) WHERE     1=1) allView) tmpVw : 無效的物件名稱 'Member'。
2022/8/10 下午 06:10:24 : SELECT     a.MemberSN,     a.UserId,     a.CName FROM     Member a with (nolock) WHERE     1=1 ORDER BY 1 OFFSET 0 ROWS FETCH FIRST 5 ROWS ONLY : 無效的物件名稱 'Member'。
2022/8/10 下午 06:10:24 : SELECT COUNT(*) FROM (SELECT * FROM (SELECT     a.MemberSN,     a.UserId,     a.CName FROM     Member a with (nolock) WHERE     1=1) allView) tmpVw : 無效的物件名稱 'Member'。
2022/8/10 下午 06:14:22 : SELECT     a.MemberSN,     a.UserId,     a.CName FROM     Member a with (nolock) WHERE     1=1 ORDER BY 1 OFFSET 0 ROWS FETCH FIRST 5 ROWS ONLY : 無效的物件名稱 'Member'。
2022/8/10 下午 06:14:22 : SELECT COUNT(*) FROM (SELECT * FROM (SELECT     a.MemberSN,     a.UserId,     a.CName FROM     Member a with (nolock) WHERE     1=1) allView) tmpVw : 無效的物件名稱 'Member'。
2022/8/10 下午 06:15:32 : SELECT     a.MemberSN,     a.UserId,     a.CName FROM     Member a with (nolock) WHERE     1=1 ORDER BY 1 OFFSET 0 ROWS FETCH FIRST 5 ROWS ONLY : 無效的物件名稱 'Member'。
2022/8/10 下午 06:15:32 : SELECT COUNT(*) FROM (SELECT * FROM (SELECT     a.MemberSN,     a.UserId,     a.CName FROM     Member a with (nolock) WHERE     1=1) allView) tmpVw : 無效的物件名稱 'Member'。
2022/8/10 下午 06:16:30 : SELECT     a.MemberSN,     a.UserId,     a.CName FROM     Member a with (nolock) WHERE     1=1 ORDER BY 1 OFFSET 0 ROWS FETCH FIRST 5 ROWS ONLY : 無效的物件名稱 'Member'。
2022/8/10 下午 06:16:31 : SELECT COUNT(*) FROM (SELECT * FROM (SELECT     a.MemberSN,     a.UserId,     a.CName FROM     Member a with (nolock) WHERE     1=1) allView) tmpVw : 無效的物件名稱 'Member'。
2022/8/10 下午 06:17:29 : SELECT     a.MemberSN,     a.UserId,     a.CName FROM     Member a with (nolock) WHERE     1=1 ORDER BY 1 OFFSET 0 ROWS FETCH FIRST 5 ROWS ONLY : 無效的物件名稱 'Member'。
2022/8/10 下午 06:17:29 : SELECT COUNT(*) FROM (SELECT * FROM (SELECT     a.MemberSN,     a.UserId,     a.CName FROM     Member a with (nolock) WHERE     1=1) allView) tmpVw : 無效的物件名稱 'Member'。
2022/8/10 下午 06:17:58 : SELECT     a.MemberSN,     a.UserId,     a.CName FROM     Member a with (nolock) WHERE     1=1 ORDER BY 1 OFFSET 0 ROWS FETCH FIRST 5 ROWS ONLY : 無效的物件名稱 'Member'。
2022/8/10 下午 06:17:58 : SELECT COUNT(*) FROM (SELECT * FROM (SELECT     a.MemberSN,     a.UserId,     a.CName FROM     Member a with (nolock) WHERE     1=1) allView) tmpVw : 無效的物件名稱 'Member'。
2022/8/10 下午 06:18:58 : SELECT     a.MemberSN,     a.UserId,     a.CName FROM     Member a with (nolock) WHERE     1=1 ORDER BY 1 OFFSET 0 ROWS FETCH FIRST 5 ROWS ONLY : 無效的物件名稱 'Member'。
2022/8/10 下午 06:18:58 : SELECT COUNT(*) FROM (SELECT * FROM (SELECT     a.MemberSN,     a.UserId,     a.CName FROM     Member a with (nolock) WHERE     1=1) allView) tmpVw : 無效的物件名稱 'Member'。
2022/8/10 下午 06:19:22 : SELECT     a.MemberSN,     a.UserId,     a.CName FROM     Member a with (nolock) WHERE     1=1 ORDER BY 1 OFFSET 0 ROWS FETCH FIRST 5 ROWS ONLY : 無效的物件名稱 'Member'。
2022/8/10 下午 06:19:23 : SELECT COUNT(*) FROM (SELECT * FROM (SELECT     a.MemberSN,     a.UserId,     a.CName FROM     Member a with (nolock) WHERE     1=1) allView) tmpVw : 無效的物件名稱 'Member'。
2022/8/10 下午 06:20:25 : SELECT     a.MemberSN,     a.UserId,     a.CName FROM     Member a with (nolock) WHERE     1=1 ORDER BY 1 OFFSET 0 ROWS FETCH FIRST 5 ROWS ONLY : 無效的物件名稱 'Member'。
2022/8/10 下午 06:20:25 : SELECT COUNT(*) FROM (SELECT * FROM (SELECT     a.MemberSN,     a.UserId,     a.CName FROM     Member a with (nolock) WHERE     1=1) allView) tmpVw : 無效的物件名稱 'Member'。
2022/8/10 下午 06:21:48 : SELECT     a.MemberSN,     a.UserId,     a.CName FROM     Member a with (nolock) WHERE     1=1 ORDER BY 1 OFFSET 0 ROWS FETCH FIRST 5 ROWS ONLY : 無效的物件名稱 'Member'。
2022/8/10 下午 06:21:48 : SELECT COUNT(*) FROM (SELECT * FROM (SELECT     a.MemberSN,     a.UserId,     a.CName FROM     Member a with (nolock) WHERE     1=1) allView) tmpVw : 無效的物件名稱 'Member'。
2022/8/10 下午 06:22:11 : SELECT     a.MemberSN,     a.UserId,     a.CName FROM     Member a with (nolock) WHERE     1=1 ORDER BY 1 OFFSET 0 ROWS FETCH FIRST 5 ROWS ONLY : 無效的物件名稱 'Member'。
2022/8/10 下午 06:22:11 : SELECT COUNT(*) FROM (SELECT * FROM (SELECT     a.MemberSN,     a.UserId,     a.CName FROM     Member a with (nolock) WHERE     1=1) allView) tmpVw : 無效的物件名稱 'Member'。
2022/8/10 下午 06:23:44 : SELECT     a.MemberSN,     a.UserId,     a.CName FROM     Member a with (nolock) WHERE     1=1 ORDER BY 1 OFFSET 0 ROWS FETCH FIRST 5 ROWS ONLY : 無效的物件名稱 'Member'。
2022/8/10 下午 06:23:44 : SELECT COUNT(*) FROM (SELECT * FROM (SELECT     a.MemberSN,     a.UserId,     a.CName FROM     Member a with (nolock) WHERE     1=1) allView) tmpVw : 無效的物件名稱 'Member'。
2022/8/10 下午 08:43:41 : SELECT     a.MemberSN,     a.UserId,     a.CName FROM     Member a with (nolock) WHERE     1=1 ORDER BY 1 OFFSET 0 ROWS FETCH FIRST 5 ROWS ONLY : 無效的物件名稱 'Member'。
2022/8/10 下午 08:43:41 : SELECT COUNT(*) FROM (SELECT * FROM (SELECT     a.MemberSN,     a.UserId,     a.CName FROM     Member a with (nolock) WHERE     1=1) allView) tmpVw : 無效的物件名稱 'Member'。
