2022/8/11 上午 09:55:13 : SELECT     a.MemberSN,     a.UserId,     a.CName FROM     Member a with (nolock) WHERE     1=1 ORDER BY 1 OFFSET 0 ROWS FETCH FIRST 5 ROWS ONLY : 無效的物件名稱 'Member'。
2022/8/11 上午 09:55:13 : SELECT COUNT(*) FROM (SELECT * FROM (SELECT     a.MemberSN,     a.UserId,     a.CName FROM     Member a with (nolock) WHERE     1=1) allView) tmpVw : 無效的物件名稱 'Member'。
2022/8/11 上午 10:14:33 : SELECT     a.MemberSN,     a.UserId,     a.CName FROM     Member a with (nolock) WHERE     1=1 ORDER BY 1 OFFSET 0 ROWS FETCH FIRST 5 ROWS ONLY : 無效的物件名稱 'Member'。
2022/8/11 上午 10:14:33 : SELECT COUNT(*) FROM (SELECT * FROM (SELECT     a.MemberSN,     a.UserId,     a.CName FROM     Member a with (nolock) WHERE     1=1) allView) tmpVw : 無效的物件名稱 'Member'。
2022/8/11 上午 10:15:49 : SELECT     a.MemberSN,     a.UserId,     a.CName FROM     Member a with (nolock) WHERE     1=1 ORDER BY 1 OFFSET 0 ROWS FETCH FIRST 5 ROWS ONLY : 無效的物件名稱 'Member'。
2022/8/11 上午 10:15:49 : SELECT COUNT(*) FROM (SELECT * FROM (SELECT     a.MemberSN,     a.UserId,     a.CName FROM     Member a with (nolock) WHERE     1=1) allView) tmpVw : 無效的物件名稱 'Member'。
2022/8/11 上午 10:18:03 : SELECT     a.MemberSN,     a.UserId,     a.CName FROM     Member a with (nolock) WHERE     1=1 ORDER BY 1 OFFSET 0 ROWS FETCH FIRST 5 ROWS ONLY : 無效的物件名稱 'Member'。
2022/8/11 上午 10:18:03 : SELECT COUNT(*) FROM (SELECT * FROM (SELECT     a.MemberSN,     a.UserId,     a.CName FROM     Member a with (nolock) WHERE     1=1) allView) tmpVw : 無效的物件名稱 'Member'。
2022/8/11 上午 11:07:59 : SELECT     a.MemberSN,     a.UserId,     a.CName FROM     Member a with (nolock) WHERE     1=1 ORDER BY 1 OFFSET 0 ROWS FETCH FIRST 5 ROWS ONLY : 無效的物件名稱 'Member'。
2022/8/11 上午 11:08:00 : SELECT COUNT(*) FROM (SELECT * FROM (SELECT     a.MemberSN,     a.UserId,     a.CName FROM     Member a with (nolock) WHERE     1=1) allView) tmpVw : 無效的物件名稱 'Member'。
2022/8/11 上午 11:09:55 : SELECT     a.MemberSN,     a.UserId,     a.CName FROM     Member a with (nolock) WHERE     1=1 ORDER BY 1 OFFSET 0 ROWS FETCH FIRST 5 ROWS ONLY : 無效的物件名稱 'Member'。
2022/8/11 上午 11:09:55 : SELECT COUNT(*) FROM (SELECT * FROM (SELECT     a.MemberSN,     a.UserId,     a.CName FROM     Member a with (nolock) WHERE     1=1) allView) tmpVw : 無效的物件名稱 'Member'。
2022/8/11 上午 11:11:01 : SELECT     a.MemberSN,     a.UserId,     a.CName FROM     Member a with (nolock) WHERE     1=1 ORDER BY 1 OFFSET 0 ROWS FETCH FIRST 5 ROWS ONLY : 無效的物件名稱 'Member'。
2022/8/11 上午 11:11:01 : SELECT COUNT(*) FROM (SELECT * FROM (SELECT     a.MemberSN,     a.UserId,     a.CName FROM     Member a with (nolock) WHERE     1=1) allView) tmpVw : 無效的物件名稱 'Member'。
2022/8/11 上午 11:15:26 : SELECT     a.MemberSN,     a.UserId,     a.CName FROM     Member a with (nolock) WHERE     1=1 ORDER BY 1 OFFSET 0 ROWS FETCH FIRST 5 ROWS ONLY : 無效的物件名稱 'Member'。
2022/8/11 上午 11:15:27 : SELECT COUNT(*) FROM (SELECT * FROM (SELECT     a.MemberSN,     a.UserId,     a.CName FROM     Member a with (nolock) WHERE     1=1) allView) tmpVw : 無效的物件名稱 'Member'。
2022/8/11 上午 11:19:45 : SELECT     a.MemberSN,     a.UserId,     a.CName FROM     Member a with (nolock) WHERE     1=1 ORDER BY 1 OFFSET 0 ROWS FETCH FIRST 5 ROWS ONLY : 無效的物件名稱 'Member'。
2022/8/11 上午 11:19:45 : SELECT COUNT(*) FROM (SELECT * FROM (SELECT     a.MemberSN,     a.UserId,     a.CName FROM     Member a with (nolock) WHERE     1=1) allView) tmpVw : 無效的物件名稱 'Member'。
2022/8/11 上午 11:21:25 : SELECT     a.MemberSN,     a.UserId,     a.CName FROM     Member a with (nolock) WHERE     1=1 ORDER BY 1 OFFSET 0 ROWS FETCH FIRST 5 ROWS ONLY : 無效的物件名稱 'Member'。
2022/8/11 上午 11:21:25 : SELECT COUNT(*) FROM (SELECT * FROM (SELECT     a.MemberSN,     a.UserId,     a.CName FROM     Member a with (nolock) WHERE     1=1) allView) tmpVw : 無效的物件名稱 'Member'。
2022/8/11 上午 11:21:57 : One or more errors occurred. ('System.Collections.Generic.List<WebAdmin.Dtos.EqRepairDetailsDto>' does not contain a definition for 'RecordCount') : 'System.Collections.Generic.List<WebAdmin.Dtos.EqRepairDetailsDto>' does not contain a definition for 'RecordCount'
2022/8/11 上午 11:22:21 : SELECT     a.MemberSN,     a.UserId,     a.CName FROM     Member a with (nolock) WHERE     1=1 ORDER BY 1 OFFSET 0 ROWS FETCH FIRST 5 ROWS ONLY : 無效的物件名稱 'Member'。
2022/8/11 上午 11:22:21 : SELECT COUNT(*) FROM (SELECT * FROM (SELECT     a.MemberSN,     a.UserId,     a.CName FROM     Member a with (nolock) WHERE     1=1) allView) tmpVw : 無效的物件名稱 'Member'。
2022/8/11 上午 11:22:42 : One or more errors occurred. ('System.Collections.Generic.List<WebAdmin.Dtos.EqRepairDetailsDto>' does not contain a definition for 'RecordCount') : 'System.Collections.Generic.List<WebAdmin.Dtos.EqRepairDetailsDto>' does not contain a definition for 'RecordCount'
2022/8/11 上午 11:23:31 : SELECT     a.MemberSN,     a.UserId,     a.CName FROM     Member a with (nolock) WHERE     1=1 ORDER BY 1 OFFSET 0 ROWS FETCH FIRST 5 ROWS ONLY : 無效的物件名稱 'Member'。
2022/8/11 上午 11:23:31 : SELECT COUNT(*) FROM (SELECT * FROM (SELECT     a.MemberSN,     a.UserId,     a.CName FROM     Member a with (nolock) WHERE     1=1) allView) tmpVw : 無效的物件名稱 'Member'。
2022/8/11 上午 11:25:03 : SELECT     a.MemberSN,     a.UserId,     a.CName FROM     Member a with (nolock) WHERE     1=1 ORDER BY 1 OFFSET 0 ROWS FETCH FIRST 5 ROWS ONLY : 無效的物件名稱 'Member'。
2022/8/11 上午 11:25:03 : SELECT COUNT(*) FROM (SELECT * FROM (SELECT     a.MemberSN,     a.UserId,     a.CName FROM     Member a with (nolock) WHERE     1=1) allView) tmpVw : 無效的物件名稱 'Member'。
2022/8/11 上午 11:25:26 : One or more errors occurred. (Non-invocable member 'System.Collections.Generic.List<WebAdmin.Dtos.EqRepairDetailsDto>.Count' cannot be used like a method.) : Non-invocable member 'System.Collections.Generic.List<WebAdmin.Dtos.EqRepairDetailsDto>.Count' cannot be used like a method.
2022/8/11 上午 11:26:06 : SELECT     a.MemberSN,     a.UserId,     a.CName FROM     Member a with (nolock) WHERE     1=1 ORDER BY 1 OFFSET 0 ROWS FETCH FIRST 5 ROWS ONLY : 無效的物件名稱 'Member'。
2022/8/11 上午 11:26:07 : SELECT COUNT(*) FROM (SELECT * FROM (SELECT     a.MemberSN,     a.UserId,     a.CName FROM     Member a with (nolock) WHERE     1=1) allView) tmpVw : 無效的物件名稱 'Member'。
2022/8/11 上午 11:26:29 : One or more errors occurred. (Non-invocable member 'System.Collections.Generic.List<WebAdmin.Dtos.EqRepairDetailsDto>.Count' cannot be used like a method.) : Non-invocable member 'System.Collections.Generic.List<WebAdmin.Dtos.EqRepairDetailsDto>.Count' cannot be used like a method.
2022/8/11 上午 11:27:06 : SELECT     a.MemberSN,     a.UserId,     a.CName FROM     Member a with (nolock) WHERE     1=1 ORDER BY 1 OFFSET 0 ROWS FETCH FIRST 5 ROWS ONLY : 無效的物件名稱 'Member'。
2022/8/11 上午 11:27:06 : SELECT COUNT(*) FROM (SELECT * FROM (SELECT     a.MemberSN,     a.UserId,     a.CName FROM     Member a with (nolock) WHERE     1=1) allView) tmpVw : 無效的物件名稱 'Member'。
2022/8/11 上午 11:27:33 : One or more errors occurred. (Non-invocable member 'System.Collections.Generic.List<WebAdmin.Dtos.EqRepairDetailsDto>.Count' cannot be used like a method.) : Non-invocable member 'System.Collections.Generic.List<WebAdmin.Dtos.EqRepairDetailsDto>.Count' cannot be used like a method.
2022/8/11 上午 11:29:32 : SELECT     a.MemberSN,     a.UserId,     a.CName FROM     Member a with (nolock) WHERE     1=1 ORDER BY 1 OFFSET 0 ROWS FETCH FIRST 5 ROWS ONLY : 無效的物件名稱 'Member'。
2022/8/11 上午 11:29:32 : SELECT COUNT(*) FROM (SELECT * FROM (SELECT     a.MemberSN,     a.UserId,     a.CName FROM     Member a with (nolock) WHERE     1=1) allView) tmpVw : 無效的物件名稱 'Member'。
2022/8/11 上午 11:31:30 : SELECT     a.MemberSN,     a.UserId,     a.CName FROM     Member a with (nolock) WHERE     1=1 ORDER BY 1 OFFSET 0 ROWS FETCH FIRST 5 ROWS ONLY : 無效的物件名稱 'Member'。
2022/8/11 上午 11:31:31 : SELECT COUNT(*) FROM (SELECT * FROM (SELECT     a.MemberSN,     a.UserId,     a.CName FROM     Member a with (nolock) WHERE     1=1) allView) tmpVw : 無效的物件名稱 'Member'。
2022/8/11 上午 11:34:19 : SELECT     a.MemberSN,     a.UserId,     a.CName FROM     Member a with (nolock) WHERE     1=1 ORDER BY 1 OFFSET 0 ROWS FETCH FIRST 5 ROWS ONLY : 無效的物件名稱 'Member'。
2022/8/11 上午 11:34:20 : SELECT COUNT(*) FROM (SELECT * FROM (SELECT     a.MemberSN,     a.UserId,     a.CName FROM     Member a with (nolock) WHERE     1=1) allView) tmpVw : 無效的物件名稱 'Member'。
2022/8/11 上午 11:36:24 : SELECT     a.MemberSN,     a.UserId,     a.CName FROM     Member a with (nolock) WHERE     1=1 ORDER BY 1 OFFSET 0 ROWS FETCH FIRST 5 ROWS ONLY : 無效的物件名稱 'Member'。
2022/8/11 上午 11:36:25 : SELECT COUNT(*) FROM (SELECT * FROM (SELECT     a.MemberSN,     a.UserId,     a.CName FROM     Member a with (nolock) WHERE     1=1) allView) tmpVw : 無效的物件名稱 'Member'。
2022/8/11 上午 11:37:37 : SELECT     a.MemberSN,     a.UserId,     a.CName FROM     Member a with (nolock) WHERE     1=1 ORDER BY 1 OFFSET 0 ROWS FETCH FIRST 5 ROWS ONLY : 無效的物件名稱 'Member'。
2022/8/11 上午 11:37:37 : SELECT COUNT(*) FROM (SELECT * FROM (SELECT     a.MemberSN,     a.UserId,     a.CName FROM     Member a with (nolock) WHERE     1=1) allView) tmpVw : 無效的物件名稱 'Member'。
2022/8/11 上午 11:38:21 : SELECT     a.MemberSN,     a.UserId,     a.CName FROM     Member a with (nolock) WHERE     1=1 ORDER BY 1 OFFSET 0 ROWS FETCH FIRST 5 ROWS ONLY : 無效的物件名稱 'Member'。
2022/8/11 上午 11:38:21 : SELECT COUNT(*) FROM (SELECT * FROM (SELECT     a.MemberSN,     a.UserId,     a.CName FROM     Member a with (nolock) WHERE     1=1) allView) tmpVw : 無效的物件名稱 'Member'。
2022/8/11 上午 11:42:12 : SELECT     a.MemberSN,     a.UserId,     a.CName FROM     Member a with (nolock) WHERE     1=1 ORDER BY 1 OFFSET 0 ROWS FETCH FIRST 5 ROWS ONLY : 無效的物件名稱 'Member'。
2022/8/11 上午 11:42:12 : SELECT COUNT(*) FROM (SELECT * FROM (SELECT     a.MemberSN,     a.UserId,     a.CName FROM     Member a with (nolock) WHERE     1=1) allView) tmpVw : 無效的物件名稱 'Member'。
2022/8/11 上午 11:42:51 : SELECT     a.MemberSN,     a.UserId,     a.CName FROM     Member a with (nolock) WHERE     1=1 ORDER BY 1 OFFSET 0 ROWS FETCH FIRST 5 ROWS ONLY : 無效的物件名稱 'Member'。
2022/8/11 上午 11:42:51 : SELECT COUNT(*) FROM (SELECT * FROM (SELECT     a.MemberSN,     a.UserId,     a.CName FROM     Member a with (nolock) WHERE     1=1) allView) tmpVw : 無效的物件名稱 'Member'。
2022/8/11 上午 11:43:01 : SELECT     a.MemberSN,     a.UserId,     a.CName FROM     Member a with (nolock) WHERE     1=1 ORDER BY 1 OFFSET 0 ROWS FETCH FIRST 5 ROWS ONLY : 無效的物件名稱 'Member'。
2022/8/11 上午 11:43:01 : SELECT COUNT(*) FROM (SELECT * FROM (SELECT     a.MemberSN,     a.UserId,     a.CName FROM     Member a with (nolock) WHERE     1=1) allView) tmpVw : 無效的物件名稱 'Member'。
2022/8/11 上午 11:43:29 : SELECT     a.MemberSN,     a.UserId,     a.CName FROM     Member a with (nolock) WHERE     1=1 ORDER BY 1 OFFSET 0 ROWS FETCH FIRST 5 ROWS ONLY : 無效的物件名稱 'Member'。
2022/8/11 上午 11:43:29 : SELECT COUNT(*) FROM (SELECT * FROM (SELECT     a.MemberSN,     a.UserId,     a.CName FROM     Member a with (nolock) WHERE     1=1) allView) tmpVw : 無效的物件名稱 'Member'。
2022/8/11 上午 11:44:11 : SELECT     a.MemberSN,     a.UserId,     a.CName FROM     Member a with (nolock) WHERE     1=1 ORDER BY 1 OFFSET 0 ROWS FETCH FIRST 5 ROWS ONLY : 無效的物件名稱 'Member'。
2022/8/11 上午 11:44:11 : SELECT COUNT(*) FROM (SELECT * FROM (SELECT     a.MemberSN,     a.UserId,     a.CName FROM     Member a with (nolock) WHERE     1=1) allView) tmpVw : 無效的物件名稱 'Member'。
2022/8/11 上午 11:46:33 : SELECT     a.MemberSN,     a.UserId,     a.CName FROM     Member a with (nolock) WHERE     1=1 ORDER BY 1 OFFSET 0 ROWS FETCH FIRST 5 ROWS ONLY : 無效的物件名稱 'Member'。
2022/8/11 上午 11:46:33 : SELECT COUNT(*) FROM (SELECT * FROM (SELECT     a.MemberSN,     a.UserId,     a.CName FROM     Member a with (nolock) WHERE     1=1) allView) tmpVw : 無效的物件名稱 'Member'。
2022/8/11 上午 11:47:45 : SELECT     a.MemberSN,     a.UserId,     a.CName FROM     Member a with (nolock) WHERE     1=1 ORDER BY 1 OFFSET 0 ROWS FETCH FIRST 5 ROWS ONLY : 無效的物件名稱 'Member'。
2022/8/11 上午 11:47:45 : SELECT COUNT(*) FROM (SELECT * FROM (SELECT     a.MemberSN,     a.UserId,     a.CName FROM     Member a with (nolock) WHERE     1=1) allView) tmpVw : 無效的物件名稱 'Member'。
2022/8/11 上午 11:52:54 : SELECT     a.MemberSN,     a.UserId,     a.CName FROM     Member a with (nolock) WHERE     1=1 ORDER BY 1 OFFSET 0 ROWS FETCH FIRST 5 ROWS ONLY : 無效的物件名稱 'Member'。
2022/8/11 上午 11:52:54 : SELECT COUNT(*) FROM (SELECT * FROM (SELECT     a.MemberSN,     a.UserId,     a.CName FROM     Member a with (nolock) WHERE     1=1) allView) tmpVw : 無效的物件名稱 'Member'。
2022/8/11 上午 11:54:41 : SELECT     a.MemberSN,     a.UserId,     a.CName FROM     Member a with (nolock) WHERE     1=1 ORDER BY 1 OFFSET 0 ROWS FETCH FIRST 5 ROWS ONLY : 無效的物件名稱 'Member'。
2022/8/11 上午 11:54:41 : SELECT COUNT(*) FROM (SELECT * FROM (SELECT     a.MemberSN,     a.UserId,     a.CName FROM     Member a with (nolock) WHERE     1=1) allView) tmpVw : 無效的物件名稱 'Member'。
2022/8/11 下午 12:10:08 : SELECT     a.MemberSN,     a.UserId,     a.CName FROM     Member a with (nolock) WHERE     1=1 ORDER BY 1 OFFSET 0 ROWS FETCH FIRST 5 ROWS ONLY : 無效的物件名稱 'Member'。
2022/8/11 下午 12:10:08 : SELECT COUNT(*) FROM (SELECT * FROM (SELECT     a.MemberSN,     a.UserId,     a.CName FROM     Member a with (nolock) WHERE     1=1) allView) tmpVw : 無效的物件名稱 'Member'。
2022/8/11 下午 12:11:08 : SELECT     a.MemberSN,     a.UserId,     a.CName FROM     Member a with (nolock) WHERE     1=1 ORDER BY 1 OFFSET 0 ROWS FETCH FIRST 5 ROWS ONLY : 無效的物件名稱 'Member'。
2022/8/11 下午 12:11:09 : SELECT COUNT(*) FROM (SELECT * FROM (SELECT     a.MemberSN,     a.UserId,     a.CName FROM     Member a with (nolock) WHERE     1=1) allView) tmpVw : 無效的物件名稱 'Member'。
2022/8/11 下午 12:12:01 : SELECT     a.MemberSN,     a.UserId,     a.CName FROM     Member a with (nolock) WHERE     1=1 ORDER BY 1 OFFSET 0 ROWS FETCH FIRST 5 ROWS ONLY : 無效的物件名稱 'Member'。
2022/8/11 下午 12:12:01 : SELECT COUNT(*) FROM (SELECT * FROM (SELECT     a.MemberSN,     a.UserId,     a.CName FROM     Member a with (nolock) WHERE     1=1) allView) tmpVw : 無效的物件名稱 'Member'。
2022/8/11 下午 12:12:43 : SELECT     a.MemberSN,     a.UserId,     a.CName FROM     Member a with (nolock) WHERE     1=1 ORDER BY 1 OFFSET 0 ROWS FETCH FIRST 5 ROWS ONLY : 無效的物件名稱 'Member'。
2022/8/11 下午 12:12:43 : SELECT COUNT(*) FROM (SELECT * FROM (SELECT     a.MemberSN,     a.UserId,     a.CName FROM     Member a with (nolock) WHERE     1=1) allView) tmpVw : 無效的物件名稱 'Member'。
2022/8/11 下午 12:13:23 : SELECT     a.MemberSN,     a.UserId,     a.CName FROM     Member a with (nolock) WHERE     1=1 ORDER BY 1 OFFSET 0 ROWS FETCH FIRST 5 ROWS ONLY : 無效的物件名稱 'Member'。
2022/8/11 下午 12:13:23 : SELECT COUNT(*) FROM (SELECT * FROM (SELECT     a.MemberSN,     a.UserId,     a.CName FROM     Member a with (nolock) WHERE     1=1) allView) tmpVw : 無效的物件名稱 'Member'。
2022/8/11 下午 12:13:53 : SELECT     a.MemberSN,     a.UserId,     a.CName FROM     Member a with (nolock) WHERE     1=1 ORDER BY 1 OFFSET 0 ROWS FETCH FIRST 5 ROWS ONLY : 無效的物件名稱 'Member'。
2022/8/11 下午 12:13:53 : SELECT COUNT(*) FROM (SELECT * FROM (SELECT     a.MemberSN,     a.UserId,     a.CName FROM     Member a with (nolock) WHERE     1=1) allView) tmpVw : 無效的物件名稱 'Member'。
2022/8/11 下午 12:19:20 : SELECT     a.MemberSN,     a.UserId,     a.CName FROM     Member a with (nolock) WHERE     1=1 ORDER BY 1 OFFSET 0 ROWS FETCH FIRST 5 ROWS ONLY : 無效的物件名稱 'Member'。
2022/8/11 下午 12:19:20 : SELECT COUNT(*) FROM (SELECT * FROM (SELECT     a.MemberSN,     a.UserId,     a.CName FROM     Member a with (nolock) WHERE     1=1) allView) tmpVw : 無效的物件名稱 'Member'。
2022/8/11 下午 12:19:53 : SELECT     a.MemberSN,     a.UserId,     a.CName FROM     Member a with (nolock) WHERE     1=1 ORDER BY 1 OFFSET 0 ROWS FETCH FIRST 5 ROWS ONLY : 無效的物件名稱 'Member'。
2022/8/11 下午 12:19:53 : SELECT COUNT(*) FROM (SELECT * FROM (SELECT     a.MemberSN,     a.UserId,     a.CName FROM     Member a with (nolock) WHERE     1=1) allView) tmpVw : 無效的物件名稱 'Member'。
2022/8/11 下午 12:24:26 : SELECT     a.MemberSN,     a.UserId,     a.CName FROM     Member a with (nolock) WHERE     1=1 ORDER BY 1 OFFSET 0 ROWS FETCH FIRST 5 ROWS ONLY : 無效的物件名稱 'Member'。
2022/8/11 下午 12:24:26 : SELECT COUNT(*) FROM (SELECT * FROM (SELECT     a.MemberSN,     a.UserId,     a.CName FROM     Member a with (nolock) WHERE     1=1) allView) tmpVw : 無效的物件名稱 'Member'。
2022/8/11 下午 12:30:43 : SELECT     a.MemberSN,     a.UserId,     a.CName FROM     Member a with (nolock) WHERE     1=1 ORDER BY 1 OFFSET 0 ROWS FETCH FIRST 5 ROWS ONLY : 無效的物件名稱 'Member'。
2022/8/11 下午 12:30:44 : SELECT COUNT(*) FROM (SELECT * FROM (SELECT     a.MemberSN,     a.UserId,     a.CName FROM     Member a with (nolock) WHERE     1=1) allView) tmpVw : 無效的物件名稱 'Member'。
2022/8/11 下午 12:31:50 : SELECT     a.MemberSN,     a.UserId,     a.CName FROM     Member a with (nolock) WHERE     1=1 ORDER BY 1 OFFSET 0 ROWS FETCH FIRST 5 ROWS ONLY : 無效的物件名稱 'Member'。
2022/8/11 下午 12:31:50 : SELECT COUNT(*) FROM (SELECT * FROM (SELECT     a.MemberSN,     a.UserId,     a.CName FROM     Member a with (nolock) WHERE     1=1) allView) tmpVw : 無效的物件名稱 'Member'。
2022/8/11 下午 12:32:15 : SELECT     a.MemberSN,     a.UserId,     a.CName FROM     Member a with (nolock) WHERE     1=1 ORDER BY 1 OFFSET 0 ROWS FETCH FIRST 5 ROWS ONLY : 無效的物件名稱 'Member'。
2022/8/11 下午 12:32:15 : SELECT COUNT(*) FROM (SELECT * FROM (SELECT     a.MemberSN,     a.UserId,     a.CName FROM     Member a with (nolock) WHERE     1=1) allView) tmpVw : 無效的物件名稱 'Member'。
2022/8/11 下午 12:34:24 : SELECT     a.MemberSN,     a.UserId,     a.CName FROM     Member a with (nolock) WHERE     1=1 ORDER BY 1 OFFSET 0 ROWS FETCH FIRST 5 ROWS ONLY : 無效的物件名稱 'Member'。
2022/8/11 下午 12:34:24 : SELECT COUNT(*) FROM (SELECT * FROM (SELECT     a.MemberSN,     a.UserId,     a.CName FROM     Member a with (nolock) WHERE     1=1) allView) tmpVw : 無效的物件名稱 'Member'。
2022/8/11 下午 12:37:38 : SELECT     a.MemberSN,     a.UserId,     a.CName FROM     Member a with (nolock) WHERE     1=1 ORDER BY 1 OFFSET 0 ROWS FETCH FIRST 5 ROWS ONLY : 無效的物件名稱 'Member'。
2022/8/11 下午 12:37:38 : SELECT COUNT(*) FROM (SELECT * FROM (SELECT     a.MemberSN,     a.UserId,     a.CName FROM     Member a with (nolock) WHERE     1=1) allView) tmpVw : 無效的物件名稱 'Member'。
2022/8/11 下午 01:23:05 : SELECT     a.MemberSN,     a.UserId,     a.CName FROM     Member a with (nolock) WHERE     1=1 ORDER BY 1 OFFSET 0 ROWS FETCH FIRST 5 ROWS ONLY : 無效的物件名稱 'Member'。
2022/8/11 下午 01:23:05 : SELECT COUNT(*) FROM (SELECT * FROM (SELECT     a.MemberSN,     a.UserId,     a.CName FROM     Member a with (nolock) WHERE     1=1) allView) tmpVw : 無效的物件名稱 'Member'。
2022/8/11 下午 01:23:19 : SELECT     a.MemberSN,     a.UserId,     a.CName FROM     Member a with (nolock) WHERE     1=1 ORDER BY 1 OFFSET 0 ROWS FETCH FIRST 5 ROWS ONLY : 無效的物件名稱 'Member'。
2022/8/11 下午 01:23:19 : SELECT COUNT(*) FROM (SELECT * FROM (SELECT     a.MemberSN,     a.UserId,     a.CName FROM     Member a with (nolock) WHERE     1=1) allView) tmpVw : 無效的物件名稱 'Member'。
2022/8/11 下午 01:27:13 : SELECT     a.MemberSN,     a.UserId,     a.CName FROM     Member a with (nolock) WHERE     1=1 ORDER BY 1 OFFSET 0 ROWS FETCH FIRST 5 ROWS ONLY : 無效的物件名稱 'Member'。
2022/8/11 下午 01:27:13 : SELECT COUNT(*) FROM (SELECT * FROM (SELECT     a.MemberSN,     a.UserId,     a.CName FROM     Member a with (nolock) WHERE     1=1) allView) tmpVw : 無效的物件名稱 'Member'。
2022/8/11 下午 01:29:32 : SELECT     a.MemberSN,     a.UserId,     a.CName FROM     Member a with (nolock) WHERE     1=1 ORDER BY 1 OFFSET 0 ROWS FETCH FIRST 5 ROWS ONLY : 無效的物件名稱 'Member'。
2022/8/11 下午 01:29:33 : SELECT COUNT(*) FROM (SELECT * FROM (SELECT     a.MemberSN,     a.UserId,     a.CName FROM     Member a with (nolock) WHERE     1=1) allView) tmpVw : 無效的物件名稱 'Member'。
2022/8/11 下午 01:31:54 : SELECT     a.MemberSN,     a.UserId,     a.CName FROM     Member a with (nolock) WHERE     1=1 ORDER BY 1 OFFSET 0 ROWS FETCH FIRST 5 ROWS ONLY : 無效的物件名稱 'Member'。
2022/8/11 下午 01:31:54 : SELECT COUNT(*) FROM (SELECT * FROM (SELECT     a.MemberSN,     a.UserId,     a.CName FROM     Member a with (nolock) WHERE     1=1) allView) tmpVw : 無效的物件名稱 'Member'。
2022/8/11 下午 01:37:15 : SELECT     a.MemberSN,     a.UserId,     a.CName FROM     Member a with (nolock) WHERE     1=1 ORDER BY 1 OFFSET 0 ROWS FETCH FIRST 5 ROWS ONLY : 無效的物件名稱 'Member'。
2022/8/11 下午 01:37:15 : SELECT COUNT(*) FROM (SELECT * FROM (SELECT     a.MemberSN,     a.UserId,     a.CName FROM     Member a with (nolock) WHERE     1=1) allView) tmpVw : 無效的物件名稱 'Member'。
2022/8/11 下午 01:55:07 : SELECT     a.MemberSN,     a.UserId,     a.CName FROM     Member a with (nolock) WHERE     1=1 ORDER BY 1 OFFSET 0 ROWS FETCH FIRST 5 ROWS ONLY : 無效的物件名稱 'Member'。
2022/8/11 下午 01:55:08 : SELECT COUNT(*) FROM (SELECT * FROM (SELECT     a.MemberSN,     a.UserId,     a.CName FROM     Member a with (nolock) WHERE     1=1) allView) tmpVw : 無效的物件名稱 'Member'。
2022/8/11 下午 01:55:32 : One or more errors occurred. (Index was out of range. Must be non-negative and less than the size of the collection. (Parameter 'index')) : Index was out of range. Must be non-negative and less than the size of the collection. (Parameter 'index')
2022/8/11 下午 01:55:55 : One or more errors occurred. (Index was out of range. Must be non-negative and less than the size of the collection. (Parameter 'index')) : Index was out of range. Must be non-negative and less than the size of the collection. (Parameter 'index')
2022/8/11 下午 01:56:50 : One or more errors occurred. (Index was out of range. Must be non-negative and less than the size of the collection. (Parameter 'index')) : Index was out of range. Must be non-negative and less than the size of the collection. (Parameter 'index')
2022/8/11 下午 01:59:15 : SELECT     a.MemberSN,     a.UserId,     a.CName FROM     Member a with (nolock) WHERE     1=1 ORDER BY 1 OFFSET 0 ROWS FETCH FIRST 5 ROWS ONLY : 無效的物件名稱 'Member'。
2022/8/11 下午 01:59:15 : SELECT COUNT(*) FROM (SELECT * FROM (SELECT     a.MemberSN,     a.UserId,     a.CName FROM     Member a with (nolock) WHERE     1=1) allView) tmpVw : 無效的物件名稱 'Member'。
2022/8/11 下午 02:04:00 : SELECT     a.MemberSN,     a.UserId,     a.CName FROM     Member a with (nolock) WHERE     1=1 ORDER BY 1 OFFSET 0 ROWS FETCH FIRST 5 ROWS ONLY : 無效的物件名稱 'Member'。
2022/8/11 下午 02:04:00 : SELECT COUNT(*) FROM (SELECT * FROM (SELECT     a.MemberSN,     a.UserId,     a.CName FROM     Member a with (nolock) WHERE     1=1) allView) tmpVw : 無效的物件名稱 'Member'。
2022/8/11 下午 02:05:29 : SELECT     a.MemberSN,     a.UserId,     a.CName FROM     Member a with (nolock) WHERE     1=1 ORDER BY 1 OFFSET 0 ROWS FETCH FIRST 5 ROWS ONLY : 無效的物件名稱 'Member'。
2022/8/11 下午 02:05:29 : SELECT COUNT(*) FROM (SELECT * FROM (SELECT     a.MemberSN,     a.UserId,     a.CName FROM     Member a with (nolock) WHERE     1=1) allView) tmpVw : 無效的物件名稱 'Member'。
2022/8/11 下午 02:08:11 : SELECT     a.MemberSN,     a.UserId,     a.CName FROM     Member a with (nolock) WHERE     1=1 ORDER BY 1 OFFSET 0 ROWS FETCH FIRST 5 ROWS ONLY : 無效的物件名稱 'Member'。
2022/8/11 下午 02:08:11 : SELECT COUNT(*) FROM (SELECT * FROM (SELECT     a.MemberSN,     a.UserId,     a.CName FROM     Member a with (nolock) WHERE     1=1) allView) tmpVw : 無效的物件名稱 'Member'。
2022/8/11 下午 02:09:44 : SELECT     a.MemberSN,     a.UserId,     a.CName FROM     Member a with (nolock) WHERE     1=1 ORDER BY 1 OFFSET 0 ROWS FETCH FIRST 5 ROWS ONLY : 無效的物件名稱 'Member'。
2022/8/11 下午 02:09:44 : SELECT COUNT(*) FROM (SELECT * FROM (SELECT     a.MemberSN,     a.UserId,     a.CName FROM     Member a with (nolock) WHERE     1=1) allView) tmpVw : 無效的物件名稱 'Member'。
2022/8/11 下午 02:11:15 : SELECT     a.MemberSN,     a.UserId,     a.CName FROM     Member a with (nolock) WHERE     1=1 ORDER BY 1 OFFSET 0 ROWS FETCH FIRST 5 ROWS ONLY : 無效的物件名稱 'Member'。
2022/8/11 下午 02:11:15 : SELECT COUNT(*) FROM (SELECT * FROM (SELECT     a.MemberSN,     a.UserId,     a.CName FROM     Member a with (nolock) WHERE     1=1) allView) tmpVw : 無效的物件名稱 'Member'。
2022/8/11 下午 02:11:25 : One or more errors occurred. (Index was out of range. Must be non-negative and less than the size of the collection. (Parameter 'index')) : Index was out of range. Must be non-negative and less than the size of the collection. (Parameter 'index')
2022/8/11 下午 02:11:58 : One or more errors occurred. (Index was out of range. Must be non-negative and less than the size of the collection. (Parameter 'index')) : Index was out of range. Must be non-negative and less than the size of the collection. (Parameter 'index')
2022/8/11 下午 02:12:48 : SELECT     a.MemberSN,     a.UserId,     a.CName FROM     Member a with (nolock) WHERE     1=1 ORDER BY 1 OFFSET 0 ROWS FETCH FIRST 5 ROWS ONLY : 無效的物件名稱 'Member'。
2022/8/11 下午 02:12:49 : SELECT COUNT(*) FROM (SELECT * FROM (SELECT     a.MemberSN,     a.UserId,     a.CName FROM     Member a with (nolock) WHERE     1=1) allView) tmpVw : 無效的物件名稱 'Member'。
2022/8/11 下午 02:15:18 : SELECT     a.MemberSN,     a.UserId,     a.CName FROM     Member a with (nolock) WHERE     1=1 ORDER BY 1 OFFSET 0 ROWS FETCH FIRST 5 ROWS ONLY : 無效的物件名稱 'Member'。
2022/8/11 下午 02:15:18 : SELECT COUNT(*) FROM (SELECT * FROM (SELECT     a.MemberSN,     a.UserId,     a.CName FROM     Member a with (nolock) WHERE     1=1) allView) tmpVw : 無效的物件名稱 'Member'。
2022/8/11 下午 02:18:21 : SELECT     a.MemberSN,     a.UserId,     a.CName FROM     Member a with (nolock) WHERE     1=1 ORDER BY 1 OFFSET 0 ROWS FETCH FIRST 5 ROWS ONLY : 無效的物件名稱 'Member'。
2022/8/11 下午 02:18:21 : SELECT COUNT(*) FROM (SELECT * FROM (SELECT     a.MemberSN,     a.UserId,     a.CName FROM     Member a with (nolock) WHERE     1=1) allView) tmpVw : 無效的物件名稱 'Member'。
2022/8/11 下午 02:19:52 : SELECT     a.MemberSN,     a.UserId,     a.CName FROM     Member a with (nolock) WHERE     1=1 ORDER BY 1 OFFSET 0 ROWS FETCH FIRST 5 ROWS ONLY : 無效的物件名稱 'Member'。
2022/8/11 下午 02:19:52 : SELECT COUNT(*) FROM (SELECT * FROM (SELECT     a.MemberSN,     a.UserId,     a.CName FROM     Member a with (nolock) WHERE     1=1) allView) tmpVw : 無效的物件名稱 'Member'。
2022/8/11 下午 02:20:18 : SELECT     a.MemberSN,     a.UserId,     a.CName FROM     Member a with (nolock) WHERE     1=1 ORDER BY 1 OFFSET 0 ROWS FETCH FIRST 5 ROWS ONLY : 無效的物件名稱 'Member'。
2022/8/11 下午 02:20:18 : SELECT COUNT(*) FROM (SELECT * FROM (SELECT     a.MemberSN,     a.UserId,     a.CName FROM     Member a with (nolock) WHERE     1=1) allView) tmpVw : 無效的物件名稱 'Member'。
2022/8/11 下午 02:27:05 : SELECT     a.MemberSN,     a.UserId,     a.CName FROM     Member a with (nolock) WHERE     1=1 ORDER BY 1 OFFSET 0 ROWS FETCH FIRST 5 ROWS ONLY : 無效的物件名稱 'Member'。
2022/8/11 下午 02:27:05 : SELECT COUNT(*) FROM (SELECT * FROM (SELECT     a.MemberSN,     a.UserId,     a.CName FROM     Member a with (nolock) WHERE     1=1) allView) tmpVw : 無效的物件名稱 'Member'。
2022/8/11 下午 02:27:45 : SELECT     a.MemberSN,     a.UserId,     a.CName FROM     Member a with (nolock) WHERE     1=1 ORDER BY 1 OFFSET 0 ROWS FETCH FIRST 5 ROWS ONLY : 無效的物件名稱 'Member'。
2022/8/11 下午 02:27:46 : SELECT COUNT(*) FROM (SELECT * FROM (SELECT     a.MemberSN,     a.UserId,     a.CName FROM     Member a with (nolock) WHERE     1=1) allView) tmpVw : 無效的物件名稱 'Member'。
2022/8/11 下午 02:29:41 : SELECT     a.MemberSN,     a.UserId,     a.CName FROM     Member a with (nolock) WHERE     1=1 ORDER BY 1 OFFSET 0 ROWS FETCH FIRST 5 ROWS ONLY : 無效的物件名稱 'Member'。
2022/8/11 下午 02:29:41 : SELECT COUNT(*) FROM (SELECT * FROM (SELECT     a.MemberSN,     a.UserId,     a.CName FROM     Member a with (nolock) WHERE     1=1) allView) tmpVw : 無效的物件名稱 'Member'。
2022/8/11 下午 02:32:17 : SELECT     a.MemberSN,     a.UserId,     a.CName FROM     Member a with (nolock) WHERE     1=1 ORDER BY 1 OFFSET 0 ROWS FETCH FIRST 5 ROWS ONLY : 無效的物件名稱 'Member'。
2022/8/11 下午 02:32:17 : SELECT COUNT(*) FROM (SELECT * FROM (SELECT     a.MemberSN,     a.UserId,     a.CName FROM     Member a with (nolock) WHERE     1=1) allView) tmpVw : 無效的物件名稱 'Member'。
2022/8/11 下午 02:32:54 : SELECT     a.MemberSN,     a.UserId,     a.CName FROM     Member a with (nolock) WHERE     1=1 ORDER BY 1 OFFSET 0 ROWS FETCH FIRST 5 ROWS ONLY : 無效的物件名稱 'Member'。
2022/8/11 下午 02:32:54 : SELECT COUNT(*) FROM (SELECT * FROM (SELECT     a.MemberSN,     a.UserId,     a.CName FROM     Member a with (nolock) WHERE     1=1) allView) tmpVw : 無效的物件名稱 'Member'。
2022/8/11 下午 02:33:04 : SELECT     a.MemberSN,     a.UserId,     a.CName FROM     Member a with (nolock) WHERE     1=1 ORDER BY 1 OFFSET 0 ROWS FETCH FIRST 5 ROWS ONLY : 無效的物件名稱 'Member'。
2022/8/11 下午 02:33:05 : SELECT COUNT(*) FROM (SELECT * FROM (SELECT     a.MemberSN,     a.UserId,     a.CName FROM     Member a with (nolock) WHERE     1=1) allView) tmpVw : 無效的物件名稱 'Member'。
2022/8/11 下午 02:33:56 : SELECT     a.MemberSN,     a.UserId,     a.CName FROM     Member a with (nolock) WHERE     1=1 ORDER BY 1 OFFSET 0 ROWS FETCH FIRST 5 ROWS ONLY : 無效的物件名稱 'Member'。
2022/8/11 下午 02:33:56 : SELECT COUNT(*) FROM (SELECT * FROM (SELECT     a.MemberSN,     a.UserId,     a.CName FROM     Member a with (nolock) WHERE     1=1) allView) tmpVw : 無效的物件名稱 'Member'。
2022/8/11 下午 02:34:47 : SELECT     a.MemberSN,     a.UserId,     a.CName FROM     Member a with (nolock) WHERE     1=1 ORDER BY 1 OFFSET 0 ROWS FETCH FIRST 5 ROWS ONLY : 無效的物件名稱 'Member'。
2022/8/11 下午 02:34:47 : SELECT COUNT(*) FROM (SELECT * FROM (SELECT     a.MemberSN,     a.UserId,     a.CName FROM     Member a with (nolock) WHERE     1=1) allView) tmpVw : 無效的物件名稱 'Member'。
2022/8/11 下午 02:41:56 : SELECT     a.MemberSN,     a.UserId,     a.CName FROM     Member a with (nolock) WHERE     1=1 ORDER BY 1 OFFSET 0 ROWS FETCH FIRST 5 ROWS ONLY : 無效的物件名稱 'Member'。
2022/8/11 下午 02:41:56 : SELECT COUNT(*) FROM (SELECT * FROM (SELECT     a.MemberSN,     a.UserId,     a.CName FROM     Member a with (nolock) WHERE     1=1) allView) tmpVw : 無效的物件名稱 'Member'。
2022/8/11 下午 02:47:59 : SELECT     a.MemberSN,     a.UserId,     a.CName FROM     Member a with (nolock) WHERE     1=1 ORDER BY 1 OFFSET 0 ROWS FETCH FIRST 5 ROWS ONLY : 無效的物件名稱 'Member'。
2022/8/11 下午 02:47:59 : SELECT COUNT(*) FROM (SELECT * FROM (SELECT     a.MemberSN,     a.UserId,     a.CName FROM     Member a with (nolock) WHERE     1=1) allView) tmpVw : 無效的物件名稱 'Member'。
2022/8/11 下午 02:52:51 : SELECT     a.MemberSN,     a.UserId,     a.CName FROM     Member a with (nolock) WHERE     1=1 ORDER BY 1 OFFSET 0 ROWS FETCH FIRST 5 ROWS ONLY : 無效的物件名稱 'Member'。
2022/8/11 下午 02:52:51 : SELECT COUNT(*) FROM (SELECT * FROM (SELECT     a.MemberSN,     a.UserId,     a.CName FROM     Member a with (nolock) WHERE     1=1) allView) tmpVw : 無效的物件名稱 'Member'。
2022/8/11 下午 02:58:35 : SELECT     a.MemberSN,     a.UserId,     a.CName FROM     Member a with (nolock) WHERE     1=1 ORDER BY 1 OFFSET 0 ROWS FETCH FIRST 5 ROWS ONLY : 無效的物件名稱 'Member'。
2022/8/11 下午 02:58:36 : SELECT COUNT(*) FROM (SELECT * FROM (SELECT     a.MemberSN,     a.UserId,     a.CName FROM     Member a with (nolock) WHERE     1=1) allView) tmpVw : 無效的物件名稱 'Member'。
2022/8/11 下午 03:01:25 : SELECT     a.MemberSN,     a.UserId,     a.CName FROM     Member a with (nolock) WHERE     1=1 ORDER BY 1 OFFSET 0 ROWS FETCH FIRST 5 ROWS ONLY : 無效的物件名稱 'Member'。
2022/8/11 下午 03:01:25 : SELECT COUNT(*) FROM (SELECT * FROM (SELECT     a.MemberSN,     a.UserId,     a.CName FROM     Member a with (nolock) WHERE     1=1) allView) tmpVw : 無效的物件名稱 'Member'。
2022/8/11 下午 03:02:56 : SELECT     a.MemberSN,     a.UserId,     a.CName FROM     Member a with (nolock) WHERE     1=1 ORDER BY 1 OFFSET 0 ROWS FETCH FIRST 5 ROWS ONLY : 無效的物件名稱 'Member'。
2022/8/11 下午 03:02:56 : SELECT COUNT(*) FROM (SELECT * FROM (SELECT     a.MemberSN,     a.UserId,     a.CName FROM     Member a with (nolock) WHERE     1=1) allView) tmpVw : 無效的物件名稱 'Member'。
2022/8/11 下午 03:05:21 : SELECT     a.MemberSN,     a.UserId,     a.CName FROM     Member a with (nolock) WHERE     1=1 ORDER BY 1 OFFSET 0 ROWS FETCH FIRST 5 ROWS ONLY : 無效的物件名稱 'Member'。
2022/8/11 下午 03:05:21 : SELECT COUNT(*) FROM (SELECT * FROM (SELECT     a.MemberSN,     a.UserId,     a.CName FROM     Member a with (nolock) WHERE     1=1) allView) tmpVw : 無效的物件名稱 'Member'。
2022/8/11 下午 03:06:54 : SELECT     a.MemberSN,     a.UserId,     a.CName FROM     Member a with (nolock) WHERE     1=1 ORDER BY 1 OFFSET 0 ROWS FETCH FIRST 5 ROWS ONLY : 無效的物件名稱 'Member'。
2022/8/11 下午 03:06:54 : SELECT COUNT(*) FROM (SELECT * FROM (SELECT     a.MemberSN,     a.UserId,     a.CName FROM     Member a with (nolock) WHERE     1=1) allView) tmpVw : 無效的物件名稱 'Member'。
2022/8/11 下午 03:15:25 : SELECT     a.MemberSN,     a.UserId,     a.CName FROM     Member a with (nolock) WHERE     1=1 ORDER BY 1 OFFSET 0 ROWS FETCH FIRST 5 ROWS ONLY : 無效的物件名稱 'Member'。
2022/8/11 下午 03:15:25 : SELECT COUNT(*) FROM (SELECT * FROM (SELECT     a.MemberSN,     a.UserId,     a.CName FROM     Member a with (nolock) WHERE     1=1) allView) tmpVw : 無效的物件名稱 'Member'。
2022/8/11 下午 03:17:13 : SELECT     a.MemberSN,     a.UserId,     a.CName FROM     Member a with (nolock) WHERE     1=1 ORDER BY 1 OFFSET 0 ROWS FETCH FIRST 5 ROWS ONLY : 無效的物件名稱 'Member'。
2022/8/11 下午 03:17:13 : SELECT COUNT(*) FROM (SELECT * FROM (SELECT     a.MemberSN,     a.UserId,     a.CName FROM     Member a with (nolock) WHERE     1=1) allView) tmpVw : 無效的物件名稱 'Member'。
2022/8/11 下午 03:19:11 : SELECT     a.MemberSN,     a.UserId,     a.CName FROM     Member a with (nolock) WHERE     1=1 ORDER BY 1 OFFSET 0 ROWS FETCH FIRST 5 ROWS ONLY : 無效的物件名稱 'Member'。
2022/8/11 下午 03:19:11 : SELECT COUNT(*) FROM (SELECT * FROM (SELECT     a.MemberSN,     a.UserId,     a.CName FROM     Member a with (nolock) WHERE     1=1) allView) tmpVw : 無效的物件名稱 'Member'。
2022/8/11 下午 03:20:02 : SELECT     a.MemberSN,     a.UserId,     a.CName FROM     Member a with (nolock) WHERE     1=1 ORDER BY 1 OFFSET 0 ROWS FETCH FIRST 5 ROWS ONLY : 無效的物件名稱 'Member'。
2022/8/11 下午 03:20:02 : SELECT COUNT(*) FROM (SELECT * FROM (SELECT     a.MemberSN,     a.UserId,     a.CName FROM     Member a with (nolock) WHERE     1=1) allView) tmpVw : 無效的物件名稱 'Member'。
2022/8/11 下午 03:20:43 : SELECT     a.MemberSN,     a.UserId,     a.CName FROM     Member a with (nolock) WHERE     1=1 ORDER BY 1 OFFSET 0 ROWS FETCH FIRST 5 ROWS ONLY : 無效的物件名稱 'Member'。
2022/8/11 下午 03:20:43 : SELECT COUNT(*) FROM (SELECT * FROM (SELECT     a.MemberSN,     a.UserId,     a.CName FROM     Member a with (nolock) WHERE     1=1) allView) tmpVw : 無效的物件名稱 'Member'。
2022/8/11 下午 03:21:29 : SELECT     a.MemberSN,     a.UserId,     a.CName FROM     Member a with (nolock) WHERE     1=1 ORDER BY 1 OFFSET 0 ROWS FETCH FIRST 5 ROWS ONLY : 無效的物件名稱 'Member'。
2022/8/11 下午 03:21:29 : SELECT COUNT(*) FROM (SELECT * FROM (SELECT     a.MemberSN,     a.UserId,     a.CName FROM     Member a with (nolock) WHERE     1=1) allView) tmpVw : 無效的物件名稱 'Member'。
2022/8/11 下午 03:22:09 : SELECT     a.MemberSN,     a.UserId,     a.CName FROM     Member a with (nolock) WHERE     1=1 ORDER BY 1 OFFSET 0 ROWS FETCH FIRST 5 ROWS ONLY : 無效的物件名稱 'Member'。
2022/8/11 下午 03:22:09 : SELECT COUNT(*) FROM (SELECT * FROM (SELECT     a.MemberSN,     a.UserId,     a.CName FROM     Member a with (nolock) WHERE     1=1) allView) tmpVw : 無效的物件名稱 'Member'。
2022/8/11 下午 03:22:55 : SELECT     a.MemberSN,     a.UserId,     a.CName FROM     Member a with (nolock) WHERE     1=1 ORDER BY 1 OFFSET 0 ROWS FETCH FIRST 5 ROWS ONLY : 無效的物件名稱 'Member'。
2022/8/11 下午 03:22:56 : SELECT COUNT(*) FROM (SELECT * FROM (SELECT     a.MemberSN,     a.UserId,     a.CName FROM     Member a with (nolock) WHERE     1=1) allView) tmpVw : 無效的物件名稱 'Member'。
2022/8/11 下午 03:25:59 : SELECT     a.MemberSN,     a.UserId,     a.CName FROM     Member a with (nolock) WHERE     1=1 ORDER BY 1 OFFSET 0 ROWS FETCH FIRST 5 ROWS ONLY : 無效的物件名稱 'Member'。
2022/8/11 下午 03:25:59 : SELECT COUNT(*) FROM (SELECT * FROM (SELECT     a.MemberSN,     a.UserId,     a.CName FROM     Member a with (nolock) WHERE     1=1) allView) tmpVw : 無效的物件名稱 'Member'。
2022/8/11 下午 03:29:27 : SELECT     a.MemberSN,     a.UserId,     a.CName FROM     Member a with (nolock) WHERE     1=1 ORDER BY 1 OFFSET 0 ROWS FETCH FIRST 5 ROWS ONLY : 無效的物件名稱 'Member'。
2022/8/11 下午 03:29:28 : SELECT COUNT(*) FROM (SELECT * FROM (SELECT     a.MemberSN,     a.UserId,     a.CName FROM     Member a with (nolock) WHERE     1=1) allView) tmpVw : 無效的物件名稱 'Member'。
2022/8/11 下午 03:32:35 : SELECT     a.MemberSN,     a.UserId,     a.CName FROM     Member a with (nolock) WHERE     1=1 ORDER BY 1 OFFSET 0 ROWS FETCH FIRST 5 ROWS ONLY : 無效的物件名稱 'Member'。
2022/8/11 下午 03:32:35 : SELECT COUNT(*) FROM (SELECT * FROM (SELECT     a.MemberSN,     a.UserId,     a.CName FROM     Member a with (nolock) WHERE     1=1) allView) tmpVw : 無效的物件名稱 'Member'。
2022/8/11 下午 03:33:21 : SELECT * FROM [Member] with (nolock) WHERE [MemberSN]=0 : 無效的物件名稱 'Member'。
2022/8/11 下午 03:38:02 : SELECT     a.MemberSN,     a.UserId,     a.CName FROM     Member a with (nolock) WHERE     1=1 ORDER BY 1 OFFSET 0 ROWS FETCH FIRST 5 ROWS ONLY : 無效的物件名稱 'Member'。
2022/8/11 下午 03:38:03 : SELECT COUNT(*) FROM (SELECT * FROM (SELECT     a.MemberSN,     a.UserId,     a.CName FROM     Member a with (nolock) WHERE     1=1) allView) tmpVw : 無效的物件名稱 'Member'。
2022/8/11 下午 03:39:32 : SELECT     a.MemberSN,     a.UserId,     a.CName FROM     Member a with (nolock) WHERE     1=1 ORDER BY 1 OFFSET 0 ROWS FETCH FIRST 5 ROWS ONLY : 無效的物件名稱 'Member'。
2022/8/11 下午 03:39:32 : SELECT COUNT(*) FROM (SELECT * FROM (SELECT     a.MemberSN,     a.UserId,     a.CName FROM     Member a with (nolock) WHERE     1=1) allView) tmpVw : 無效的物件名稱 'Member'。
2022/8/11 下午 03:40:40 : SELECT     a.MemberSN,     a.UserId,     a.CName FROM     Member a with (nolock) WHERE     1=1 ORDER BY 1 OFFSET 0 ROWS FETCH FIRST 5 ROWS ONLY : 無效的物件名稱 'Member'。
2022/8/11 下午 03:40:40 : SELECT COUNT(*) FROM (SELECT * FROM (SELECT     a.MemberSN,     a.UserId,     a.CName FROM     Member a with (nolock) WHERE     1=1) allView) tmpVw : 無效的物件名稱 'Member'。
2022/8/11 下午 03:44:10 : SELECT     a.MemberSN,     a.UserId,     a.CName FROM     Member a with (nolock) WHERE     1=1 ORDER BY 1 OFFSET 0 ROWS FETCH FIRST 5 ROWS ONLY : 無效的物件名稱 'Member'。
2022/8/11 下午 03:44:10 : SELECT COUNT(*) FROM (SELECT * FROM (SELECT     a.MemberSN,     a.UserId,     a.CName FROM     Member a with (nolock) WHERE     1=1) allView) tmpVw : 無效的物件名稱 'Member'。
2022/8/11 下午 03:45:46 : SELECT     a.MemberSN,     a.UserId,     a.CName FROM     Member a with (nolock) WHERE     1=1 ORDER BY 1 OFFSET 0 ROWS FETCH FIRST 5 ROWS ONLY : 無效的物件名稱 'Member'。
2022/8/11 下午 03:45:47 : SELECT COUNT(*) FROM (SELECT * FROM (SELECT     a.MemberSN,     a.UserId,     a.CName FROM     Member a with (nolock) WHERE     1=1) allView) tmpVw : 無效的物件名稱 'Member'。
2022/8/11 下午 04:12:09 : SELECT     a.MemberSN,     a.UserId,     a.CName FROM     Member a with (nolock) WHERE     1=1 ORDER BY 1 OFFSET 0 ROWS FETCH FIRST 5 ROWS ONLY : 無效的物件名稱 'Member'。
2022/8/11 下午 04:12:10 : SELECT COUNT(*) FROM (SELECT * FROM (SELECT     a.MemberSN,     a.UserId,     a.CName FROM     Member a with (nolock) WHERE     1=1) allView) tmpVw : 無效的物件名稱 'Member'。
2022/8/11 下午 04:15:38 : One or more errors occurred. (無效的物件名稱 'EqRepair'。) : 無效的物件名稱 'EqRepair'。
2022/8/11 下午 04:15:55 : SELECT * FROM [Member] with (nolock) WHERE [MemberSN]=0 : 無效的物件名稱 'Member'。
2022/8/11 下午 04:16:26 : SELECT     a.MemberSN,     a.UserId,     a.CName FROM     Member a with (nolock) WHERE     1=1 ORDER BY 1 OFFSET 0 ROWS FETCH FIRST 5 ROWS ONLY : 無效的物件名稱 'Member'。
2022/8/11 下午 04:16:26 : SELECT COUNT(*) FROM (SELECT * FROM (SELECT     a.MemberSN,     a.UserId,     a.CName FROM     Member a with (nolock) WHERE     1=1) allView) tmpVw : 無效的物件名稱 'Member'。
2022/8/11 下午 04:16:50 : One or more errors occurred. (無效的物件名稱 'EqRepair'。) : 無效的物件名稱 'EqRepair'。
2022/8/11 下午 04:25:04 : SELECT     a.MemberSN,     a.UserId,     a.CName FROM     Member a with (nolock) WHERE     1=1 ORDER BY 1 OFFSET 0 ROWS FETCH FIRST 5 ROWS ONLY : 無效的物件名稱 'Member'。
2022/8/11 下午 04:25:05 : SELECT COUNT(*) FROM (SELECT * FROM (SELECT     a.MemberSN,     a.UserId,     a.CName FROM     Member a with (nolock) WHERE     1=1) allView) tmpVw : 無效的物件名稱 'Member'。
2022/8/11 下午 04:25:27 : One or more errors occurred. (無效的物件名稱 'EqRepair'。) : 無效的物件名稱 'EqRepair'。
2022/8/11 下午 04:26:19 : One or more errors occurred. (無效的物件名稱 'EqRepair'。) : 無效的物件名稱 'EqRepair'。
2022/8/11 下午 04:26:55 : SELECT     a.MemberSN,     a.UserId,     a.CName FROM     Member a with (nolock) WHERE     1=1 ORDER BY 1 OFFSET 0 ROWS FETCH FIRST 5 ROWS ONLY : 無效的物件名稱 'Member'。
2022/8/11 下午 04:26:55 : SELECT COUNT(*) FROM (SELECT * FROM (SELECT     a.MemberSN,     a.UserId,     a.CName FROM     Member a with (nolock) WHERE     1=1) allView) tmpVw : 無效的物件名稱 'Member'。
2022/8/11 下午 04:27:20 : One or more errors occurred. (無效的物件名稱 'EqRepair'。) : 無效的物件名稱 'EqRepair'。
2022/8/11 下午 04:28:13 : SELECT     a.MemberSN,     a.UserId,     a.CName FROM     Member a with (nolock) WHERE     1=1 ORDER BY 1 OFFSET 0 ROWS FETCH FIRST 5 ROWS ONLY : 無效的物件名稱 'Member'。
2022/8/11 下午 04:28:14 : SELECT COUNT(*) FROM (SELECT * FROM (SELECT     a.MemberSN,     a.UserId,     a.CName FROM     Member a with (nolock) WHERE     1=1) allView) tmpVw : 無效的物件名稱 'Member'。
2022/8/11 下午 04:29:54 : One or more errors occurred. (無效的物件名稱 'EqRepair'。) : 無效的物件名稱 'EqRepair'。
2022/8/11 下午 04:35:33 : SELECT     a.MemberSN,     a.UserId,     a.CName FROM     Member a with (nolock) WHERE     1=1 ORDER BY 1 OFFSET 0 ROWS FETCH FIRST 5 ROWS ONLY : 無效的物件名稱 'Member'。
2022/8/11 下午 04:35:33 : SELECT COUNT(*) FROM (SELECT * FROM (SELECT     a.MemberSN,     a.UserId,     a.CName FROM     Member a with (nolock) WHERE     1=1) allView) tmpVw : 無效的物件名稱 'Member'。
2022/8/11 下午 04:35:55 : One or more errors occurred. (無法插入 NULL 值到資料行 'Id'，資料表 'YBNF_D.dbo.Chaochi_EqRepair'; 資料行不得有 Null。INSERT 失敗。
陳述式已經結束。) : 無法插入 NULL 值到資料行 'Id'，資料表 'YBNF_D.dbo.Chaochi_EqRepair'; 資料行不得有 Null。INSERT 失敗。
陳述式已經結束。
2022/8/11 下午 04:36:35 : SELECT     a.MemberSN,     a.UserId,     a.CName FROM     Member a with (nolock) WHERE     1=1 ORDER BY 1 OFFSET 0 ROWS FETCH FIRST 5 ROWS ONLY : 無效的物件名稱 'Member'。
2022/8/11 下午 04:36:35 : SELECT COUNT(*) FROM (SELECT * FROM (SELECT     a.MemberSN,     a.UserId,     a.CName FROM     Member a with (nolock) WHERE     1=1) allView) tmpVw : 無效的物件名稱 'Member'。
2022/8/11 下午 04:36:58 : One or more errors occurred. (無法插入 NULL 值到資料行 'Id'，資料表 'YBNF_D.dbo.Chaochi_EqRepair'; 資料行不得有 Null。INSERT 失敗。
陳述式已經結束。) : 無法插入 NULL 值到資料行 'Id'，資料表 'YBNF_D.dbo.Chaochi_EqRepair'; 資料行不得有 Null。INSERT 失敗。
陳述式已經結束。
2022/8/11 下午 04:38:33 : SELECT     a.MemberSN,     a.UserId,     a.CName FROM     Member a with (nolock) WHERE     1=1 ORDER BY 1 OFFSET 0 ROWS FETCH FIRST 5 ROWS ONLY : 無效的物件名稱 'Member'。
2022/8/11 下午 04:38:33 : SELECT COUNT(*) FROM (SELECT * FROM (SELECT     a.MemberSN,     a.UserId,     a.CName FROM     Member a with (nolock) WHERE     1=1) allView) tmpVw : 無效的物件名稱 'Member'。
2022/8/11 下午 04:39:00 : One or more errors occurred. (無法插入 NULL 值到資料行 'Id'，資料表 'YBNF_D.dbo.Chaochi_EqRepair'; 資料行不得有 Null。INSERT 失敗。
陳述式已經結束。) : 無法插入 NULL 值到資料行 'Id'，資料表 'YBNF_D.dbo.Chaochi_EqRepair'; 資料行不得有 Null。INSERT 失敗。
陳述式已經結束。
2022/8/11 下午 04:39:44 : SELECT     a.MemberSN,     a.UserId,     a.CName FROM     Member a with (nolock) WHERE     1=1 ORDER BY 1 OFFSET 0 ROWS FETCH FIRST 5 ROWS ONLY : 無效的物件名稱 'Member'。
2022/8/11 下午 04:39:45 : SELECT COUNT(*) FROM (SELECT * FROM (SELECT     a.MemberSN,     a.UserId,     a.CName FROM     Member a with (nolock) WHERE     1=1) allView) tmpVw : 無效的物件名稱 'Member'。
2022/8/11 下午 04:40:10 : One or more errors occurred. (無法插入 NULL 值到資料行 'Id'，資料表 'YBNF_D.dbo.Chaochi_EqRepair'; 資料行不得有 Null。INSERT 失敗。
陳述式已經結束。) : 無法插入 NULL 值到資料行 'Id'，資料表 'YBNF_D.dbo.Chaochi_EqRepair'; 資料行不得有 Null。INSERT 失敗。
陳述式已經結束。
2022/8/11 下午 04:40:46 : SELECT     a.MemberSN,     a.UserId,     a.CName FROM     Member a with (nolock) WHERE     1=1 ORDER BY 1 OFFSET 0 ROWS FETCH FIRST 5 ROWS ONLY : 無效的物件名稱 'Member'。
2022/8/11 下午 04:40:46 : SELECT COUNT(*) FROM (SELECT * FROM (SELECT     a.MemberSN,     a.UserId,     a.CName FROM     Member a with (nolock) WHERE     1=1) allView) tmpVw : 無效的物件名稱 'Member'。
2022/8/11 下午 04:41:20 : One or more errors occurred. (無法插入 NULL 值到資料行 'Id'，資料表 'YBNF_D.dbo.Chaochi_EqRepair'; 資料行不得有 Null。INSERT 失敗。
陳述式已經結束。) : 無法插入 NULL 值到資料行 'Id'，資料表 'YBNF_D.dbo.Chaochi_EqRepair'; 資料行不得有 Null。INSERT 失敗。
陳述式已經結束。
2022/8/11 下午 04:41:49 : SELECT     a.MemberSN,     a.UserId,     a.CName FROM     Member a with (nolock) WHERE     1=1 ORDER BY 1 OFFSET 0 ROWS FETCH FIRST 5 ROWS ONLY : 無效的物件名稱 'Member'。
2022/8/11 下午 04:41:49 : SELECT COUNT(*) FROM (SELECT * FROM (SELECT     a.MemberSN,     a.UserId,     a.CName FROM     Member a with (nolock) WHERE     1=1) allView) tmpVw : 無效的物件名稱 'Member'。
2022/8/11 下午 04:42:27 : One or more errors occurred. (無效的物件名稱 'EqRepair'。) : 無效的物件名稱 'EqRepair'。
2022/8/11 下午 04:44:04 : SELECT     a.MemberSN,     a.UserId,     a.CName FROM     Member a with (nolock) WHERE     1=1 ORDER BY 1 OFFSET 0 ROWS FETCH FIRST 5 ROWS ONLY : 無效的物件名稱 'Member'。
2022/8/11 下午 04:44:05 : SELECT COUNT(*) FROM (SELECT * FROM (SELECT     a.MemberSN,     a.UserId,     a.CName FROM     Member a with (nolock) WHERE     1=1) allView) tmpVw : 無效的物件名稱 'Member'。
2022/8/11 下午 04:47:07 : SELECT     a.MemberSN,     a.UserId,     a.CName FROM     Member a with (nolock) WHERE     1=1 ORDER BY 1 OFFSET 0 ROWS FETCH FIRST 5 ROWS ONLY : 無效的物件名稱 'Member'。
2022/8/11 下午 04:47:07 : SELECT COUNT(*) FROM (SELECT * FROM (SELECT     a.MemberSN,     a.UserId,     a.CName FROM     Member a with (nolock) WHERE     1=1) allView) tmpVw : 無效的物件名稱 'Member'。
2022/8/11 下午 04:58:39 : SELECT     a.MemberSN,     a.UserId,     a.CName FROM     Member a with (nolock) WHERE     1=1 ORDER BY 1 OFFSET 0 ROWS FETCH FIRST 5 ROWS ONLY : 無效的物件名稱 'Member'。
2022/8/11 下午 04:58:39 : SELECT COUNT(*) FROM (SELECT * FROM (SELECT     a.MemberSN,     a.UserId,     a.CName FROM     Member a with (nolock) WHERE     1=1) allView) tmpVw : 無效的物件名稱 'Member'。
2022/8/11 下午 04:59:09 : One or more errors occurred. (BeginExecuteReader requires the command to have a transaction when the connection assigned to the command is in a pending local transaction.  The Transaction property of the command has not been initialized.) : BeginExecuteReader requires the command to have a transaction when the connection assigned to the command is in a pending local transaction.  The Transaction property of the command has not been initialized.
select Id from Chaochi_BuildingEq where BAdd = '新北市板橋區中山路一段161號'
2022/8/11 下午 04:59:09 : Value cannot be null. (Parameter 'source')
2022/8/11 下午 04:59:24 : One or more errors occurred. (BeginExecuteReader requires the command to have a transaction when the connection assigned to the command is in a pending local transaction.  The Transaction property of the command has not been initialized.) : BeginExecuteReader requires the command to have a transaction when the connection assigned to the command is in a pending local transaction.  The Transaction property of the command has not been initialized.
select Id from Chaochi_BuildingEq where BAdd = '新北市板橋區中山路一段161號'
2022/8/11 下午 05:00:36 : SELECT     a.MemberSN,     a.UserId,     a.CName FROM     Member a with (nolock) WHERE     1=1 ORDER BY 1 OFFSET 0 ROWS FETCH FIRST 5 ROWS ONLY : 無效的物件名稱 'Member'。
2022/8/11 下午 05:00:36 : SELECT COUNT(*) FROM (SELECT * FROM (SELECT     a.MemberSN,     a.UserId,     a.CName FROM     Member a with (nolock) WHERE     1=1) allView) tmpVw : 無效的物件名稱 'Member'。
2022/8/11 下午 05:01:01 : One or more errors occurred. (BeginExecuteReader requires the command to have a transaction when the connection assigned to the command is in a pending local transaction.  The Transaction property of the command has not been initialized.) : BeginExecuteReader requires the command to have a transaction when the connection assigned to the command is in a pending local transaction.  The Transaction property of the command has not been initialized.
select Id from Chaochi_BuildingEq where BAdd = '新北市板橋區中山路一段161號'
2022/8/11 下午 05:02:44 : SELECT     a.MemberSN,     a.UserId,     a.CName FROM     Member a with (nolock) WHERE     1=1 ORDER BY 1 OFFSET 0 ROWS FETCH FIRST 5 ROWS ONLY : 無效的物件名稱 'Member'。
2022/8/11 下午 05:02:44 : SELECT COUNT(*) FROM (SELECT * FROM (SELECT     a.MemberSN,     a.UserId,     a.CName FROM     Member a with (nolock) WHERE     1=1) allView) tmpVw : 無效的物件名稱 'Member'。
2022/8/11 下午 05:06:50 : SELECT     a.MemberSN,     a.UserId,     a.CName FROM     Member a with (nolock) WHERE     1=1 ORDER BY 1 OFFSET 0 ROWS FETCH FIRST 5 ROWS ONLY : 無效的物件名稱 'Member'。
2022/8/11 下午 05:06:50 : SELECT COUNT(*) FROM (SELECT * FROM (SELECT     a.MemberSN,     a.UserId,     a.CName FROM     Member a with (nolock) WHERE     1=1) allView) tmpVw : 無效的物件名稱 'Member'。
2022/8/11 下午 05:19:29 : SELECT     a.MemberSN,     a.UserId,     a.CName FROM     Member a with (nolock) WHERE     1=1 ORDER BY 1 OFFSET 0 ROWS FETCH FIRST 5 ROWS ONLY : 無效的物件名稱 'Member'。
2022/8/11 下午 05:19:29 : SELECT COUNT(*) FROM (SELECT * FROM (SELECT     a.MemberSN,     a.UserId,     a.CName FROM     Member a with (nolock) WHERE     1=1) allView) tmpVw : 無效的物件名稱 'Member'。
2022/8/11 下午 05:20:13 : One or more errors occurred. (This operation is only valid on generic types.) : This operation is only valid on generic types.
2022/8/11 下午 05:22:17 : One or more errors occurred. (This operation is only valid on generic types.) : This operation is only valid on generic types.
2022/8/11 下午 05:23:43 : SELECT     a.MemberSN,     a.UserId,     a.CName FROM     Member a with (nolock) WHERE     1=1 ORDER BY 1 OFFSET 0 ROWS FETCH FIRST 5 ROWS ONLY : 無效的物件名稱 'Member'。
2022/8/11 下午 05:23:43 : SELECT COUNT(*) FROM (SELECT * FROM (SELECT     a.MemberSN,     a.UserId,     a.CName FROM     Member a with (nolock) WHERE     1=1) allView) tmpVw : 無效的物件名稱 'Member'。
2022/8/11 下午 05:26:27 : SELECT     a.MemberSN,     a.UserId,     a.CName FROM     Member a with (nolock) WHERE     1=1 ORDER BY 1 OFFSET 0 ROWS FETCH FIRST 5 ROWS ONLY : 無效的物件名稱 'Member'。
2022/8/11 下午 05:26:28 : SELECT COUNT(*) FROM (SELECT * FROM (SELECT     a.MemberSN,     a.UserId,     a.CName FROM     Member a with (nolock) WHERE     1=1) allView) tmpVw : 無效的物件名稱 'Member'。
2022/8/11 下午 05:31:48 : SELECT     a.MemberSN,     a.UserId,     a.CName FROM     Member a with (nolock) WHERE     1=1 ORDER BY 1 OFFSET 0 ROWS FETCH FIRST 5 ROWS ONLY : 無效的物件名稱 'Member'。
2022/8/11 下午 05:31:48 : SELECT COUNT(*) FROM (SELECT * FROM (SELECT     a.MemberSN,     a.UserId,     a.CName FROM     Member a with (nolock) WHERE     1=1) allView) tmpVw : 無效的物件名稱 'Member'。
2022/8/11 下午 05:46:45 : SELECT     a.MemberSN,     a.UserId,     a.CName FROM     Member a with (nolock) WHERE     1=1 ORDER BY 1 OFFSET 0 ROWS FETCH FIRST 5 ROWS ONLY : 無效的物件名稱 'Member'。
2022/8/11 下午 05:46:46 : SELECT COUNT(*) FROM (SELECT * FROM (SELECT     a.MemberSN,     a.UserId,     a.CName FROM     Member a with (nolock) WHERE     1=1) allView) tmpVw : 無效的物件名稱 'Member'。
2022/8/11 下午 05:50:12 : SELECT     a.MemberSN,     a.UserId,     a.CName FROM     Member a with (nolock) WHERE     1=1 ORDER BY 1 OFFSET 0 ROWS FETCH FIRST 5 ROWS ONLY : 無效的物件名稱 'Member'。
2022/8/11 下午 05:50:12 : SELECT COUNT(*) FROM (SELECT * FROM (SELECT     a.MemberSN,     a.UserId,     a.CName FROM     Member a with (nolock) WHERE     1=1) allView) tmpVw : 無效的物件名稱 'Member'。
2022/8/11 下午 05:51:29 : SELECT     a.MemberSN,     a.UserId,     a.CName FROM     Member a with (nolock) WHERE     1=1 ORDER BY 1 OFFSET 0 ROWS FETCH FIRST 5 ROWS ONLY : 無效的物件名稱 'Member'。
2022/8/11 下午 05:51:29 : SELECT COUNT(*) FROM (SELECT * FROM (SELECT     a.MemberSN,     a.UserId,     a.CName FROM     Member a with (nolock) WHERE     1=1) allView) tmpVw : 無效的物件名稱 'Member'。
