2022/8/12 上午 09:28:39 : SELECT     a.MemberSN,     a.UserId,     a.CName FROM     Member a with (nolock) WHERE     1=1 ORDER BY 1 OFFSET 0 ROWS FETCH FIRST 5 ROWS ONLY : 無效的物件名稱 'Member'。
2022/8/12 上午 09:28:39 : SELECT COUNT(*) FROM (SELECT * FROM (SELECT     a.MemberSN,     a.UserId,     a.CName FROM     Member a with (nolock) WHERE     1=1) allView) tmpVw : 無效的物件名稱 'Member'。
2022/8/12 上午 10:08:42 : SELECT     a.MemberSN,     a.UserId,     a.CName FROM     Member a with (nolock) WHERE     1=1 ORDER BY 1 OFFSET 0 ROWS FETCH FIRST 5 ROWS ONLY : 無效的物件名稱 'Member'。
2022/8/12 上午 10:08:42 : SELECT COUNT(*) FROM (SELECT * FROM (SELECT     a.MemberSN,     a.UserId,     a.CName FROM     Member a with (nolock) WHERE     1=1) allView) tmpVw : 無效的物件名稱 'Member'。
2022/8/12 上午 10:10:07 : SELECT     a.MemberSN,     a.UserId,     a.CName FROM     Member a with (nolock) WHERE     1=1 ORDER BY 1 OFFSET 0 ROWS FETCH FIRST 5 ROWS ONLY : 無效的物件名稱 'Member'。
2022/8/12 上午 10:10:07 : SELECT COUNT(*) FROM (SELECT * FROM (SELECT     a.MemberSN,     a.UserId,     a.CName FROM     Member a with (nolock) WHERE     1=1) allView) tmpVw : 無效的物件名稱 'Member'。
2022/8/12 上午 10:26:00 : SELECT     a.MemberSN,     a.UserId,     a.CName FROM     Member a with (nolock) WHERE     1=1 ORDER BY 1 OFFSET 0 ROWS FETCH FIRST 5 ROWS ONLY : 無效的物件名稱 'Member'。
2022/8/12 上午 10:26:00 : SELECT COUNT(*) FROM (SELECT * FROM (SELECT     a.MemberSN,     a.UserId,     a.CName FROM     Member a with (nolock) WHERE     1=1) allView) tmpVw : 無效的物件名稱 'Member'。
2022/8/12 上午 10:29:23 : SELECT     a.MemberSN,     a.UserId,     a.CName FROM     Member a with (nolock) WHERE     1=1 ORDER BY 1 OFFSET 0 ROWS FETCH FIRST 5 ROWS ONLY : 無效的物件名稱 'Member'。
2022/8/12 上午 10:29:24 : SELECT COUNT(*) FROM (SELECT * FROM (SELECT     a.MemberSN,     a.UserId,     a.CName FROM     Member a with (nolock) WHERE     1=1) allView) tmpVw : 無效的物件名稱 'Member'。
2022/8/12 上午 10:30:05 : SELECT     a.MemberSN,     a.UserId,     a.CName FROM     Member a with (nolock) WHERE     1=1 ORDER BY 1 OFFSET 0 ROWS FETCH FIRST 5 ROWS ONLY : 無效的物件名稱 'Member'。
2022/8/12 上午 10:30:05 : SELECT COUNT(*) FROM (SELECT * FROM (SELECT     a.MemberSN,     a.UserId,     a.CName FROM     Member a with (nolock) WHERE     1=1) allView) tmpVw : 無效的物件名稱 'Member'。
2022/8/12 上午 10:30:57 : SELECT     a.MemberSN,     a.UserId,     a.CName FROM     Member a with (nolock) WHERE     1=1 ORDER BY 1 OFFSET 0 ROWS FETCH FIRST 5 ROWS ONLY : 無效的物件名稱 'Member'。
2022/8/12 上午 10:30:57 : SELECT COUNT(*) FROM (SELECT * FROM (SELECT     a.MemberSN,     a.UserId,     a.CName FROM     Member a with (nolock) WHERE     1=1) allView) tmpVw : 無效的物件名稱 'Member'。
2022/8/12 上午 10:31:59 : SELECT     a.MemberSN,     a.UserId,     a.CName FROM     Member a with (nolock) WHERE     1=1 ORDER BY 1 OFFSET 0 ROWS FETCH FIRST 5 ROWS ONLY : 無效的物件名稱 'Member'。
2022/8/12 上午 10:31:59 : SELECT COUNT(*) FROM (SELECT * FROM (SELECT     a.MemberSN,     a.UserId,     a.CName FROM     Member a with (nolock) WHERE     1=1) allView) tmpVw : 無效的物件名稱 'Member'。
2022/8/12 上午 10:34:09 : SELECT     a.MemberSN,     a.UserId,     a.CName FROM     Member a with (nolock) WHERE     1=1 ORDER BY 1 OFFSET 0 ROWS FETCH FIRST 5 ROWS ONLY : 無效的物件名稱 'Member'。
2022/8/12 上午 10:34:09 : SELECT COUNT(*) FROM (SELECT * FROM (SELECT     a.MemberSN,     a.UserId,     a.CName FROM     Member a with (nolock) WHERE     1=1) allView) tmpVw : 無效的物件名稱 'Member'。
2022/8/12 上午 10:52:54 : SELECT     a.MemberSN,     a.UserId,     a.CName FROM     Member a with (nolock) WHERE     1=1 ORDER BY 1 OFFSET 0 ROWS FETCH FIRST 5 ROWS ONLY : 無效的物件名稱 'Member'。
2022/8/12 上午 10:52:54 : SELECT COUNT(*) FROM (SELECT * FROM (SELECT     a.MemberSN,     a.UserId,     a.CName FROM     Member a with (nolock) WHERE     1=1) allView) tmpVw : 無效的物件名稱 'Member'。
2022/8/12 上午 10:54:20 : SELECT     a.MemberSN,     a.UserId,     a.CName FROM     Member a with (nolock) WHERE     1=1 ORDER BY 1 OFFSET 0 ROWS FETCH FIRST 5 ROWS ONLY : 無效的物件名稱 'Member'。
2022/8/12 上午 10:54:20 : SELECT COUNT(*) FROM (SELECT * FROM (SELECT     a.MemberSN,     a.UserId,     a.CName FROM     Member a with (nolock) WHERE     1=1) allView) tmpVw : 無效的物件名稱 'Member'。
2022/8/12 上午 10:57:12 : SELECT     a.MemberSN,     a.UserId,     a.CName FROM     Member a with (nolock) WHERE     1=1 ORDER BY 1 OFFSET 0 ROWS FETCH FIRST 5 ROWS ONLY : 無效的物件名稱 'Member'。
2022/8/12 上午 10:57:12 : SELECT COUNT(*) FROM (SELECT * FROM (SELECT     a.MemberSN,     a.UserId,     a.CName FROM     Member a with (nolock) WHERE     1=1) allView) tmpVw : 無效的物件名稱 'Member'。
2022/8/12 上午 11:02:29 : SELECT     a.MemberSN,     a.UserId,     a.CName FROM     Member a with (nolock) WHERE     1=1 ORDER BY 1 OFFSET 0 ROWS FETCH FIRST 5 ROWS ONLY : 無效的物件名稱 'Member'。
2022/8/12 上午 11:02:29 : SELECT COUNT(*) FROM (SELECT * FROM (SELECT     a.MemberSN,     a.UserId,     a.CName FROM     Member a with (nolock) WHERE     1=1) allView) tmpVw : 無效的物件名稱 'Member'。
2022/8/12 上午 11:05:50 : SELECT     a.MemberSN,     a.UserId,     a.CName FROM     Member a with (nolock) WHERE     1=1 ORDER BY 1 OFFSET 0 ROWS FETCH FIRST 5 ROWS ONLY : 無效的物件名稱 'Member'。
2022/8/12 上午 11:05:50 : SELECT COUNT(*) FROM (SELECT * FROM (SELECT     a.MemberSN,     a.UserId,     a.CName FROM     Member a with (nolock) WHERE     1=1) allView) tmpVw : 無效的物件名稱 'Member'。
2022/8/12 上午 11:22:14 : SELECT     a.MemberSN,     a.UserId,     a.CName FROM     Member a with (nolock) WHERE     1=1 ORDER BY 1 OFFSET 0 ROWS FETCH FIRST 5 ROWS ONLY : 無效的物件名稱 'Member'。
2022/8/12 上午 11:22:15 : SELECT COUNT(*) FROM (SELECT * FROM (SELECT     a.MemberSN,     a.UserId,     a.CName FROM     Member a with (nolock) WHERE     1=1) allView) tmpVw : 無效的物件名稱 'Member'。
2022/8/12 上午 11:27:07 : SELECT     a.MemberSN,     a.UserId,     a.CName FROM     Member a with (nolock) WHERE     1=1 ORDER BY 1 OFFSET 0 ROWS FETCH FIRST 5 ROWS ONLY : 無效的物件名稱 'Member'。
2022/8/12 上午 11:27:07 : SELECT COUNT(*) FROM (SELECT * FROM (SELECT     a.MemberSN,     a.UserId,     a.CName FROM     Member a with (nolock) WHERE     1=1) allView) tmpVw : 無效的物件名稱 'Member'。
2022/8/12 下午 01:21:29 : SELECT     a.MemberSN,     a.UserId,     a.CName FROM     Member a with (nolock) WHERE     1=1 ORDER BY 1 OFFSET 0 ROWS FETCH FIRST 5 ROWS ONLY : 無效的物件名稱 'Member'。
2022/8/12 下午 01:21:29 : SELECT COUNT(*) FROM (SELECT * FROM (SELECT     a.MemberSN,     a.UserId,     a.CName FROM     Member a with (nolock) WHERE     1=1) allView) tmpVw : 無效的物件名稱 'Member'。
2022/8/12 下午 01:22:37 : SELECT     a.MemberSN,     a.UserId,     a.CName FROM     Member a with (nolock) WHERE     1=1 ORDER BY 1 OFFSET 0 ROWS FETCH FIRST 5 ROWS ONLY : 無效的物件名稱 'Member'。
2022/8/12 下午 01:22:37 : SELECT COUNT(*) FROM (SELECT * FROM (SELECT     a.MemberSN,     a.UserId,     a.CName FROM     Member a with (nolock) WHERE     1=1) allView) tmpVw : 無效的物件名稱 'Member'。
2022/8/12 下午 01:27:18 : SELECT     a.MemberSN,     a.UserId,     a.CName FROM     Member a with (nolock) WHERE     1=1 ORDER BY 1 OFFSET 0 ROWS FETCH FIRST 5 ROWS ONLY : 無效的物件名稱 'Member'。
2022/8/12 下午 01:27:18 : SELECT COUNT(*) FROM (SELECT * FROM (SELECT     a.MemberSN,     a.UserId,     a.CName FROM     Member a with (nolock) WHERE     1=1) allView) tmpVw : 無效的物件名稱 'Member'。
2022/8/12 下午 01:29:06 : SELECT     a.MemberSN,     a.UserId,     a.CName FROM     Member a with (nolock) WHERE     1=1 ORDER BY 1 OFFSET 0 ROWS FETCH FIRST 5 ROWS ONLY : 無效的物件名稱 'Member'。
2022/8/12 下午 01:29:06 : SELECT COUNT(*) FROM (SELECT * FROM (SELECT     a.MemberSN,     a.UserId,     a.CName FROM     Member a with (nolock) WHERE     1=1) allView) tmpVw : 無效的物件名稱 'Member'。
2022/8/12 下午 01:41:26 : SELECT     a.MemberSN,     a.UserId,     a.CName FROM     Member a with (nolock) WHERE     1=1 ORDER BY 1 OFFSET 0 ROWS FETCH FIRST 5 ROWS ONLY : 無效的物件名稱 'Member'。
2022/8/12 下午 01:41:26 : SELECT COUNT(*) FROM (SELECT * FROM (SELECT     a.MemberSN,     a.UserId,     a.CName FROM     Member a with (nolock) WHERE     1=1) allView) tmpVw : 無效的物件名稱 'Member'。
2022/8/12 下午 01:49:51 : SELECT     a.MemberSN,     a.UserId,     a.CName FROM     Member a with (nolock) WHERE     1=1 ORDER BY 1 OFFSET 0 ROWS FETCH FIRST 5 ROWS ONLY : 無效的物件名稱 'Member'。
2022/8/12 下午 01:49:52 : SELECT COUNT(*) FROM (SELECT * FROM (SELECT     a.MemberSN,     a.UserId,     a.CName FROM     Member a with (nolock) WHERE     1=1) allView) tmpVw : 無效的物件名稱 'Member'。
2022/8/12 下午 01:50:01 : SELECT     a.MemberSN,     a.UserId,     a.CName FROM     Member a with (nolock) WHERE     1=1 ORDER BY 1 OFFSET 0 ROWS FETCH FIRST 5 ROWS ONLY : 無效的物件名稱 'Member'。
2022/8/12 下午 01:50:01 : SELECT COUNT(*) FROM (SELECT * FROM (SELECT     a.MemberSN,     a.UserId,     a.CName FROM     Member a with (nolock) WHERE     1=1) allView) tmpVw : 無效的物件名稱 'Member'。
2022/8/12 下午 01:51:41 : SELECT     a.MemberSN,     a.UserId,     a.CName FROM     Member a with (nolock) WHERE     1=1 ORDER BY 1 OFFSET 0 ROWS FETCH FIRST 5 ROWS ONLY : 無效的物件名稱 'Member'。
2022/8/12 下午 01:51:42 : SELECT COUNT(*) FROM (SELECT * FROM (SELECT     a.MemberSN,     a.UserId,     a.CName FROM     Member a with (nolock) WHERE     1=1) allView) tmpVw : 無效的物件名稱 'Member'。
2022/8/12 下午 01:53:53 : SELECT     a.MemberSN,     a.UserId,     a.CName FROM     Member a with (nolock) WHERE     1=1 ORDER BY 1 OFFSET 0 ROWS FETCH FIRST 5 ROWS ONLY : 無效的物件名稱 'Member'。
2022/8/12 下午 01:53:53 : SELECT COUNT(*) FROM (SELECT * FROM (SELECT     a.MemberSN,     a.UserId,     a.CName FROM     Member a with (nolock) WHERE     1=1) allView) tmpVw : 無效的物件名稱 'Member'。
2022/8/12 下午 01:55:42 : SELECT     a.MemberSN,     a.UserId,     a.CName FROM     Member a with (nolock) WHERE     1=1 ORDER BY 1 OFFSET 0 ROWS FETCH FIRST 5 ROWS ONLY : 無效的物件名稱 'Member'。
2022/8/12 下午 01:55:42 : SELECT COUNT(*) FROM (SELECT * FROM (SELECT     a.MemberSN,     a.UserId,     a.CName FROM     Member a with (nolock) WHERE     1=1) allView) tmpVw : 無效的物件名稱 'Member'。
2022/8/12 下午 01:59:07 : SELECT     a.MemberSN,     a.UserId,     a.CName FROM     Member a with (nolock) WHERE     1=1 ORDER BY 1 OFFSET 0 ROWS FETCH FIRST 5 ROWS ONLY : 無效的物件名稱 'Member'。
2022/8/12 下午 01:59:08 : SELECT COUNT(*) FROM (SELECT * FROM (SELECT     a.MemberSN,     a.UserId,     a.CName FROM     Member a with (nolock) WHERE     1=1) allView) tmpVw : 無效的物件名稱 'Member'。
2022/8/12 下午 02:01:04 : SELECT     a.MemberSN,     a.UserId,     a.CName FROM     Member a with (nolock) WHERE     1=1 ORDER BY 1 OFFSET 0 ROWS FETCH FIRST 5 ROWS ONLY : 無效的物件名稱 'Member'。
2022/8/12 下午 02:01:04 : SELECT COUNT(*) FROM (SELECT * FROM (SELECT     a.MemberSN,     a.UserId,     a.CName FROM     Member a with (nolock) WHERE     1=1) allView) tmpVw : 無效的物件名稱 'Member'。
2022/8/12 下午 02:05:08 : SELECT     a.MemberSN,     a.UserId,     a.CName FROM     Member a with (nolock) WHERE     1=1 ORDER BY 1 OFFSET 0 ROWS FETCH FIRST 5 ROWS ONLY : 無效的物件名稱 'Member'。
2022/8/12 下午 02:05:08 : SELECT COUNT(*) FROM (SELECT * FROM (SELECT     a.MemberSN,     a.UserId,     a.CName FROM     Member a with (nolock) WHERE     1=1) allView) tmpVw : 無效的物件名稱 'Member'。
2022/8/12 下午 02:05:20 : SELECT     a.MemberSN,     a.UserId,     a.CName FROM     Member a with (nolock) WHERE     1=1 ORDER BY 1 OFFSET 0 ROWS FETCH FIRST 5 ROWS ONLY : 無效的物件名稱 'Member'。
2022/8/12 下午 02:05:20 : SELECT COUNT(*) FROM (SELECT * FROM (SELECT     a.MemberSN,     a.UserId,     a.CName FROM     Member a with (nolock) WHERE     1=1) allView) tmpVw : 無效的物件名稱 'Member'。
2022/8/12 下午 02:13:29 : SELECT     a.MemberSN,     a.UserId,     a.CName FROM     Member a with (nolock) WHERE     1=1 ORDER BY 1 OFFSET 0 ROWS FETCH FIRST 5 ROWS ONLY : 無效的物件名稱 'Member'。
2022/8/12 下午 02:13:29 : SELECT COUNT(*) FROM (SELECT * FROM (SELECT     a.MemberSN,     a.UserId,     a.CName FROM     Member a with (nolock) WHERE     1=1) allView) tmpVw : 無效的物件名稱 'Member'。
2022/8/12 下午 02:19:30 : SELECT     a.MemberSN,     a.UserId,     a.CName FROM     Member a with (nolock) WHERE     1=1 ORDER BY 1 OFFSET 0 ROWS FETCH FIRST 5 ROWS ONLY : 無效的物件名稱 'Member'。
2022/8/12 下午 02:19:30 : SELECT COUNT(*) FROM (SELECT * FROM (SELECT     a.MemberSN,     a.UserId,     a.CName FROM     Member a with (nolock) WHERE     1=1) allView) tmpVw : 無效的物件名稱 'Member'。
2022/8/12 下午 02:22:02 : SELECT     a.MemberSN,     a.UserId,     a.CName FROM     Member a with (nolock) WHERE     1=1 ORDER BY 1 OFFSET 0 ROWS FETCH FIRST 5 ROWS ONLY : 無效的物件名稱 'Member'。
2022/8/12 下午 02:22:02 : SELECT COUNT(*) FROM (SELECT * FROM (SELECT     a.MemberSN,     a.UserId,     a.CName FROM     Member a with (nolock) WHERE     1=1) allView) tmpVw : 無效的物件名稱 'Member'。
2022/8/12 下午 02:25:01 : SELECT     a.MemberSN,     a.UserId,     a.CName FROM     Member a with (nolock) WHERE     1=1 ORDER BY 1 OFFSET 0 ROWS FETCH FIRST 5 ROWS ONLY : 無效的物件名稱 'Member'。
2022/8/12 下午 02:25:01 : SELECT COUNT(*) FROM (SELECT * FROM (SELECT     a.MemberSN,     a.UserId,     a.CName FROM     Member a with (nolock) WHERE     1=1) allView) tmpVw : 無效的物件名稱 'Member'。
2022/8/12 下午 02:33:22 : SELECT     a.MemberSN,     a.UserId,     a.CName FROM     Member a with (nolock) WHERE     1=1 ORDER BY 1 OFFSET 0 ROWS FETCH FIRST 5 ROWS ONLY : 無效的物件名稱 'Member'。
2022/8/12 下午 02:33:22 : SELECT COUNT(*) FROM (SELECT * FROM (SELECT     a.MemberSN,     a.UserId,     a.CName FROM     Member a with (nolock) WHERE     1=1) allView) tmpVw : 無效的物件名稱 'Member'。
2022/8/12 下午 02:34:28 : Index was outside the bounds of the array.
2022/8/12 下午 02:34:53 : Index was outside the bounds of the array.
2022/8/12 下午 02:35:51 : SELECT     a.MemberSN,     a.UserId,     a.CName FROM     Member a with (nolock) WHERE     1=1 ORDER BY 1 OFFSET 0 ROWS FETCH FIRST 5 ROWS ONLY : 無效的物件名稱 'Member'。
2022/8/12 下午 02:35:51 : SELECT COUNT(*) FROM (SELECT * FROM (SELECT     a.MemberSN,     a.UserId,     a.CName FROM     Member a with (nolock) WHERE     1=1) allView) tmpVw : 無效的物件名稱 'Member'。
2022/8/12 下午 02:48:31 : SELECT     a.MemberSN,     a.UserId,     a.CName FROM     Member a with (nolock) WHERE     1=1 ORDER BY 1 OFFSET 0 ROWS FETCH FIRST 5 ROWS ONLY : 無效的物件名稱 'Member'。
2022/8/12 下午 02:48:31 : SELECT COUNT(*) FROM (SELECT * FROM (SELECT     a.MemberSN,     a.UserId,     a.CName FROM     Member a with (nolock) WHERE     1=1) allView) tmpVw : 無效的物件名稱 'Member'。
2022/8/12 下午 02:57:42 : SELECT     a.MemberSN,     a.UserId,     a.CName FROM     Member a with (nolock) WHERE     1=1 ORDER BY 1 OFFSET 0 ROWS FETCH FIRST 5 ROWS ONLY : 無效的物件名稱 'Member'。
2022/8/12 下午 02:57:42 : SELECT COUNT(*) FROM (SELECT * FROM (SELECT     a.MemberSN,     a.UserId,     a.CName FROM     Member a with (nolock) WHERE     1=1) allView) tmpVw : 無效的物件名稱 'Member'。
2022/8/12 下午 03:07:17 : SELECT     a.MemberSN,     a.UserId,     a.CName FROM     Member a with (nolock) WHERE     1=1 ORDER BY 1 OFFSET 0 ROWS FETCH FIRST 5 ROWS ONLY : 無效的物件名稱 'Member'。
2022/8/12 下午 03:07:17 : SELECT COUNT(*) FROM (SELECT * FROM (SELECT     a.MemberSN,     a.UserId,     a.CName FROM     Member a with (nolock) WHERE     1=1) allView) tmpVw : 無效的物件名稱 'Member'。
2022/8/12 下午 03:12:14 : SELECT     a.MemberSN,     a.UserId,     a.CName FROM     Member a with (nolock) WHERE     1=1 ORDER BY 1 OFFSET 0 ROWS FETCH FIRST 5 ROWS ONLY : 無效的物件名稱 'Member'。
2022/8/12 下午 03:12:14 : SELECT COUNT(*) FROM (SELECT * FROM (SELECT     a.MemberSN,     a.UserId,     a.CName FROM     Member a with (nolock) WHERE     1=1) allView) tmpVw : 無效的物件名稱 'Member'。
2022/8/12 下午 03:15:12 : 當檔案已存在時，無法建立該檔案。
2022/8/12 下午 03:17:03 : SELECT     a.MemberSN,     a.UserId,     a.CName FROM     Member a with (nolock) WHERE     1=1 ORDER BY 1 OFFSET 0 ROWS FETCH FIRST 5 ROWS ONLY : 無效的物件名稱 'Member'。
2022/8/12 下午 03:17:03 : SELECT COUNT(*) FROM (SELECT * FROM (SELECT     a.MemberSN,     a.UserId,     a.CName FROM     Member a with (nolock) WHERE     1=1) allView) tmpVw : 無效的物件名稱 'Member'。
2022/8/12 下午 03:17:46 : 當檔案已存在時，無法建立該檔案。
2022/8/12 下午 03:20:17 : SELECT     a.MemberSN,     a.UserId,     a.CName FROM     Member a with (nolock) WHERE     1=1 ORDER BY 1 OFFSET 0 ROWS FETCH FIRST 5 ROWS ONLY : 無效的物件名稱 'Member'。
2022/8/12 下午 03:20:18 : SELECT COUNT(*) FROM (SELECT * FROM (SELECT     a.MemberSN,     a.UserId,     a.CName FROM     Member a with (nolock) WHERE     1=1) allView) tmpVw : 無效的物件名稱 'Member'。
2022/8/12 下午 03:21:03 : 當檔案已存在時，無法建立該檔案。
2022/8/12 下午 03:22:19 : SELECT     a.MemberSN,     a.UserId,     a.CName FROM     Member a with (nolock) WHERE     1=1 ORDER BY 1 OFFSET 0 ROWS FETCH FIRST 5 ROWS ONLY : 無效的物件名稱 'Member'。
2022/8/12 下午 03:22:19 : SELECT COUNT(*) FROM (SELECT * FROM (SELECT     a.MemberSN,     a.UserId,     a.CName FROM     Member a with (nolock) WHERE     1=1) allView) tmpVw : 無效的物件名稱 'Member'。
2022/8/12 下午 03:23:17 : Could not find a part of the path 'D:\zzz\image\EqRepair\20220812152316933319330661\20220812152317071848514057\'.
2022/8/12 下午 03:24:25 : SELECT     a.MemberSN,     a.UserId,     a.CName FROM     Member a with (nolock) WHERE     1=1 ORDER BY 1 OFFSET 0 ROWS FETCH FIRST 5 ROWS ONLY : 無效的物件名稱 'Member'。
2022/8/12 下午 03:24:25 : SELECT COUNT(*) FROM (SELECT * FROM (SELECT     a.MemberSN,     a.UserId,     a.CName FROM     Member a with (nolock) WHERE     1=1) allView) tmpVw : 無效的物件名稱 'Member'。
2022/8/12 下午 03:25:54 : SELECT     a.MemberSN,     a.UserId,     a.CName FROM     Member a with (nolock) WHERE     1=1 ORDER BY 1 OFFSET 0 ROWS FETCH FIRST 5 ROWS ONLY : 無效的物件名稱 'Member'。
2022/8/12 下午 03:25:55 : SELECT COUNT(*) FROM (SELECT * FROM (SELECT     a.MemberSN,     a.UserId,     a.CName FROM     Member a with (nolock) WHERE     1=1) allView) tmpVw : 無效的物件名稱 'Member'。
2022/8/12 下午 03:34:49 : SELECT     a.MemberSN,     a.UserId,     a.CName FROM     Member a with (nolock) WHERE     1=1 ORDER BY 1 OFFSET 0 ROWS FETCH FIRST 5 ROWS ONLY : 無效的物件名稱 'Member'。
2022/8/12 下午 03:34:49 : SELECT COUNT(*) FROM (SELECT * FROM (SELECT     a.MemberSN,     a.UserId,     a.CName FROM     Member a with (nolock) WHERE     1=1) allView) tmpVw : 無效的物件名稱 'Member'。
2022/8/12 下午 03:42:31 : SELECT     a.MemberSN,     a.UserId,     a.CName FROM     Member a with (nolock) WHERE     1=1 ORDER BY 1 OFFSET 0 ROWS FETCH FIRST 5 ROWS ONLY : 無效的物件名稱 'Member'。
2022/8/12 下午 03:42:31 : SELECT COUNT(*) FROM (SELECT * FROM (SELECT     a.MemberSN,     a.UserId,     a.CName FROM     Member a with (nolock) WHERE     1=1) allView) tmpVw : 無效的物件名稱 'Member'。
2022/8/12 下午 04:01:32 : SELECT     a.MemberSN,     a.UserId,     a.CName FROM     Member a with (nolock) WHERE     1=1 ORDER BY 1 OFFSET 0 ROWS FETCH FIRST 5 ROWS ONLY : 無效的物件名稱 'Member'。
2022/8/12 下午 04:01:32 : SELECT COUNT(*) FROM (SELECT * FROM (SELECT     a.MemberSN,     a.UserId,     a.CName FROM     Member a with (nolock) WHERE     1=1) allView) tmpVw : 無效的物件名稱 'Member'。
2022/8/12 下午 04:25:29 : SELECT COUNT(*) FROM (SELECT * FROM (select distinct     a.guid,     c.CID,     (select  cast(EqName as NVARCHAR) + ',' from Chaochi_EqRepairDetail where EqRepairId in ('2022081215434644538642821') FOR XML PATH('') ),     a.BAdd,     a.ApplicationDate,     a.State,     a.EndCaseDate as EqName  from     Chaochi_EqRepair a with(nolock)  join     Chaochi_Contract c with(nolock) on a.CustomerID = c.RNID and a.BAdd = c.BAdd) allView) tmpVw : 沒有為 'allView' 的資料行 3 指定任何資料行名稱。
沒有為 'tmpVw' 的資料行 3 指定任何資料行名稱。
2022/8/12 下午 04:52:10 : SELECT     a.MemberSN,     a.UserId,     a.CName FROM     Member a with (nolock) WHERE     1=1 ORDER BY 1 OFFSET 0 ROWS FETCH FIRST 5 ROWS ONLY : 無效的物件名稱 'Member'。
2022/8/12 下午 04:52:10 : SELECT COUNT(*) FROM (SELECT * FROM (SELECT     a.MemberSN,     a.UserId,     a.CName FROM     Member a with (nolock) WHERE     1=1) allView) tmpVw : 無效的物件名稱 'Member'。
2022/8/12 下午 04:52:27 : SELECT Id FROM Chaochi_EqRepair with (nolock) WHERE [RNID]=N'B111111111' AND [BAdd]='' : 無效的資料行名稱 'RNID'。
2022/8/12 下午 04:53:18 : SELECT     a.MemberSN,     a.UserId,     a.CName FROM     Member a with (nolock) WHERE     1=1 ORDER BY 1 OFFSET 0 ROWS FETCH FIRST 5 ROWS ONLY : 無效的物件名稱 'Member'。
2022/8/12 下午 04:53:18 : SELECT COUNT(*) FROM (SELECT * FROM (SELECT     a.MemberSN,     a.UserId,     a.CName FROM     Member a with (nolock) WHERE     1=1) allView) tmpVw : 無效的物件名稱 'Member'。
2022/8/12 下午 04:55:50 : SELECT     a.MemberSN,     a.UserId,     a.CName FROM     Member a with (nolock) WHERE     1=1 ORDER BY 1 OFFSET 0 ROWS FETCH FIRST 5 ROWS ONLY : 無效的物件名稱 'Member'。
2022/8/12 下午 04:55:50 : SELECT COUNT(*) FROM (SELECT * FROM (SELECT     a.MemberSN,     a.UserId,     a.CName FROM     Member a with (nolock) WHERE     1=1) allView) tmpVw : 無效的物件名稱 'Member'。
2022/8/12 下午 04:57:10 : SELECT     a.MemberSN,     a.UserId,     a.CName FROM     Member a with (nolock) WHERE     1=1 ORDER BY 1 OFFSET 0 ROWS FETCH FIRST 5 ROWS ONLY : 無效的物件名稱 'Member'。
2022/8/12 下午 04:57:10 : SELECT COUNT(*) FROM (SELECT * FROM (SELECT     a.MemberSN,     a.UserId,     a.CName FROM     Member a with (nolock) WHERE     1=1) allView) tmpVw : 無效的物件名稱 'Member'。
2022/8/12 下午 04:57:30 : SELECT Id FROM Chaochi_EqRepair with (nolock) WHERE [RNID]=N'B111111111' AND [BAdd]=N'新北市板橋區中山路一段161號' : 無效的資料行名稱 'RNID'。
2022/8/12 下午 04:57:55 : SELECT     a.MemberSN,     a.UserId,     a.CName FROM     Member a with (nolock) WHERE     1=1 ORDER BY 1 OFFSET 0 ROWS FETCH FIRST 5 ROWS ONLY : 無效的物件名稱 'Member'。
2022/8/12 下午 04:57:56 : SELECT COUNT(*) FROM (SELECT * FROM (SELECT     a.MemberSN,     a.UserId,     a.CName FROM     Member a with (nolock) WHERE     1=1) allView) tmpVw : 無效的物件名稱 'Member'。
2022/8/12 下午 04:59:39 : SELECT     a.MemberSN,     a.UserId,     a.CName FROM     Member a with (nolock) WHERE     1=1 ORDER BY 1 OFFSET 0 ROWS FETCH FIRST 5 ROWS ONLY : 無效的物件名稱 'Member'。
2022/8/12 下午 04:59:39 : SELECT COUNT(*) FROM (SELECT * FROM (SELECT     a.MemberSN,     a.UserId,     a.CName FROM     Member a with (nolock) WHERE     1=1) allView) tmpVw : 無效的物件名稱 'Member'。
2022/8/12 下午 05:00:32 : SELECT     a.MemberSN,     a.UserId,     a.CName FROM     Member a with (nolock) WHERE     1=1 ORDER BY 1 OFFSET 0 ROWS FETCH FIRST 5 ROWS ONLY : 無效的物件名稱 'Member'。
2022/8/12 下午 05:00:32 : SELECT COUNT(*) FROM (SELECT * FROM (SELECT     a.MemberSN,     a.UserId,     a.CName FROM     Member a with (nolock) WHERE     1=1) allView) tmpVw : 無效的物件名稱 'Member'。
2022/8/12 下午 05:01:43 : SELECT     a.MemberSN,     a.UserId,     a.CName FROM     Member a with (nolock) WHERE     1=1 ORDER BY 1 OFFSET 0 ROWS FETCH FIRST 5 ROWS ONLY : 無效的物件名稱 'Member'。
2022/8/12 下午 05:01:44 : SELECT COUNT(*) FROM (SELECT * FROM (SELECT     a.MemberSN,     a.UserId,     a.CName FROM     Member a with (nolock) WHERE     1=1) allView) tmpVw : 無效的物件名稱 'Member'。
2022/8/12 下午 05:02:50 : SELECT     a.MemberSN,     a.UserId,     a.CName FROM     Member a with (nolock) WHERE     1=1 ORDER BY 1 OFFSET 0 ROWS FETCH FIRST 5 ROWS ONLY : 無效的物件名稱 'Member'。
2022/8/12 下午 05:02:51 : SELECT COUNT(*) FROM (SELECT * FROM (SELECT     a.MemberSN,     a.UserId,     a.CName FROM     Member a with (nolock) WHERE     1=1) allView) tmpVw : 無效的物件名稱 'Member'。
2022/8/12 下午 05:03:59 : SELECT     a.MemberSN,     a.UserId,     a.CName FROM     Member a with (nolock) WHERE     1=1 ORDER BY 1 OFFSET 0 ROWS FETCH FIRST 5 ROWS ONLY : 無效的物件名稱 'Member'。
2022/8/12 下午 05:03:59 : SELECT COUNT(*) FROM (SELECT * FROM (SELECT     a.MemberSN,     a.UserId,     a.CName FROM     Member a with (nolock) WHERE     1=1) allView) tmpVw : 無效的物件名稱 'Member'。
2022/8/12 下午 05:05:39 : SELECT     a.MemberSN,     a.UserId,     a.CName FROM     Member a with (nolock) WHERE     1=1 ORDER BY 1 OFFSET 0 ROWS FETCH FIRST 5 ROWS ONLY : 無效的物件名稱 'Member'。
2022/8/12 下午 05:05:40 : SELECT COUNT(*) FROM (SELECT * FROM (SELECT     a.MemberSN,     a.UserId,     a.CName FROM     Member a with (nolock) WHERE     1=1) allView) tmpVw : 無效的物件名稱 'Member'。
2022/8/12 下午 05:06:38 : One or more errors occurred. (Index was out of range. Must be non-negative and less than the size of the collection. (Parameter 'index')) : Index was out of range. Must be non-negative and less than the size of the collection. (Parameter 'index')
2022/8/12 下午 06:09:02 : SELECT     a.MemberSN,     a.UserId,     a.CName FROM     Member a with (nolock) WHERE     1=1 ORDER BY 1 OFFSET 0 ROWS FETCH FIRST 5 ROWS ONLY : 無效的物件名稱 'Member'。
2022/8/12 下午 06:09:02 : SELECT COUNT(*) FROM (SELECT * FROM (SELECT     a.MemberSN,     a.UserId,     a.CName FROM     Member a with (nolock) WHERE     1=1) allView) tmpVw : 無效的物件名稱 'Member'。
