2022/8/9 下午 03:54:53 : SELECT     a.MemberSN,     a.UserId,     a.CName FROM     Member a with (nolock) WHERE     1=1 ORDER BY 1 OFFSET 0 ROWS FETCH FIRST 5 ROWS ONLY : 無效的物件名稱 'Member'。
2022/8/9 下午 03:54:54 : SELECT COUNT(*) FROM (SELECT * FROM (SELECT     a.MemberSN,     a.UserId,     a.CName FROM     Member a with (nolock) WHERE     1=1) allView) tmpVw : 無效的物件名稱 'Member'。
2022/8/9 下午 03:55:07 : One or more errors occurred. (Column 'MemberSN' does not belong to table Chaochi_EqRepair.) : Column 'MemberSN' does not belong to table Chaochi_EqRepair.
2022/8/9 下午 04:01:13 : SELECT     a.MemberSN,     a.UserId,     a.CName FROM     Member a with (nolock) WHERE     1=1 ORDER BY 1 OFFSET 0 ROWS FETCH FIRST 5 ROWS ONLY : 無效的物件名稱 'Member'。
2022/8/9 下午 04:01:13 : SELECT COUNT(*) FROM (SELECT * FROM (SELECT     a.MemberSN,     a.UserId,     a.CName FROM     Member a with (nolock) WHERE     1=1) allView) tmpVw : 無效的物件名稱 'Member'。
2022/8/9 下午 04:02:28 : SELECT     a.MemberSN,     a.UserId,     a.CName FROM     Member a with (nolock) WHERE     1=1 ORDER BY 1 OFFSET 0 ROWS FETCH FIRST 5 ROWS ONLY : 無效的物件名稱 'Member'。
2022/8/9 下午 04:02:29 : SELECT COUNT(*) FROM (SELECT * FROM (SELECT     a.MemberSN,     a.UserId,     a.CName FROM     Member a with (nolock) WHERE     1=1) allView) tmpVw : 無效的物件名稱 'Member'。
2022/8/9 下午 04:04:01 : SELECT     a.MemberSN,     a.UserId,     a.CName FROM     Member a with (nolock) WHERE     1=1 ORDER BY 1 OFFSET 0 ROWS FETCH FIRST 5 ROWS ONLY : 無效的物件名稱 'Member'。
2022/8/9 下午 04:04:02 : SELECT COUNT(*) FROM (SELECT * FROM (SELECT     a.MemberSN,     a.UserId,     a.CName FROM     Member a with (nolock) WHERE     1=1) allView) tmpVw : 無效的物件名稱 'Member'。
2022/8/9 下午 04:07:31 : SELECT     a.MemberSN,     a.UserId,     a.CName FROM     Member a with (nolock) WHERE     1=1 ORDER BY 1 OFFSET 0 ROWS FETCH FIRST 5 ROWS ONLY : 無效的物件名稱 'Member'。
2022/8/9 下午 04:07:31 : SELECT COUNT(*) FROM (SELECT * FROM (SELECT     a.MemberSN,     a.UserId,     a.CName FROM     Member a with (nolock) WHERE     1=1) allView) tmpVw : 無效的物件名稱 'Member'。
2022/8/9 下午 04:08:16 : SELECT     a.MemberSN,     a.UserId,     a.CName FROM     Member a with (nolock) WHERE     1=1 ORDER BY 1 OFFSET 0 ROWS FETCH FIRST 5 ROWS ONLY : 無效的物件名稱 'Member'。
2022/8/9 下午 04:08:16 : SELECT COUNT(*) FROM (SELECT * FROM (SELECT     a.MemberSN,     a.UserId,     a.CName FROM     Member a with (nolock) WHERE     1=1) allView) tmpVw : 無效的物件名稱 'Member'。
2022/8/9 下午 04:28:26 : SELECT     a.MemberSN,     a.UserId,     a.CName FROM     Member a with (nolock) WHERE     1=1 ORDER BY 1 OFFSET 0 ROWS FETCH FIRST 5 ROWS ONLY : 無效的物件名稱 'Member'。
2022/8/9 下午 04:28:26 : SELECT COUNT(*) FROM (SELECT * FROM (SELECT     a.MemberSN,     a.UserId,     a.CName FROM     Member a with (nolock) WHERE     1=1) allView) tmpVw : 無效的物件名稱 'Member'。
2022/8/9 下午 04:29:15 : SELECT     a.MemberSN,     a.UserId,     a.CName FROM     Member a with (nolock) WHERE     1=1 ORDER BY 1 OFFSET 0 ROWS FETCH FIRST 5 ROWS ONLY : 無效的物件名稱 'Member'。
2022/8/9 下午 04:29:15 : SELECT COUNT(*) FROM (SELECT * FROM (SELECT     a.MemberSN,     a.UserId,     a.CName FROM     Member a with (nolock) WHERE     1=1) allView) tmpVw : 無效的物件名稱 'Member'。
2022/8/9 下午 04:30:24 : SELECT     a.MemberSN,     a.UserId,     a.CName FROM     Member a with (nolock) WHERE     1=1 ORDER BY 1 OFFSET 0 ROWS FETCH FIRST 5 ROWS ONLY : 無效的物件名稱 'Member'。
2022/8/9 下午 04:30:24 : SELECT COUNT(*) FROM (SELECT * FROM (SELECT     a.MemberSN,     a.UserId,     a.CName FROM     Member a with (nolock) WHERE     1=1) allView) tmpVw : 無效的物件名稱 'Member'。
2022/8/9 下午 04:37:47 : SELECT     a.MemberSN,     a.UserId,     a.CName FROM     Member a with (nolock) WHERE     1=1 ORDER BY 1 OFFSET 0 ROWS FETCH FIRST 5 ROWS ONLY : 無效的物件名稱 'Member'。
2022/8/9 下午 04:37:48 : SELECT COUNT(*) FROM (SELECT * FROM (SELECT     a.MemberSN,     a.UserId,     a.CName FROM     Member a with (nolock) WHERE     1=1) allView) tmpVw : 無效的物件名稱 'Member'。
2022/8/9 下午 04:38:29 : SELECT     a.MemberSN,     a.UserId,     a.CName FROM     Member a with (nolock) WHERE     1=1 ORDER BY 1 OFFSET 0 ROWS FETCH FIRST 5 ROWS ONLY : 無效的物件名稱 'Member'。
2022/8/9 下午 04:38:29 : SELECT COUNT(*) FROM (SELECT * FROM (SELECT     a.MemberSN,     a.UserId,     a.CName FROM     Member a with (nolock) WHERE     1=1) allView) tmpVw : 無效的物件名稱 'Member'。
2022/8/9 下午 04:39:28 : SELECT     a.MemberSN,     a.UserId,     a.CName FROM     Member a with (nolock) WHERE     1=1 ORDER BY 1 OFFSET 0 ROWS FETCH FIRST 5 ROWS ONLY : 無效的物件名稱 'Member'。
2022/8/9 下午 04:39:28 : SELECT COUNT(*) FROM (SELECT * FROM (SELECT     a.MemberSN,     a.UserId,     a.CName FROM     Member a with (nolock) WHERE     1=1) allView) tmpVw : 無效的物件名稱 'Member'。
2022/8/9 下午 04:40:00 : SELECT     a.MemberSN,     a.UserId,     a.CName FROM     Member a with (nolock) WHERE     1=1 ORDER BY 1 OFFSET 0 ROWS FETCH FIRST 5 ROWS ONLY : 無效的物件名稱 'Member'。
2022/8/9 下午 04:40:00 : SELECT COUNT(*) FROM (SELECT * FROM (SELECT     a.MemberSN,     a.UserId,     a.CName FROM     Member a with (nolock) WHERE     1=1) allView) tmpVw : 無效的物件名稱 'Member'。
2022/8/9 下午 04:41:30 : SELECT     a.MemberSN,     a.UserId,     a.CName FROM     Member a with (nolock) WHERE     1=1 ORDER BY 1 OFFSET 0 ROWS FETCH FIRST 5 ROWS ONLY : 無效的物件名稱 'Member'。
2022/8/9 下午 04:41:30 : SELECT COUNT(*) FROM (SELECT * FROM (SELECT     a.MemberSN,     a.UserId,     a.CName FROM     Member a with (nolock) WHERE     1=1) allView) tmpVw : 無效的物件名稱 'Member'。
2022/8/9 下午 04:42:35 : SELECT     a.MemberSN,     a.UserId,     a.CName FROM     Member a with (nolock) WHERE     1=1 ORDER BY 1 OFFSET 0 ROWS FETCH FIRST 5 ROWS ONLY : 無效的物件名稱 'Member'。
2022/8/9 下午 04:42:35 : SELECT COUNT(*) FROM (SELECT * FROM (SELECT     a.MemberSN,     a.UserId,     a.CName FROM     Member a with (nolock) WHERE     1=1) allView) tmpVw : 無效的物件名稱 'Member'。
2022/8/9 下午 04:46:47 : SELECT     a.MemberSN,     a.UserId,     a.CName FROM     Member a with (nolock) WHERE     1=1 ORDER BY 1 OFFSET 0 ROWS FETCH FIRST 5 ROWS ONLY : 無效的物件名稱 'Member'。
2022/8/9 下午 04:46:47 : SELECT COUNT(*) FROM (SELECT * FROM (SELECT     a.MemberSN,     a.UserId,     a.CName FROM     Member a with (nolock) WHERE     1=1) allView) tmpVw : 無效的物件名稱 'Member'。
2022/8/9 下午 04:50:19 : SELECT     a.MemberSN,     a.UserId,     a.CName FROM     Member a with (nolock) WHERE     1=1 ORDER BY 1 OFFSET 0 ROWS FETCH FIRST 5 ROWS ONLY : 無效的物件名稱 'Member'。
2022/8/9 下午 04:50:19 : SELECT COUNT(*) FROM (SELECT * FROM (SELECT     a.MemberSN,     a.UserId,     a.CName FROM     Member a with (nolock) WHERE     1=1) allView) tmpVw : 無效的物件名稱 'Member'。
2022/8/9 下午 04:51:37 : SELECT     a.MemberSN,     a.UserId,     a.CName FROM     Member a with (nolock) WHERE     1=1 ORDER BY 1 OFFSET 0 ROWS FETCH FIRST 5 ROWS ONLY : 無效的物件名稱 'Member'。
2022/8/9 下午 04:51:37 : SELECT COUNT(*) FROM (SELECT * FROM (SELECT     a.MemberSN,     a.UserId,     a.CName FROM     Member a with (nolock) WHERE     1=1) allView) tmpVw : 無效的物件名稱 'Member'。
2022/8/9 下午 04:52:33 : SELECT     a.MemberSN,     a.UserId,     a.CName FROM     Member a with (nolock) WHERE     1=1 ORDER BY 1 OFFSET 0 ROWS FETCH FIRST 5 ROWS ONLY : 無效的物件名稱 'Member'。
2022/8/9 下午 04:52:33 : SELECT COUNT(*) FROM (SELECT * FROM (SELECT     a.MemberSN,     a.UserId,     a.CName FROM     Member a with (nolock) WHERE     1=1) allView) tmpVw : 無效的物件名稱 'Member'。
2022/8/9 下午 04:52:56 : SELECT     a.MemberSN,     a.UserId,     a.CName FROM     Member a with (nolock) WHERE     1=1 ORDER BY 1 OFFSET 0 ROWS FETCH FIRST 5 ROWS ONLY : 無效的物件名稱 'Member'。
2022/8/9 下午 04:52:56 : SELECT COUNT(*) FROM (SELECT * FROM (SELECT     a.MemberSN,     a.UserId,     a.CName FROM     Member a with (nolock) WHERE     1=1) allView) tmpVw : 無效的物件名稱 'Member'。
2022/8/9 下午 05:01:47 : SELECT     a.MemberSN,     a.UserId,     a.CName FROM     Member a with (nolock) WHERE     1=1 ORDER BY 1 OFFSET 0 ROWS FETCH FIRST 5 ROWS ONLY : 無效的物件名稱 'Member'。
2022/8/9 下午 05:01:48 : SELECT COUNT(*) FROM (SELECT * FROM (SELECT     a.MemberSN,     a.UserId,     a.CName FROM     Member a with (nolock) WHERE     1=1) allView) tmpVw : 無效的物件名稱 'Member'。
2022/8/9 下午 05:02:45 : SELECT     a.MemberSN,     a.UserId,     a.CName FROM     Member a with (nolock) WHERE     1=1 ORDER BY 1 OFFSET 0 ROWS FETCH FIRST 5 ROWS ONLY : 無效的物件名稱 'Member'。
2022/8/9 下午 05:02:45 : SELECT COUNT(*) FROM (SELECT * FROM (SELECT     a.MemberSN,     a.UserId,     a.CName FROM     Member a with (nolock) WHERE     1=1) allView) tmpVw : 無效的物件名稱 'Member'。
2022/8/9 下午 05:03:36 : SELECT     a.MemberSN,     a.UserId,     a.CName FROM     Member a with (nolock) WHERE     1=1 ORDER BY 1 OFFSET 0 ROWS FETCH FIRST 5 ROWS ONLY : 無效的物件名稱 'Member'。
2022/8/9 下午 05:03:36 : SELECT COUNT(*) FROM (SELECT * FROM (SELECT     a.MemberSN,     a.UserId,     a.CName FROM     Member a with (nolock) WHERE     1=1) allView) tmpVw : 無效的物件名稱 'Member'。
2022/8/9 下午 05:05:39 : SELECT     a.MemberSN,     a.UserId,     a.CName FROM     Member a with (nolock) WHERE     1=1 ORDER BY 1 OFFSET 0 ROWS FETCH FIRST 5 ROWS ONLY : 無效的物件名稱 'Member'。
2022/8/9 下午 05:05:39 : SELECT COUNT(*) FROM (SELECT * FROM (SELECT     a.MemberSN,     a.UserId,     a.CName FROM     Member a with (nolock) WHERE     1=1) allView) tmpVw : 無效的物件名稱 'Member'。
2022/8/9 下午 05:07:08 : SELECT     a.MemberSN,     a.UserId,     a.CName FROM     Member a with (nolock) WHERE     1=1 ORDER BY 1 OFFSET 0 ROWS FETCH FIRST 5 ROWS ONLY : 無效的物件名稱 'Member'。
2022/8/9 下午 05:07:08 : SELECT COUNT(*) FROM (SELECT * FROM (SELECT     a.MemberSN,     a.UserId,     a.CName FROM     Member a with (nolock) WHERE     1=1) allView) tmpVw : 無效的物件名稱 'Member'。
2022/8/9 下午 05:07:39 : SELECT     a.MemberSN,     a.UserId,     a.CName FROM     Member a with (nolock) WHERE     1=1 ORDER BY 1 OFFSET 0 ROWS FETCH FIRST 5 ROWS ONLY : 無效的物件名稱 'Member'。
2022/8/9 下午 05:07:40 : SELECT COUNT(*) FROM (SELECT * FROM (SELECT     a.MemberSN,     a.UserId,     a.CName FROM     Member a with (nolock) WHERE     1=1) allView) tmpVw : 無效的物件名稱 'Member'。
2022/8/9 下午 05:08:26 : SELECT     a.MemberSN,     a.UserId,     a.CName FROM     Member a with (nolock) WHERE     1=1 ORDER BY 1 OFFSET 0 ROWS FETCH FIRST 5 ROWS ONLY : 無效的物件名稱 'Member'。
2022/8/9 下午 05:08:26 : SELECT COUNT(*) FROM (SELECT * FROM (SELECT     a.MemberSN,     a.UserId,     a.CName FROM     Member a with (nolock) WHERE     1=1) allView) tmpVw : 無效的物件名稱 'Member'。
2022/8/9 下午 05:10:12 : SELECT     a.MemberSN,     a.UserId,     a.CName FROM     Member a with (nolock) WHERE     1=1 ORDER BY 1 OFFSET 0 ROWS FETCH FIRST 5 ROWS ONLY : 無效的物件名稱 'Member'。
2022/8/9 下午 05:10:12 : SELECT COUNT(*) FROM (SELECT * FROM (SELECT     a.MemberSN,     a.UserId,     a.CName FROM     Member a with (nolock) WHERE     1=1) allView) tmpVw : 無效的物件名稱 'Member'。
2022/8/9 下午 05:14:49 : SELECT     a.MemberSN,     a.UserId,     a.CName FROM     Member a with (nolock) WHERE     1=1 ORDER BY 1 OFFSET 0 ROWS FETCH FIRST 5 ROWS ONLY : 無效的物件名稱 'Member'。
2022/8/9 下午 05:14:49 : SELECT COUNT(*) FROM (SELECT * FROM (SELECT     a.MemberSN,     a.UserId,     a.CName FROM     Member a with (nolock) WHERE     1=1) allView) tmpVw : 無效的物件名稱 'Member'。
2022/8/9 下午 05:20:32 : SELECT     a.MemberSN,     a.UserId,     a.CName FROM     Member a with (nolock) WHERE     1=1 ORDER BY 1 OFFSET 0 ROWS FETCH FIRST 5 ROWS ONLY : 無效的物件名稱 'Member'。
2022/8/9 下午 05:20:32 : SELECT COUNT(*) FROM (SELECT * FROM (SELECT     a.MemberSN,     a.UserId,     a.CName FROM     Member a with (nolock) WHERE     1=1) allView) tmpVw : 無效的物件名稱 'Member'。
2022/8/9 下午 05:21:20 : SELECT     a.MemberSN,     a.UserId,     a.CName FROM     Member a with (nolock) WHERE     1=1 ORDER BY 1 OFFSET 0 ROWS FETCH FIRST 5 ROWS ONLY : 無效的物件名稱 'Member'。
2022/8/9 下午 05:21:20 : SELECT COUNT(*) FROM (SELECT * FROM (SELECT     a.MemberSN,     a.UserId,     a.CName FROM     Member a with (nolock) WHERE     1=1) allView) tmpVw : 無效的物件名稱 'Member'。
2022/8/9 下午 05:21:57 : SELECT     a.MemberSN,     a.UserId,     a.CName FROM     Member a with (nolock) WHERE     1=1 ORDER BY 1 OFFSET 0 ROWS FETCH FIRST 5 ROWS ONLY : 無效的物件名稱 'Member'。
2022/8/9 下午 05:21:58 : SELECT COUNT(*) FROM (SELECT * FROM (SELECT     a.MemberSN,     a.UserId,     a.CName FROM     Member a with (nolock) WHERE     1=1) allView) tmpVw : 無效的物件名稱 'Member'。
2022/8/9 下午 05:22:03 : select distinct road from OpenDataRoad where city = '桃園市' and site = '蘆竹區' : 無效的資料行名稱 'site'。
2022/8/9 下午 05:22:17 : select distinct road from OpenDataRoad where city = '桃園市' and site = '楊梅區' : 無效的資料行名稱 'site'。
2022/8/9 下午 05:24:58 : SELECT     a.MemberSN,     a.UserId,     a.CName FROM     Member a with (nolock) WHERE     1=1 ORDER BY 1 OFFSET 0 ROWS FETCH FIRST 5 ROWS ONLY : 無效的物件名稱 'Member'。
2022/8/9 下午 05:24:59 : SELECT COUNT(*) FROM (SELECT * FROM (SELECT     a.MemberSN,     a.UserId,     a.CName FROM     Member a with (nolock) WHERE     1=1) allView) tmpVw : 無效的物件名稱 'Member'。
2022/8/9 下午 05:27:47 : SELECT     a.MemberSN,     a.UserId,     a.CName FROM     Member a with (nolock) WHERE     1=1 ORDER BY 1 OFFSET 0 ROWS FETCH FIRST 5 ROWS ONLY : 無效的物件名稱 'Member'。
2022/8/9 下午 05:27:47 : SELECT COUNT(*) FROM (SELECT * FROM (SELECT     a.MemberSN,     a.UserId,     a.CName FROM     Member a with (nolock) WHERE     1=1) allView) tmpVw : 無效的物件名稱 'Member'。
2022/8/9 下午 05:28:20 : SELECT     a.MemberSN,     a.UserId,     a.CName FROM     Member a with (nolock) WHERE     1=1 ORDER BY 1 OFFSET 0 ROWS FETCH FIRST 5 ROWS ONLY : 無效的物件名稱 'Member'。
2022/8/9 下午 05:28:21 : SELECT COUNT(*) FROM (SELECT * FROM (SELECT     a.MemberSN,     a.UserId,     a.CName FROM     Member a with (nolock) WHERE     1=1) allView) tmpVw : 無效的物件名稱 'Member'。
2022/8/9 下午 05:29:02 : SELECT     a.MemberSN,     a.UserId,     a.CName FROM     Member a with (nolock) WHERE     1=1 ORDER BY 1 OFFSET 0 ROWS FETCH FIRST 5 ROWS ONLY : 無效的物件名稱 'Member'。
2022/8/9 下午 05:29:02 : SELECT COUNT(*) FROM (SELECT * FROM (SELECT     a.MemberSN,     a.UserId,     a.CName FROM     Member a with (nolock) WHERE     1=1) allView) tmpVw : 無效的物件名稱 'Member'。
2022/8/9 下午 05:30:19 : SELECT     a.MemberSN,     a.UserId,     a.CName FROM     Member a with (nolock) WHERE     1=1 ORDER BY 1 OFFSET 0 ROWS FETCH FIRST 5 ROWS ONLY : 無效的物件名稱 'Member'。
2022/8/9 下午 05:30:19 : SELECT COUNT(*) FROM (SELECT * FROM (SELECT     a.MemberSN,     a.UserId,     a.CName FROM     Member a with (nolock) WHERE     1=1) allView) tmpVw : 無效的物件名稱 'Member'。
2022/8/9 下午 05:31:07 : SELECT     a.MemberSN,     a.UserId,     a.CName FROM     Member a with (nolock) WHERE     1=1 ORDER BY 1 OFFSET 0 ROWS FETCH FIRST 5 ROWS ONLY : 無效的物件名稱 'Member'。
2022/8/9 下午 05:31:07 : SELECT COUNT(*) FROM (SELECT * FROM (SELECT     a.MemberSN,     a.UserId,     a.CName FROM     Member a with (nolock) WHERE     1=1) allView) tmpVw : 無效的物件名稱 'Member'。
2022/8/9 下午 05:31:51 : SELECT     a.MemberSN,     a.UserId,     a.CName FROM     Member a with (nolock) WHERE     1=1 ORDER BY 1 OFFSET 0 ROWS FETCH FIRST 5 ROWS ONLY : 無效的物件名稱 'Member'。
2022/8/9 下午 05:31:52 : SELECT COUNT(*) FROM (SELECT * FROM (SELECT     a.MemberSN,     a.UserId,     a.CName FROM     Member a with (nolock) WHERE     1=1) allView) tmpVw : 無效的物件名稱 'Member'。
2022/8/9 下午 05:32:31 : SELECT     a.MemberSN,     a.UserId,     a.CName FROM     Member a with (nolock) WHERE     1=1 ORDER BY 1 OFFSET 0 ROWS FETCH FIRST 5 ROWS ONLY : 無效的物件名稱 'Member'。
2022/8/9 下午 05:32:31 : SELECT COUNT(*) FROM (SELECT * FROM (SELECT     a.MemberSN,     a.UserId,     a.CName FROM     Member a with (nolock) WHERE     1=1) allView) tmpVw : 無效的物件名稱 'Member'。
2022/8/9 下午 05:32:58 : SELECT     a.MemberSN,     a.UserId,     a.CName FROM     Member a with (nolock) WHERE     1=1 ORDER BY 1 OFFSET 0 ROWS FETCH FIRST 5 ROWS ONLY : 無效的物件名稱 'Member'。
2022/8/9 下午 05:32:58 : SELECT COUNT(*) FROM (SELECT * FROM (SELECT     a.MemberSN,     a.UserId,     a.CName FROM     Member a with (nolock) WHERE     1=1) allView) tmpVw : 無效的物件名稱 'Member'。
2022/8/9 下午 05:33:54 : SELECT     a.MemberSN,     a.UserId,     a.CName FROM     Member a with (nolock) WHERE     1=1 ORDER BY 1 OFFSET 0 ROWS FETCH FIRST 5 ROWS ONLY : 無效的物件名稱 'Member'。
2022/8/9 下午 05:33:54 : SELECT COUNT(*) FROM (SELECT * FROM (SELECT     a.MemberSN,     a.UserId,     a.CName FROM     Member a with (nolock) WHERE     1=1) allView) tmpVw : 無效的物件名稱 'Member'。
2022/8/9 下午 05:34:26 : SELECT     a.MemberSN,     a.UserId,     a.CName FROM     Member a with (nolock) WHERE     1=1 ORDER BY 1 OFFSET 0 ROWS FETCH FIRST 5 ROWS ONLY : 無效的物件名稱 'Member'。
2022/8/9 下午 05:34:26 : SELECT COUNT(*) FROM (SELECT * FROM (SELECT     a.MemberSN,     a.UserId,     a.CName FROM     Member a with (nolock) WHERE     1=1) allView) tmpVw : 無效的物件名稱 'Member'。
2022/8/9 下午 05:35:21 : SELECT     a.MemberSN,     a.UserId,     a.CName FROM     Member a with (nolock) WHERE     1=1 ORDER BY 1 OFFSET 0 ROWS FETCH FIRST 5 ROWS ONLY : 無效的物件名稱 'Member'。
2022/8/9 下午 05:35:22 : SELECT COUNT(*) FROM (SELECT * FROM (SELECT     a.MemberSN,     a.UserId,     a.CName FROM     Member a with (nolock) WHERE     1=1) allView) tmpVw : 無效的物件名稱 'Member'。
2022/8/9 下午 05:36:39 : SELECT     a.MemberSN,     a.UserId,     a.CName FROM     Member a with (nolock) WHERE     1=1 ORDER BY 1 OFFSET 0 ROWS FETCH FIRST 5 ROWS ONLY : 無效的物件名稱 'Member'。
2022/8/9 下午 05:36:39 : SELECT COUNT(*) FROM (SELECT * FROM (SELECT     a.MemberSN,     a.UserId,     a.CName FROM     Member a with (nolock) WHERE     1=1) allView) tmpVw : 無效的物件名稱 'Member'。
2022/8/9 下午 05:37:09 : SELECT     a.MemberSN,     a.UserId,     a.CName FROM     Member a with (nolock) WHERE     1=1 ORDER BY 1 OFFSET 0 ROWS FETCH FIRST 5 ROWS ONLY : 無效的物件名稱 'Member'。
2022/8/9 下午 05:37:10 : SELECT COUNT(*) FROM (SELECT * FROM (SELECT     a.MemberSN,     a.UserId,     a.CName FROM     Member a with (nolock) WHERE     1=1) allView) tmpVw : 無效的物件名稱 'Member'。
2022/8/9 下午 05:39:42 : SELECT     a.MemberSN,     a.UserId,     a.CName FROM     Member a with (nolock) WHERE     1=1 ORDER BY 1 OFFSET 0 ROWS FETCH FIRST 5 ROWS ONLY : 無效的物件名稱 'Member'。
2022/8/9 下午 05:39:42 : SELECT COUNT(*) FROM (SELECT * FROM (SELECT     a.MemberSN,     a.UserId,     a.CName FROM     Member a with (nolock) WHERE     1=1) allView) tmpVw : 無效的物件名稱 'Member'。
2022/8/9 下午 05:40:20 : SELECT     a.MemberSN,     a.UserId,     a.CName FROM     Member a with (nolock) WHERE     1=1 ORDER BY 1 OFFSET 0 ROWS FETCH FIRST 5 ROWS ONLY : 無效的物件名稱 'Member'。
2022/8/9 下午 05:40:21 : SELECT COUNT(*) FROM (SELECT * FROM (SELECT     a.MemberSN,     a.UserId,     a.CName FROM     Member a with (nolock) WHERE     1=1) allView) tmpVw : 無效的物件名稱 'Member'。
2022/8/9 下午 05:40:48 : SELECT     a.MemberSN,     a.UserId,     a.CName FROM     Member a with (nolock) WHERE     1=1 ORDER BY 1 OFFSET 0 ROWS FETCH FIRST 5 ROWS ONLY : 無效的物件名稱 'Member'。
2022/8/9 下午 05:40:49 : SELECT COUNT(*) FROM (SELECT * FROM (SELECT     a.MemberSN,     a.UserId,     a.CName FROM     Member a with (nolock) WHERE     1=1) allView) tmpVw : 無效的物件名稱 'Member'。
2022/8/9 下午 05:41:26 : SELECT     a.MemberSN,     a.UserId,     a.CName FROM     Member a with (nolock) WHERE     1=1 ORDER BY 1 OFFSET 0 ROWS FETCH FIRST 5 ROWS ONLY : 無效的物件名稱 'Member'。
2022/8/9 下午 05:41:26 : SELECT COUNT(*) FROM (SELECT * FROM (SELECT     a.MemberSN,     a.UserId,     a.CName FROM     Member a with (nolock) WHERE     1=1) allView) tmpVw : 無效的物件名稱 'Member'。
2022/8/9 下午 05:41:56 : SELECT     a.MemberSN,     a.UserId,     a.CName FROM     Member a with (nolock) WHERE     1=1 ORDER BY 1 OFFSET 0 ROWS FETCH FIRST 5 ROWS ONLY : 無效的物件名稱 'Member'。
2022/8/9 下午 05:41:57 : SELECT COUNT(*) FROM (SELECT * FROM (SELECT     a.MemberSN,     a.UserId,     a.CName FROM     Member a with (nolock) WHERE     1=1) allView) tmpVw : 無效的物件名稱 'Member'。
2022/8/9 下午 05:42:49 : SELECT     a.MemberSN,     a.UserId,     a.CName FROM     Member a with (nolock) WHERE     1=1 ORDER BY 1 OFFSET 0 ROWS FETCH FIRST 5 ROWS ONLY : 無效的物件名稱 'Member'。
2022/8/9 下午 05:42:50 : SELECT COUNT(*) FROM (SELECT * FROM (SELECT     a.MemberSN,     a.UserId,     a.CName FROM     Member a with (nolock) WHERE     1=1) allView) tmpVw : 無效的物件名稱 'Member'。
2022/8/9 下午 05:42:54 : SELECT     a.MemberSN,     a.UserId,     a.CName FROM     Member a with (nolock) WHERE     1=1 ORDER BY 1 OFFSET 0 ROWS FETCH FIRST 5 ROWS ONLY : 無效的物件名稱 'Member'。
2022/8/9 下午 05:42:54 : SELECT COUNT(*) FROM (SELECT * FROM (SELECT     a.MemberSN,     a.UserId,     a.CName FROM     Member a with (nolock) WHERE     1=1) allView) tmpVw : 無效的物件名稱 'Member'。
2022/8/9 下午 05:43:40 : SELECT     a.MemberSN,     a.UserId,     a.CName FROM     Member a with (nolock) WHERE     1=1 ORDER BY 1 OFFSET 0 ROWS FETCH FIRST 5 ROWS ONLY : 無效的物件名稱 'Member'。
2022/8/9 下午 05:43:41 : SELECT COUNT(*) FROM (SELECT * FROM (SELECT     a.MemberSN,     a.UserId,     a.CName FROM     Member a with (nolock) WHERE     1=1) allView) tmpVw : 無效的物件名稱 'Member'。
2022/8/9 下午 05:44:14 : SELECT     a.MemberSN,     a.UserId,     a.CName FROM     Member a with (nolock) WHERE     1=1 ORDER BY 1 OFFSET 0 ROWS FETCH FIRST 5 ROWS ONLY : 無效的物件名稱 'Member'。
2022/8/9 下午 05:44:14 : SELECT COUNT(*) FROM (SELECT * FROM (SELECT     a.MemberSN,     a.UserId,     a.CName FROM     Member a with (nolock) WHERE     1=1) allView) tmpVw : 無效的物件名稱 'Member'。
2022/8/9 下午 05:44:37 : SELECT     a.MemberSN,     a.UserId,     a.CName FROM     Member a with (nolock) WHERE     1=1 ORDER BY 1 OFFSET 0 ROWS FETCH FIRST 5 ROWS ONLY : 無效的物件名稱 'Member'。
2022/8/9 下午 05:44:37 : SELECT COUNT(*) FROM (SELECT * FROM (SELECT     a.MemberSN,     a.UserId,     a.CName FROM     Member a with (nolock) WHERE     1=1) allView) tmpVw : 無效的物件名稱 'Member'。
2022/8/9 下午 05:45:55 : SELECT     a.MemberSN,     a.UserId,     a.CName FROM     Member a with (nolock) WHERE     1=1 ORDER BY 1 OFFSET 0 ROWS FETCH FIRST 5 ROWS ONLY : 無效的物件名稱 'Member'。
2022/8/9 下午 05:45:55 : SELECT COUNT(*) FROM (SELECT * FROM (SELECT     a.MemberSN,     a.UserId,     a.CName FROM     Member a with (nolock) WHERE     1=1) allView) tmpVw : 無效的物件名稱 'Member'。
2022/8/9 下午 05:47:28 : SELECT     a.MemberSN,     a.UserId,     a.CName FROM     Member a with (nolock) WHERE     1=1 ORDER BY 1 OFFSET 0 ROWS FETCH FIRST 5 ROWS ONLY : 無效的物件名稱 'Member'。
2022/8/9 下午 05:47:28 : SELECT COUNT(*) FROM (SELECT * FROM (SELECT     a.MemberSN,     a.UserId,     a.CName FROM     Member a with (nolock) WHERE     1=1) allView) tmpVw : 無效的物件名稱 'Member'。
2022/8/9 下午 05:48:21 : SELECT     a.MemberSN,     a.UserId,     a.CName FROM     Member a with (nolock) WHERE     1=1 ORDER BY 1 OFFSET 0 ROWS FETCH FIRST 5 ROWS ONLY : 無效的物件名稱 'Member'。
2022/8/9 下午 05:48:21 : SELECT COUNT(*) FROM (SELECT * FROM (SELECT     a.MemberSN,     a.UserId,     a.CName FROM     Member a with (nolock) WHERE     1=1) allView) tmpVw : 無效的物件名稱 'Member'。
2022/8/9 下午 05:49:22 : SELECT     a.MemberSN,     a.UserId,     a.CName FROM     Member a with (nolock) WHERE     1=1 ORDER BY 1 OFFSET 0 ROWS FETCH FIRST 5 ROWS ONLY : 無效的物件名稱 'Member'。
2022/8/9 下午 05:49:22 : SELECT COUNT(*) FROM (SELECT * FROM (SELECT     a.MemberSN,     a.UserId,     a.CName FROM     Member a with (nolock) WHERE     1=1) allView) tmpVw : 無效的物件名稱 'Member'。
2022/8/9 下午 05:51:02 : SELECT     a.MemberSN,     a.UserId,     a.CName FROM     Member a with (nolock) WHERE     1=1 ORDER BY 1 OFFSET 0 ROWS FETCH FIRST 5 ROWS ONLY : 無效的物件名稱 'Member'。
2022/8/9 下午 05:51:02 : SELECT COUNT(*) FROM (SELECT * FROM (SELECT     a.MemberSN,     a.UserId,     a.CName FROM     Member a with (nolock) WHERE     1=1) allView) tmpVw : 無效的物件名稱 'Member'。
2022/8/9 下午 05:53:03 : SELECT     a.MemberSN,     a.UserId,     a.CName FROM     Member a with (nolock) WHERE     1=1 ORDER BY 1 OFFSET 0 ROWS FETCH FIRST 5 ROWS ONLY : 無效的物件名稱 'Member'。
2022/8/9 下午 05:53:03 : SELECT COUNT(*) FROM (SELECT * FROM (SELECT     a.MemberSN,     a.UserId,     a.CName FROM     Member a with (nolock) WHERE     1=1) allView) tmpVw : 無效的物件名稱 'Member'。
2022/8/9 下午 10:59:30 : SELECT     a.MemberSN,     a.UserId,     a.CName FROM     Member a with (nolock) WHERE     1=1 ORDER BY 1 OFFSET 0 ROWS FETCH FIRST 5 ROWS ONLY : 無效的物件名稱 'Member'。
2022/8/9 下午 10:59:30 : SELECT COUNT(*) FROM (SELECT * FROM (SELECT     a.MemberSN,     a.UserId,     a.CName FROM     Member a with (nolock) WHERE     1=1) allView) tmpVw : 無效的物件名稱 'Member'。
2022/8/9 下午 11:00:06 : SELECT     a.MemberSN,     a.UserId,     a.CName FROM     Member a with (nolock) WHERE     1=1 ORDER BY 1 OFFSET 0 ROWS FETCH FIRST 5 ROWS ONLY : 無效的物件名稱 'Member'。
2022/8/9 下午 11:00:07 : SELECT COUNT(*) FROM (SELECT * FROM (SELECT     a.MemberSN,     a.UserId,     a.CName FROM     Member a with (nolock) WHERE     1=1) allView) tmpVw : 無效的物件名稱 'Member'。
2022/8/9 下午 11:01:43 : SELECT     a.MemberSN,     a.UserId,     a.CName FROM     Member a with (nolock) WHERE     1=1 ORDER BY 1 OFFSET 0 ROWS FETCH FIRST 5 ROWS ONLY : 無效的物件名稱 'Member'。
2022/8/9 下午 11:01:43 : SELECT COUNT(*) FROM (SELECT * FROM (SELECT     a.MemberSN,     a.UserId,     a.CName FROM     Member a with (nolock) WHERE     1=1) allView) tmpVw : 無效的物件名稱 'Member'。
2022/8/9 下午 11:02:20 : SELECT     a.MemberSN,     a.UserId,     a.CName FROM     Member a with (nolock) WHERE     1=1 ORDER BY 1 OFFSET 0 ROWS FETCH FIRST 5 ROWS ONLY : 無效的物件名稱 'Member'。
2022/8/9 下午 11:02:20 : SELECT COUNT(*) FROM (SELECT * FROM (SELECT     a.MemberSN,     a.UserId,     a.CName FROM     Member a with (nolock) WHERE     1=1) allView) tmpVw : 無效的物件名稱 'Member'。
2022/8/9 下午 11:05:34 : SELECT     a.MemberSN,     a.UserId,     a.CName FROM     Member a with (nolock) WHERE     1=1 ORDER BY 1 OFFSET 0 ROWS FETCH FIRST 5 ROWS ONLY : 無效的物件名稱 'Member'。
2022/8/9 下午 11:05:34 : SELECT COUNT(*) FROM (SELECT * FROM (SELECT     a.MemberSN,     a.UserId,     a.CName FROM     Member a with (nolock) WHERE     1=1) allView) tmpVw : 無效的物件名稱 'Member'。
2022/8/9 下午 11:11:03 : SELECT     a.MemberSN,     a.UserId,     a.CName FROM     Member a with (nolock) WHERE     1=1 ORDER BY 1 OFFSET 0 ROWS FETCH FIRST 5 ROWS ONLY : 無效的物件名稱 'Member'。
2022/8/9 下午 11:11:03 : SELECT COUNT(*) FROM (SELECT * FROM (SELECT     a.MemberSN,     a.UserId,     a.CName FROM     Member a with (nolock) WHERE     1=1) allView) tmpVw : 無效的物件名稱 'Member'。
2022/8/9 下午 11:16:44 : SELECT     a.MemberSN,     a.UserId,     a.CName FROM     Member a with (nolock) WHERE     1=1 ORDER BY 1 OFFSET 0 ROWS FETCH FIRST 5 ROWS ONLY : 無效的物件名稱 'Member'。
2022/8/9 下午 11:16:44 : SELECT COUNT(*) FROM (SELECT * FROM (SELECT     a.MemberSN,     a.UserId,     a.CName FROM     Member a with (nolock) WHERE     1=1) allView) tmpVw : 無效的物件名稱 'Member'。
2022/8/9 下午 11:24:48 : SELECT     a.MemberSN,     a.UserId,     a.CName FROM     Member a with (nolock) WHERE     1=1 ORDER BY 1 OFFSET 0 ROWS FETCH FIRST 5 ROWS ONLY : 無效的物件名稱 'Member'。
2022/8/9 下午 11:24:49 : SELECT COUNT(*) FROM (SELECT * FROM (SELECT     a.MemberSN,     a.UserId,     a.CName FROM     Member a with (nolock) WHERE     1=1) allView) tmpVw : 無效的物件名稱 'Member'。
2022/8/9 下午 11:26:22 : SELECT     a.MemberSN,     a.UserId,     a.CName FROM     Member a with (nolock) WHERE     1=1 ORDER BY 1 OFFSET 0 ROWS FETCH FIRST 5 ROWS ONLY : 無效的物件名稱 'Member'。
2022/8/9 下午 11:26:22 : SELECT COUNT(*) FROM (SELECT * FROM (SELECT     a.MemberSN,     a.UserId,     a.CName FROM     Member a with (nolock) WHERE     1=1) allView) tmpVw : 無效的物件名稱 'Member'。
2022/8/9 下午 11:30:52 : SELECT     a.MemberSN,     a.UserId,     a.CName FROM     Member a with (nolock) WHERE     1=1 ORDER BY 1 OFFSET 0 ROWS FETCH FIRST 5 ROWS ONLY : 無效的物件名稱 'Member'。
2022/8/9 下午 11:30:52 : SELECT COUNT(*) FROM (SELECT * FROM (SELECT     a.MemberSN,     a.UserId,     a.CName FROM     Member a with (nolock) WHERE     1=1) allView) tmpVw : 無效的物件名稱 'Member'。
2022/8/9 下午 11:32:40 : SELECT     a.MemberSN,     a.UserId,     a.CName FROM     Member a with (nolock) WHERE     1=1 ORDER BY 1 OFFSET 0 ROWS FETCH FIRST 5 ROWS ONLY : 無效的物件名稱 'Member'。
2022/8/9 下午 11:32:40 : SELECT COUNT(*) FROM (SELECT * FROM (SELECT     a.MemberSN,     a.UserId,     a.CName FROM     Member a with (nolock) WHERE     1=1) allView) tmpVw : 無效的物件名稱 'Member'。
2022/8/9 下午 11:40:45 : SELECT     a.MemberSN,     a.UserId,     a.CName FROM     Member a with (nolock) WHERE     1=1 ORDER BY 1 OFFSET 0 ROWS FETCH FIRST 5 ROWS ONLY : 無效的物件名稱 'Member'。
2022/8/9 下午 11:40:45 : SELECT COUNT(*) FROM (SELECT * FROM (SELECT     a.MemberSN,     a.UserId,     a.CName FROM     Member a with (nolock) WHERE     1=1) allView) tmpVw : 無效的物件名稱 'Member'。
2022/8/9 下午 11:42:18 : SELECT     a.MemberSN,     a.UserId,     a.CName FROM     Member a with (nolock) WHERE     1=1 ORDER BY 1 OFFSET 0 ROWS FETCH FIRST 5 ROWS ONLY : 無效的物件名稱 'Member'。
2022/8/9 下午 11:42:18 : SELECT COUNT(*) FROM (SELECT * FROM (SELECT     a.MemberSN,     a.UserId,     a.CName FROM     Member a with (nolock) WHERE     1=1) allView) tmpVw : 無效的物件名稱 'Member'。
